[0.000000] (-) TimerEvent: {}
[0.003747] (miniCart) JobQueued: {'identifier': 'miniCart', 'dependencies': OrderedDict()}
[0.003976] (miniCart) JobStarted: {'identifier': 'miniCart'}
[0.041122] (miniCart) JobProgress: {'identifier': 'miniCart', 'progress': 'cmake'}
[0.041973] (miniCart) Command: {'cmd': ['/usr/bin/cmake', '/home/nano/miniCart_ws/src/miniCart', '-DAMENT_CMAKE_SYMLINK_INSTALL=1', '-DCMAKE_INSTALL_PREFIX=/home/nano/miniCart_ws/install/miniCart'], 'cwd': '/home/nano/miniCart_ws/build/miniCart', 'env': OrderedDict([('USER', 'nano'), ('SSH_CLIENT', '192.168.0.181 54560 22'), ('XDG_SESSION_TYPE', 'tty'), ('GIT_ASKPASS', '/home/nano/.vscode-server/bin/252e5463d60e63238250799aef7375787f68b4ee/extensions/git/dist/askpass.sh'), ('SHLVL', '2'), ('LD_LIBRARY_PATH', '/opt/ros/foxy/opt/yaml_cpp_vendor/lib:/opt/ros/foxy/lib/aarch64-linux-gnu:/opt/ros/foxy/lib'), ('BROWSER', '/home/nano/.vscode-server/bin/252e5463d60e63238250799aef7375787f68b4ee/bin/helpers/browser.sh'), ('MOTD_SHOWN', 'pam'), ('HOME', '/home/nano'), ('OLDPWD', '/home/nano/miniCart_ws/src'), ('TERM_PROGRAM_VERSION', '1.78.0'), ('VSCODE_IPC_HOOK_CLI', '/run/user/1000/vscode-ipc-24ea508b-698d-4ca0-b19e-ee679ebf7291.sock'), ('ROS_PYTHON_VERSION', '3'), ('VSCODE_GIT_ASKPASS_MAIN', '/home/nano/.vscode-server/bin/252e5463d60e63238250799aef7375787f68b4ee/extensions/git/dist/askpass-main.js'), ('VSCODE_GIT_ASKPASS_NODE', '/home/nano/.vscode-server/bin/252e5463d60e63238250799aef7375787f68b4ee/node'), ('DBUS_SESSION_BUS_ADDRESS', 'unix:path=/run/user/1000/bus'), ('COLORTERM', 'truecolor'), ('ROS_DISTRO', 'foxy'), ('LOGNAME', 'nano'), ('_', '/usr/bin/colcon'), ('ROS_VERSION', '2'), ('XDG_SESSION_CLASS', 'user'), ('TERM', 'xterm-256color'), ('XDG_SESSION_ID', '4'), ('ROS_LOCALHOST_ONLY', '0'), ('PATH', '/home/nano/.vscode-server/bin/252e5463d60e63238250799aef7375787f68b4ee/bin/remote-cli:/opt/ros/foxy/bin:/usr/local/sbin:/usr/local/bin:/usr/sbin:/usr/bin:/sbin:/bin:/usr/games:/usr/local/games:/snap/bin'), ('XDG_RUNTIME_DIR', '/run/user/1000'), ('LANG', 'en_US.UTF-8'), ('VSCODE_GIT_IPC_HANDLE', '/run/user/1000/vscode-git-4882ab7b52.sock'), ('TERM_PROGRAM', 'vscode'), ('AMENT_PREFIX_PATH', '/opt/ros/foxy'), ('SHELL', '/bin/bash'), ('VSCODE_GIT_ASKPASS_EXTRA_ARGS', ''), ('PWD', '/home/nano/miniCart_ws/build/miniCart'), ('LC_ALL', 'en_US.UTF-8'), ('SSH_CONNECTION', '192.168.0.181 54560 192.168.0.194 22'), ('XDG_DATA_DIRS', '/usr/local/share:/usr/share:/var/lib/snapd/desktop'), ('PYTHONPATH', '/opt/ros/foxy/lib/python3.8/site-packages'), ('COLCON', '1'), ('CMAKE_PREFIX_PATH', '/opt/ros/foxy')]), 'shell': False}
[0.096900] (-) TimerEvent: {}
[0.197678] (-) TimerEvent: {}
[0.240956] (miniCart) StdoutLine: {'line': b'-- The C compiler identification is GNU 9.4.0\n'}
[0.297902] (-) TimerEvent: {}
[0.398609] (-) TimerEvent: {}
[0.425096] (miniCart) StdoutLine: {'line': b'-- The CXX compiler identification is GNU 9.4.0\n'}
[0.441374] (miniCart) StdoutLine: {'line': b'-- Check for working C compiler: /usr/bin/cc\n'}
[0.498850] (-) TimerEvent: {}
[0.599502] (-) TimerEvent: {}
[0.661628] (miniCart) StdoutLine: {'line': b'-- Check for working C compiler: /usr/bin/cc -- works\n'}
[0.665234] (miniCart) StdoutLine: {'line': b'-- Detecting C compiler ABI info\n'}
[0.699735] (-) TimerEvent: {}
[0.800410] (-) TimerEvent: {}
[0.900679] (miniCart) StdoutLine: {'line': b'-- Detecting C compiler ABI info - done\n'}
[0.901475] (-) TimerEvent: {}
[0.949993] (miniCart) StdoutLine: {'line': b'-- Detecting C compile features\n'}
[0.951253] (miniCart) StdoutLine: {'line': b'-- Detecting C compile features - done\n'}
[0.960524] (miniCart) StdoutLine: {'line': b'-- Check for working CXX compiler: /usr/bin/c++\n'}
[1.001690] (-) TimerEvent: {}
[1.102392] (-) TimerEvent: {}
[1.203074] (-) TimerEvent: {}
[1.224392] (miniCart) StdoutLine: {'line': b'-- Check for working CXX compiler: /usr/bin/c++ -- works\n'}
[1.229233] (miniCart) StdoutLine: {'line': b'-- Detecting CXX compiler ABI info\n'}
[1.303352] (-) TimerEvent: {}
[1.403983] (-) TimerEvent: {}
[1.494872] (miniCart) StdoutLine: {'line': b'-- Detecting CXX compiler ABI info - done\n'}
[1.504165] (-) TimerEvent: {}
[1.545162] (miniCart) StdoutLine: {'line': b'-- Detecting CXX compile features\n'}
[1.547088] (miniCart) StdoutLine: {'line': b'-- Detecting CXX compile features - done\n'}
[1.556300] (miniCart) StdoutLine: {'line': b'-- Found ament_cmake: 0.9.11 (/opt/ros/foxy/share/ament_cmake/cmake)\n'}
[1.604375] (-) TimerEvent: {}
[1.621922] (miniCart) StdoutLine: {'line': b'-- Found PythonInterp: /usr/bin/python3 (found suitable version "3.8.10", minimum required is "3") \n'}
[1.622904] (miniCart) StdoutLine: {'line': b'-- Using PYTHON_EXECUTABLE: /usr/bin/python3\n'}
[1.704599] (-) TimerEvent: {}
[1.805175] (-) TimerEvent: {}
[1.905741] (-) TimerEvent: {}
[2.006334] (-) TimerEvent: {}
[2.106951] (-) TimerEvent: {}
[2.207627] (-) TimerEvent: {}
[2.223553] (miniCart) StdoutLine: {'line': b'-- Override CMake install command with custom implementation using symlinks instead of copying resources\n'}
[2.307842] (-) TimerEvent: {}
[2.311824] (miniCart) StdoutLine: {'line': b'-- Found ament_lint_auto: 0.9.8 (/opt/ros/foxy/share/ament_lint_auto/cmake)\n'}
[2.408057] (-) TimerEvent: {}
[2.487957] (miniCart) StderrLine: {'line': b'WARNING: Package name "miniCart" does not follow the naming conventions. It should start with a lower case letter and only contain lower case letters, digits, underscores, and dashes.\n'}
[2.508336] (-) TimerEvent: {}
[2.597552] (miniCart) StdoutLine: {'line': b"-- Added test 'copyright' to check source files copyright and LICENSE\n"}
[2.608515] (-) TimerEvent: {}
[2.657901] (miniCart) StdoutLine: {'line': b"-- Added test 'cppcheck' to perform static code analysis on C / C++ code\n"}
[2.658659] (miniCart) StdoutLine: {'line': b'-- Configured cppcheck include dirs: \n'}
[2.659063] (miniCart) StdoutLine: {'line': b'-- Configured cppcheck exclude dirs and/or files: \n'}
[2.708701] (-) TimerEvent: {}
[2.717446] (miniCart) StdoutLine: {'line': b"-- Added test 'cpplint' to check C / C++ code against the Google style\n"}
[2.718024] (miniCart) StdoutLine: {'line': b'-- Configured cpplint exclude dirs and/or files: \n'}
[2.726677] (miniCart) StdoutLine: {'line': b"-- Added test 'flake8' to check Python code syntax and style conventions\n"}
[2.742686] (miniCart) StdoutLine: {'line': b"-- Added test 'lint_cmake' to check CMake code style\n"}
[2.751520] (miniCart) StdoutLine: {'line': b"-- Added test 'pep257' to check Python code against some of the style conventions in PEP 257\n"}
[2.808867] (-) TimerEvent: {}
[2.809927] (miniCart) StdoutLine: {'line': b"-- Added test 'uncrustify' to check C / C++ code style\n"}
[2.810492] (miniCart) StdoutLine: {'line': b'-- Configured uncrustify additional arguments: \n'}
[2.819307] (miniCart) StdoutLine: {'line': b"-- Added test 'xmllint' to check XML markup files\n"}
[2.829030] (miniCart) StdoutLine: {'line': b'-- Configuring done\n'}
[2.836797] (miniCart) StdoutLine: {'line': b'-- Generating done\n'}
[2.840367] (miniCart) StdoutLine: {'line': b'-- Build files have been written to: /home/nano/miniCart_ws/build/miniCart\n'}
[2.852326] (miniCart) CommandEnded: {'returncode': 0}
[2.857716] (miniCart) JobProgress: {'identifier': 'miniCart', 'progress': 'build'}
[2.858434] (miniCart) Command: {'cmd': ['/usr/bin/cmake', '--build', '/home/nano/miniCart_ws/build/miniCart', '--', '-j4', '-l4'], 'cwd': '/home/nano/miniCart_ws/build/miniCart', 'env': OrderedDict([('USER', 'nano'), ('SSH_CLIENT', '192.168.0.181 54560 22'), ('XDG_SESSION_TYPE', 'tty'), ('GIT_ASKPASS', '/home/nano/.vscode-server/bin/252e5463d60e63238250799aef7375787f68b4ee/extensions/git/dist/askpass.sh'), ('SHLVL', '2'), ('LD_LIBRARY_PATH', '/opt/ros/foxy/opt/yaml_cpp_vendor/lib:/opt/ros/foxy/lib/aarch64-linux-gnu:/opt/ros/foxy/lib'), ('BROWSER', '/home/nano/.vscode-server/bin/252e5463d60e63238250799aef7375787f68b4ee/bin/helpers/browser.sh'), ('MOTD_SHOWN', 'pam'), ('HOME', '/home/nano'), ('OLDPWD', '/home/nano/miniCart_ws/src'), ('TERM_PROGRAM_VERSION', '1.78.0'), ('VSCODE_IPC_HOOK_CLI', '/run/user/1000/vscode-ipc-24ea508b-698d-4ca0-b19e-ee679ebf7291.sock'), ('ROS_PYTHON_VERSION', '3'), ('VSCODE_GIT_ASKPASS_MAIN', '/home/nano/.vscode-server/bin/252e5463d60e63238250799aef7375787f68b4ee/extensions/git/dist/askpass-main.js'), ('VSCODE_GIT_ASKPASS_NODE', '/home/nano/.vscode-server/bin/252e5463d60e63238250799aef7375787f68b4ee/node'), ('DBUS_SESSION_BUS_ADDRESS', 'unix:path=/run/user/1000/bus'), ('COLORTERM', 'truecolor'), ('ROS_DISTRO', 'foxy'), ('LOGNAME', 'nano'), ('_', '/usr/bin/colcon'), ('ROS_VERSION', '2'), ('XDG_SESSION_CLASS', 'user'), ('TERM', 'xterm-256color'), ('XDG_SESSION_ID', '4'), ('ROS_LOCALHOST_ONLY', '0'), ('PATH', '/home/nano/.vscode-server/bin/252e5463d60e63238250799aef7375787f68b4ee/bin/remote-cli:/opt/ros/foxy/bin:/usr/local/sbin:/usr/local/bin:/usr/sbin:/usr/bin:/sbin:/bin:/usr/games:/usr/local/games:/snap/bin'), ('XDG_RUNTIME_DIR', '/run/user/1000'), ('LANG', 'en_US.UTF-8'), ('VSCODE_GIT_IPC_HANDLE', '/run/user/1000/vscode-git-4882ab7b52.sock'), ('TERM_PROGRAM', 'vscode'), ('AMENT_PREFIX_PATH', '/opt/ros/foxy'), ('SHELL', '/bin/bash'), ('VSCODE_GIT_ASKPASS_EXTRA_ARGS', ''), ('PWD', '/home/nano/miniCart_ws/build/miniCart'), ('LC_ALL', 'en_US.UTF-8'), ('SSH_CONNECTION', '192.168.0.181 54560 192.168.0.194 22'), ('XDG_DATA_DIRS', '/usr/local/share:/usr/share:/var/lib/snapd/desktop'), ('PYTHONPATH', '/opt/ros/foxy/lib/python3.8/site-packages'), ('COLCON', '1'), ('CMAKE_PREFIX_PATH', '/opt/ros/foxy')]), 'shell': False}
[2.909094] (-) TimerEvent: {}
[2.989630] (miniCart) CommandEnded: {'returncode': 0}
[3.009323] (-) TimerEvent: {}
[3.052095] (miniCart) JobProgress: {'identifier': 'miniCart', 'progress': 'install'}
[3.090481] (miniCart) Command: {'cmd': ['/usr/bin/cmake', '--install', '/home/nano/miniCart_ws/build/miniCart'], 'cwd': '/home/nano/miniCart_ws/build/miniCart', 'env': OrderedDict([('USER', 'nano'), ('SSH_CLIENT', '192.168.0.181 54560 22'), ('XDG_SESSION_TYPE', 'tty'), ('GIT_ASKPASS', '/home/nano/.vscode-server/bin/252e5463d60e63238250799aef7375787f68b4ee/extensions/git/dist/askpass.sh'), ('SHLVL', '2'), ('LD_LIBRARY_PATH', '/opt/ros/foxy/opt/yaml_cpp_vendor/lib:/opt/ros/foxy/lib/aarch64-linux-gnu:/opt/ros/foxy/lib'), ('BROWSER', '/home/nano/.vscode-server/bin/252e5463d60e63238250799aef7375787f68b4ee/bin/helpers/browser.sh'), ('MOTD_SHOWN', 'pam'), ('HOME', '/home/nano'), ('OLDPWD', '/home/nano/miniCart_ws/src'), ('TERM_PROGRAM_VERSION', '1.78.0'), ('VSCODE_IPC_HOOK_CLI', '/run/user/1000/vscode-ipc-24ea508b-698d-4ca0-b19e-ee679ebf7291.sock'), ('ROS_PYTHON_VERSION', '3'), ('VSCODE_GIT_ASKPASS_MAIN', '/home/nano/.vscode-server/bin/252e5463d60e63238250799aef7375787f68b4ee/extensions/git/dist/askpass-main.js'), ('VSCODE_GIT_ASKPASS_NODE', '/home/nano/.vscode-server/bin/252e5463d60e63238250799aef7375787f68b4ee/node'), ('DBUS_SESSION_BUS_ADDRESS', 'unix:path=/run/user/1000/bus'), ('COLORTERM', 'truecolor'), ('ROS_DISTRO', 'foxy'), ('LOGNAME', 'nano'), ('_', '/usr/bin/colcon'), ('ROS_VERSION', '2'), ('XDG_SESSION_CLASS', 'user'), ('TERM', 'xterm-256color'), ('XDG_SESSION_ID', '4'), ('ROS_LOCALHOST_ONLY', '0'), ('PATH', '/home/nano/.vscode-server/bin/252e5463d60e63238250799aef7375787f68b4ee/bin/remote-cli:/opt/ros/foxy/bin:/usr/local/sbin:/usr/local/bin:/usr/sbin:/usr/bin:/sbin:/bin:/usr/games:/usr/local/games:/snap/bin'), ('XDG_RUNTIME_DIR', '/run/user/1000'), ('LANG', 'en_US.UTF-8'), ('VSCODE_GIT_IPC_HANDLE', '/run/user/1000/vscode-git-4882ab7b52.sock'), ('TERM_PROGRAM', 'vscode'), ('AMENT_PREFIX_PATH', '/opt/ros/foxy'), ('SHELL', '/bin/bash'), ('VSCODE_GIT_ASKPASS_EXTRA_ARGS', ''), ('PWD', '/home/nano/miniCart_ws/build/miniCart'), ('LC_ALL', 'en_US.UTF-8'), ('SSH_CONNECTION', '192.168.0.181 54560 192.168.0.194 22'), ('XDG_DATA_DIRS', '/usr/local/share:/usr/share:/var/lib/snapd/desktop'), ('PYTHONPATH', '/opt/ros/foxy/lib/python3.8/site-packages'), ('COLCON', '1'), ('CMAKE_PREFIX_PATH', '/opt/ros/foxy')]), 'shell': False}
[3.109498] (-) TimerEvent: {}
[3.117880] (miniCart) StdoutLine: {'line': b'-- Install configuration: ""\n'}
[3.119365] (miniCart) StdoutLine: {'line': b'-- Execute custom install script\n'}
[3.121709] (miniCart) StdoutLine: {'line': b'-- Symlinking: /home/nano/miniCart_ws/install/miniCart/share/miniCart/config/drive_bot.rviz\n'}
[3.150117] (miniCart) StdoutLine: {'line': b'-- Symlinking: /home/nano/miniCart_ws/install/miniCart/share/miniCart/config/empty.yaml\n'}
[3.178321] (miniCart) StdoutLine: {'line': b'-- Symlinking: /home/nano/miniCart_ws/install/miniCart/share/miniCart/config/view_bot_rviz.rviz\n'}
[3.207712] (miniCart) StdoutLine: {'line': b'-- Symlinking: /home/nano/miniCart_ws/install/miniCart/share/miniCart/description/gazebo_control.xacro\n'}
[3.209608] (-) TimerEvent: {}
[3.236990] (miniCart) StdoutLine: {'line': b'-- Symlinking: /home/nano/miniCart_ws/install/miniCart/share/miniCart/description/inertial_macros.xacro\n'}
[3.266097] (miniCart) StdoutLine: {'line': b'-- Symlinking: /home/nano/miniCart_ws/install/miniCart/share/miniCart/description/robot.urdf.xacro\n'}
[3.294563] (miniCart) StdoutLine: {'line': b'-- Symlinking: /home/nano/miniCart_ws/install/miniCart/share/miniCart/description/robot_core.xacro\n'}
[3.309837] (-) TimerEvent: {}
[3.324664] (miniCart) StdoutLine: {'line': b'-- Symlinking: /home/nano/miniCart_ws/install/miniCart/share/miniCart/launch/launch_sim.launch.py\n'}
[3.353438] (miniCart) StdoutLine: {'line': b'-- Symlinking: /home/nano/miniCart_ws/install/miniCart/share/miniCart/launch/rsp.launch.py\n'}
[3.383826] (miniCart) StdoutLine: {'line': b'-- Symlinking: /home/nano/miniCart_ws/install/miniCart/share/miniCart/worlds/Kitchen.world\n'}
[3.410076] (-) TimerEvent: {}
[3.415442] (miniCart) StdoutLine: {'line': b'-- Symlinking: /home/nano/miniCart_ws/install/miniCart/share/miniCart/worlds/empty.world\n'}
[3.444937] (miniCart) StdoutLine: {'line': b'-- Symlinking: /home/nano/miniCart_ws/install/miniCart/share/ament_index/resource_index/package_run_dependencies/miniCart\n'}
[3.476808] (miniCart) StdoutLine: {'line': b'-- Symlinking: /home/nano/miniCart_ws/install/miniCart/share/ament_index/resource_index/parent_prefix_path/miniCart\n'}
[3.506670] (miniCart) StdoutLine: {'line': b'-- Symlinking: /home/nano/miniCart_ws/install/miniCart/share/miniCart/environment/ament_prefix_path.sh\n'}
[3.510216] (-) TimerEvent: {}
[3.535530] (miniCart) StdoutLine: {'line': b'-- Symlinking: /home/nano/miniCart_ws/install/miniCart/share/miniCart/environment/ament_prefix_path.dsv\n'}
[3.564545] (miniCart) StdoutLine: {'line': b'-- Symlinking: /home/nano/miniCart_ws/install/miniCart/share/miniCart/environment/path.sh\n'}
[3.593939] (miniCart) StdoutLine: {'line': b'-- Symlinking: /home/nano/miniCart_ws/install/miniCart/share/miniCart/environment/path.dsv\n'}
[3.610447] (-) TimerEvent: {}
[3.623656] (miniCart) StdoutLine: {'line': b'-- Symlinking: /home/nano/miniCart_ws/install/miniCart/share/miniCart/local_setup.bash\n'}
[3.652378] (miniCart) StdoutLine: {'line': b'-- Symlinking: /home/nano/miniCart_ws/install/miniCart/share/miniCart/local_setup.sh\n'}
[3.682688] (miniCart) StdoutLine: {'line': b'-- Symlinking: /home/nano/miniCart_ws/install/miniCart/share/miniCart/local_setup.zsh\n'}
[3.710668] (-) TimerEvent: {}
[3.712284] (miniCart) StdoutLine: {'line': b'-- Symlinking: /home/nano/miniCart_ws/install/miniCart/share/miniCart/local_setup.dsv\n'}
[3.742928] (miniCart) StdoutLine: {'line': b'-- Symlinking: /home/nano/miniCart_ws/install/miniCart/share/miniCart/package.dsv\n'}
[3.772065] (miniCart) StdoutLine: {'line': b'-- Symlinking: /home/nano/miniCart_ws/install/miniCart/share/ament_index/resource_index/packages/miniCart\n'}
[3.801836] (miniCart) StdoutLine: {'line': b'-- Symlinking: /home/nano/miniCart_ws/install/miniCart/share/miniCart/cmake/miniCartConfig.cmake\n'}
[3.810840] (-) TimerEvent: {}
[3.831526] (miniCart) StdoutLine: {'line': b'-- Symlinking: /home/nano/miniCart_ws/install/miniCart/share/miniCart/cmake/miniCartConfig-version.cmake\n'}
[3.860409] (miniCart) StdoutLine: {'line': b'-- Symlinking: /home/nano/miniCart_ws/install/miniCart/share/miniCart/package.xml\n'}
[3.904712] (miniCart) CommandEnded: {'returncode': 0}
[3.917235] (-) TimerEvent: {}
[4.018080] (-) TimerEvent: {}
[4.084332] (miniCart) JobEnded: {'identifier': 'miniCart', 'rc': 0}
[4.087179] (-) EventReactorShutdown: {}
