[1.170s] DEBUG:colcon:Command line arguments: ['/usr/bin/colcon', 'build', '--symlink-install']
[1.170s] DEBUG:colcon:Parsed command line arguments: Namespace(allow_overriding=[], ament_cmake_args=None, base_paths=['.'], build_base='build', catkin_cmake_args=None, catkin_skip_building_tests=False, cmake_args=None, cmake_clean_cache=False, cmake_clean_first=False, cmake_force_configure=False, cmake_target=None, cmake_target_skip_unavailable=False, continue_on_error=False, event_handlers=None, executor='parallel', ignore_user_meta=False, install_base='install', log_base=None, log_level=None, main=<bound method BuildVerb.main of <colcon_core.verb.build.BuildVerb object at 0x7f7c03e190>>, merge_install=False, metas=['./colcon.meta'], packages_above=None, packages_above_and_dependencies=None, packages_above_depth=None, packages_end=None, packages_ignore=None, packages_ignore_regex=None, packages_select=None, packages_select_build_failed=False, packages_select_by_dep=None, packages_select_regex=None, packages_select_test_failures=False, packages_skip=None, packages_skip_build_finished=False, packages_skip_by_dep=None, packages_skip_regex=None, packages_skip_test_passed=False, packages_skip_up_to=None, packages_start=None, packages_up_to=None, packages_up_to_regex=None, parallel_workers=4, paths=None, symlink_install=True, test_result_base=None, verb_extension=<colcon_core.verb.build.BuildVerb object at 0x7f7c03e190>, verb_name='build', verb_parser=<colcon_defaults.argument_parser.defaults.DefaultArgumentsDecorator object at 0x7f7c03e6d0>)
[1.276s] Level 1:colcon.colcon_core.package_discovery:discover_packages(colcon_meta) check parameters
[1.277s] Level 1:colcon.colcon_core.package_discovery:discover_packages(recursive) check parameters
[1.277s] Level 1:colcon.colcon_core.package_discovery:discover_packages(ignore) check parameters
[1.277s] Level 1:colcon.colcon_core.package_discovery:discover_packages(path) check parameters
[1.277s] Level 1:colcon.colcon_core.package_discovery:discover_packages(colcon_meta) discover
[1.277s] Level 1:colcon.colcon_core.package_discovery:discover_packages(recursive) discover
[1.278s] INFO:colcon.colcon_core.package_discovery:Crawling recursively for packages in '/home/nano/miniCart_ws'
[1.278s] Level 1:colcon.colcon_core.package_identification:_identify(.) by extensions ['ignore', 'ignore_ament_install']
[1.278s] Level 1:colcon.colcon_core.package_identification:_identify(.) by extension 'ignore'
[1.279s] Level 1:colcon.colcon_core.package_identification:_identify(.) by extension 'ignore_ament_install'
[1.279s] Level 1:colcon.colcon_core.package_identification:_identify(.) by extensions ['colcon_pkg']
[1.279s] Level 1:colcon.colcon_core.package_identification:_identify(.) by extension 'colcon_pkg'
[1.279s] Level 1:colcon.colcon_core.package_identification:_identify(.) by extensions ['colcon_meta']
[1.279s] Level 1:colcon.colcon_core.package_identification:_identify(.) by extension 'colcon_meta'
[1.279s] Level 1:colcon.colcon_core.package_identification:_identify(.) by extensions ['ros']
[1.280s] Level 1:colcon.colcon_core.package_identification:_identify(.) by extension 'ros'
[1.363s] Level 1:colcon.colcon_core.package_identification:_identify(.) by extensions ['cmake', 'python']
[1.363s] Level 1:colcon.colcon_core.package_identification:_identify(.) by extension 'cmake'
[1.363s] Level 1:colcon.colcon_core.package_identification:_identify(.) by extension 'python'
[1.363s] Level 1:colcon.colcon_core.package_identification:_identify(.) by extensions ['python_setup_py']
[1.363s] Level 1:colcon.colcon_core.package_identification:_identify(.) by extension 'python_setup_py'
[1.364s] Level 1:colcon.colcon_core.package_identification:_identify(build) by extensions ['ignore', 'ignore_ament_install']
[1.364s] Level 1:colcon.colcon_core.package_identification:_identify(build) by extension 'ignore'
[1.364s] Level 1:colcon.colcon_core.package_identification:_identify(build) ignored
[1.365s] Level 1:colcon.colcon_core.package_identification:_identify(install) by extensions ['ignore', 'ignore_ament_install']
[1.365s] Level 1:colcon.colcon_core.package_identification:_identify(install) by extension 'ignore'
[1.365s] Level 1:colcon.colcon_core.package_identification:_identify(install) ignored
[1.366s] Level 1:colcon.colcon_core.package_identification:_identify(log) by extensions ['ignore', 'ignore_ament_install']
[1.366s] Level 1:colcon.colcon_core.package_identification:_identify(log) by extension 'ignore'
[1.366s] Level 1:colcon.colcon_core.package_identification:_identify(log) ignored
[1.367s] Level 1:colcon.colcon_core.package_identification:_identify(src) by extensions ['ignore', 'ignore_ament_install']
[1.367s] Level 1:colcon.colcon_core.package_identification:_identify(src) by extension 'ignore'
[1.367s] Level 1:colcon.colcon_core.package_identification:_identify(src) by extension 'ignore_ament_install'
[1.367s] Level 1:colcon.colcon_core.package_identification:_identify(src) by extensions ['colcon_pkg']
[1.368s] Level 1:colcon.colcon_core.package_identification:_identify(src) by extension 'colcon_pkg'
[1.368s] Level 1:colcon.colcon_core.package_identification:_identify(src) by extensions ['colcon_meta']
[1.368s] Level 1:colcon.colcon_core.package_identification:_identify(src) by extension 'colcon_meta'
[1.368s] Level 1:colcon.colcon_core.package_identification:_identify(src) by extensions ['ros']
[1.368s] Level 1:colcon.colcon_core.package_identification:_identify(src) by extension 'ros'
[1.369s] Level 1:colcon.colcon_core.package_identification:_identify(src) by extensions ['cmake', 'python']
[1.369s] Level 1:colcon.colcon_core.package_identification:_identify(src) by extension 'cmake'
[1.369s] Level 1:colcon.colcon_core.package_identification:_identify(src) by extension 'python'
[1.369s] Level 1:colcon.colcon_core.package_identification:_identify(src) by extensions ['python_setup_py']
[1.369s] Level 1:colcon.colcon_core.package_identification:_identify(src) by extension 'python_setup_py'
[1.370s] Level 1:colcon.colcon_core.package_identification:_identify(src/miniCart) by extensions ['ignore', 'ignore_ament_install']
[1.370s] Level 1:colcon.colcon_core.package_identification:_identify(src/miniCart) by extension 'ignore'
[1.370s] Level 1:colcon.colcon_core.package_identification:_identify(src/miniCart) by extension 'ignore_ament_install'
[1.370s] Level 1:colcon.colcon_core.package_identification:_identify(src/miniCart) by extensions ['colcon_pkg']
[1.371s] Level 1:colcon.colcon_core.package_identification:_identify(src/miniCart) by extension 'colcon_pkg'
[1.371s] Level 1:colcon.colcon_core.package_identification:_identify(src/miniCart) by extensions ['colcon_meta']
[1.371s] Level 1:colcon.colcon_core.package_identification:_identify(src/miniCart) by extension 'colcon_meta'
[1.371s] Level 1:colcon.colcon_core.package_identification:_identify(src/miniCart) by extensions ['ros']
[1.371s] Level 1:colcon.colcon_core.package_identification:_identify(src/miniCart) by extension 'ros'
[1.380s] DEBUG:colcon.colcon_core.package_identification:Package 'src/miniCart' with type 'ros.ament_cmake' and name 'miniCart'
[1.381s] Level 1:colcon.colcon_core.package_discovery:discover_packages(recursive) using defaults
[1.381s] Level 1:colcon.colcon_core.package_discovery:discover_packages(ignore) discover
[1.381s] Level 1:colcon.colcon_core.package_discovery:discover_packages(ignore) using defaults
[1.381s] Level 1:colcon.colcon_core.package_discovery:discover_packages(path) discover
[1.381s] Level 1:colcon.colcon_core.package_discovery:discover_packages(path) using defaults
[1.459s] Level 1:colcon.colcon_core.package_discovery:discover_packages(prefix_path) check parameters
[1.459s] Level 1:colcon.colcon_core.package_discovery:discover_packages(prefix_path) discover
[1.471s] DEBUG:colcon.colcon_installed_package_information.package_discovery:Found 168 installed packages in /opt/ros/foxy
[1.477s] Level 1:colcon.colcon_core.package_discovery:discover_packages(prefix_path) using defaults
[1.655s] Level 5:colcon.colcon_core.verb:set package 'miniCart' build argument 'cmake_args' from command line to 'None'
[1.655s] Level 5:colcon.colcon_core.verb:set package 'miniCart' build argument 'cmake_target' from command line to 'None'
[1.655s] Level 5:colcon.colcon_core.verb:set package 'miniCart' build argument 'cmake_target_skip_unavailable' from command line to 'False'
[1.655s] Level 5:colcon.colcon_core.verb:set package 'miniCart' build argument 'cmake_clean_cache' from command line to 'False'
[1.656s] Level 5:colcon.colcon_core.verb:set package 'miniCart' build argument 'cmake_clean_first' from command line to 'False'
[1.656s] Level 5:colcon.colcon_core.verb:set package 'miniCart' build argument 'cmake_force_configure' from command line to 'False'
[1.656s] Level 5:colcon.colcon_core.verb:set package 'miniCart' build argument 'ament_cmake_args' from command line to 'None'
[1.656s] Level 5:colcon.colcon_core.verb:set package 'miniCart' build argument 'catkin_cmake_args' from command line to 'None'
[1.656s] Level 5:colcon.colcon_core.verb:set package 'miniCart' build argument 'catkin_skip_building_tests' from command line to 'False'
[1.656s] DEBUG:colcon.colcon_core.verb:Building package 'miniCart' with the following arguments: {'ament_cmake_args': None, 'build_base': '/home/nano/miniCart_ws/build/miniCart', 'catkin_cmake_args': None, 'catkin_skip_building_tests': False, 'cmake_args': None, 'cmake_clean_cache': False, 'cmake_clean_first': False, 'cmake_force_configure': False, 'cmake_target': None, 'cmake_target_skip_unavailable': False, 'install_base': '/home/nano/miniCart_ws/install/miniCart', 'merge_install': False, 'path': '/home/nano/miniCart_ws/src/miniCart', 'symlink_install': True, 'test_result_base': None}
[1.659s] INFO:colcon.colcon_core.executor:Executing jobs using 'parallel' executor
[1.674s] DEBUG:colcon.colcon_parallel_executor.executor.parallel:run_until_complete
[1.675s] INFO:colcon.colcon_ros.task.ament_cmake.build:Building ROS package in '/home/nano/miniCart_ws/src/miniCart' with build type 'ament_cmake'
[1.675s] INFO:colcon.colcon_cmake.task.cmake.build:Building CMake package in '/home/nano/miniCart_ws/src/miniCart'
[1.694s] INFO:colcon.colcon_core.plugin_system:Skipping extension 'colcon_core.shell.bat': Not used on non-Windows systems
[1.695s] INFO:colcon.colcon_core.shell:Skip shell extension 'powershell' for command environment: Not usable outside of PowerShell
[1.695s] DEBUG:colcon.colcon_core.shell:Skip shell extension 'dsv' for command environment
[1.722s] DEBUG:colcon.colcon_core.event_handler.log_command:Invoking command in '/home/nano/miniCart_ws/build/miniCart': CMAKE_PREFIX_PATH=/opt/ros/foxy /usr/bin/cmake /home/nano/miniCart_ws/src/miniCart -DAMENT_CMAKE_SYMLINK_INSTALL=1 -DCMAKE_INSTALL_PREFIX=/home/nano/miniCart_ws/install/miniCart
[4.533s] DEBUG:colcon.colcon_core.event_handler.log_command:Invoked command in '/home/nano/miniCart_ws/build/miniCart' returned '0': CMAKE_PREFIX_PATH=/opt/ros/foxy /usr/bin/cmake /home/nano/miniCart_ws/src/miniCart -DAMENT_CMAKE_SYMLINK_INSTALL=1 -DCMAKE_INSTALL_PREFIX=/home/nano/miniCart_ws/install/miniCart
[4.539s] DEBUG:colcon.colcon_core.event_handler.log_command:Invoking command in '/home/nano/miniCart_ws/build/miniCart': CMAKE_PREFIX_PATH=/opt/ros/foxy /usr/bin/cmake --build /home/nano/miniCart_ws/build/miniCart -- -j4 -l4
[4.676s] DEBUG:colcon.colcon_core.event_handler.log_command:Invoked command in '/home/nano/miniCart_ws/build/miniCart' returned '0': CMAKE_PREFIX_PATH=/opt/ros/foxy /usr/bin/cmake --build /home/nano/miniCart_ws/build/miniCart -- -j4 -l4
[4.769s] DEBUG:colcon.colcon_core.event_handler.log_command:Invoking command in '/home/nano/miniCart_ws/build/miniCart': CMAKE_PREFIX_PATH=/opt/ros/foxy /usr/bin/cmake --install /home/nano/miniCart_ws/build/miniCart
[5.577s] Level 1:colcon.colcon_core.environment:create_environment_scripts_only(miniCart)
[5.587s] DEBUG:colcon.colcon_core.event_handler.log_command:Invoked command in '/home/nano/miniCart_ws/build/miniCart' returned '0': CMAKE_PREFIX_PATH=/opt/ros/foxy /usr/bin/cmake --install /home/nano/miniCart_ws/build/miniCart
[5.615s] Level 1:colcon.colcon_core.environment:checking '/home/nano/miniCart_ws/install/miniCart' for CMake module files
[5.618s] Level 1:colcon.colcon_core.environment:checking '/home/nano/miniCart_ws/install/miniCart' for CMake config files
[5.619s] Level 1:colcon.colcon_core.shell:create_environment_hook('miniCart', 'cmake_prefix_path')
[5.625s] INFO:colcon.colcon_core.shell:Creating environment hook '/home/nano/miniCart_ws/install/miniCart/share/miniCart/hook/cmake_prefix_path.ps1'
[5.627s] INFO:colcon.colcon_core.shell:Creating environment descriptor '/home/nano/miniCart_ws/install/miniCart/share/miniCart/hook/cmake_prefix_path.dsv'
[5.629s] INFO:colcon.colcon_core.shell:Creating environment hook '/home/nano/miniCart_ws/install/miniCart/share/miniCart/hook/cmake_prefix_path.sh'
[5.632s] Level 1:colcon.colcon_core.environment:checking '/home/nano/miniCart_ws/install/miniCart/bin'
[5.632s] Level 1:colcon.colcon_core.environment:checking '/home/nano/miniCart_ws/install/miniCart/lib/pkgconfig/miniCart.pc'
[5.633s] Level 1:colcon.colcon_core.environment:checking '/home/nano/miniCart_ws/install/miniCart/lib/python3.8/site-packages'
[5.634s] Level 1:colcon.colcon_core.environment:checking '/home/nano/miniCart_ws/install/miniCart/bin'
[5.640s] INFO:colcon.colcon_core.shell:Creating package script '/home/nano/miniCart_ws/install/miniCart/share/miniCart/package.ps1'
[5.643s] INFO:colcon.colcon_core.shell:Creating package descriptor '/home/nano/miniCart_ws/install/miniCart/share/miniCart/package.dsv'
[5.645s] INFO:colcon.colcon_core.shell:Creating package script '/home/nano/miniCart_ws/install/miniCart/share/miniCart/package.sh'
[5.648s] INFO:colcon.colcon_core.shell:Creating package script '/home/nano/miniCart_ws/install/miniCart/share/miniCart/package.bash'
[5.650s] INFO:colcon.colcon_core.shell:Creating package script '/home/nano/miniCart_ws/install/miniCart/share/miniCart/package.zsh'
[5.653s] Level 1:colcon.colcon_core.environment:create_file_with_runtime_dependencies(/home/nano/miniCart_ws/install/miniCart/share/colcon-core/packages/miniCart)
[5.719s] Level 1:colcon.colcon_core.environment:create_environment_scripts_only(miniCart)
[5.729s] Level 1:colcon.colcon_core.environment:checking '/home/nano/miniCart_ws/install/miniCart' for CMake module files
[5.732s] Level 1:colcon.colcon_core.environment:checking '/home/nano/miniCart_ws/install/miniCart' for CMake config files
[5.733s] Level 1:colcon.colcon_core.shell:create_environment_hook('miniCart', 'cmake_prefix_path')
[5.739s] INFO:colcon.colcon_core.shell:Creating environment hook '/home/nano/miniCart_ws/install/miniCart/share/miniCart/hook/cmake_prefix_path.ps1'
[5.740s] INFO:colcon.colcon_core.shell:Creating environment descriptor '/home/nano/miniCart_ws/install/miniCart/share/miniCart/hook/cmake_prefix_path.dsv'
[5.742s] INFO:colcon.colcon_core.shell:Creating environment hook '/home/nano/miniCart_ws/install/miniCart/share/miniCart/hook/cmake_prefix_path.sh'
[5.744s] Level 1:colcon.colcon_core.environment:checking '/home/nano/miniCart_ws/install/miniCart/bin'
[5.744s] Level 1:colcon.colcon_core.environment:checking '/home/nano/miniCart_ws/install/miniCart/lib/pkgconfig/miniCart.pc'
[5.745s] Level 1:colcon.colcon_core.environment:checking '/home/nano/miniCart_ws/install/miniCart/lib/python3.8/site-packages'
[5.745s] Level 1:colcon.colcon_core.environment:checking '/home/nano/miniCart_ws/install/miniCart/bin'
[5.752s] INFO:colcon.colcon_core.shell:Creating package script '/home/nano/miniCart_ws/install/miniCart/share/miniCart/package.ps1'
[5.754s] INFO:colcon.colcon_core.shell:Creating package descriptor '/home/nano/miniCart_ws/install/miniCart/share/miniCart/package.dsv'
[5.755s] INFO:colcon.colcon_core.shell:Creating package script '/home/nano/miniCart_ws/install/miniCart/share/miniCart/package.sh'
[5.757s] INFO:colcon.colcon_core.shell:Creating package script '/home/nano/miniCart_ws/install/miniCart/share/miniCart/package.bash'
[5.758s] INFO:colcon.colcon_core.shell:Creating package script '/home/nano/miniCart_ws/install/miniCart/share/miniCart/package.zsh'
[5.760s] Level 1:colcon.colcon_core.environment:create_file_with_runtime_dependencies(/home/nano/miniCart_ws/install/miniCart/share/colcon-core/packages/miniCart)
[5.760s] DEBUG:colcon.colcon_parallel_executor.executor.parallel:closing loop
[5.762s] DEBUG:colcon.colcon_parallel_executor.executor.parallel:loop closed
[5.762s] DEBUG:colcon.colcon_parallel_executor.executor.parallel:run_until_complete finished with '0'
[5.762s] DEBUG:colcon.colcon_core.event_reactor:joining thread
[5.781s] INFO:colcon.colcon_core.plugin_system:Skipping extension 'colcon_notification.desktop_notification.terminal_notifier': Not used on non-Darwin systems
[5.782s] INFO:colcon.colcon_core.plugin_system:Skipping extension 'colcon_notification.desktop_notification.win32': Not used on non-Windows systems
[5.782s] INFO:colcon.colcon_notification.desktop_notification:Sending desktop notification using 'notify2'
[5.796s] DEBUG:colcon.colcon_core.event_reactor:joined thread
[5.803s] INFO:colcon.colcon_core.shell:Creating prefix script '/home/nano/miniCart_ws/install/local_setup.ps1'
[5.808s] INFO:colcon.colcon_core.shell:Creating prefix util module '/home/nano/miniCart_ws/install/_local_setup_util_ps1.py'
[5.814s] INFO:colcon.colcon_core.shell:Creating prefix chain script '/home/nano/miniCart_ws/install/setup.ps1'
[5.820s] INFO:colcon.colcon_core.shell:Creating prefix script '/home/nano/miniCart_ws/install/local_setup.sh'
[5.822s] INFO:colcon.colcon_core.shell:Creating prefix util module '/home/nano/miniCart_ws/install/_local_setup_util_sh.py'
[5.824s] INFO:colcon.colcon_core.shell:Creating prefix chain script '/home/nano/miniCart_ws/install/setup.sh'
[5.829s] INFO:colcon.colcon_core.shell:Creating prefix script '/home/nano/miniCart_ws/install/local_setup.bash'
[5.830s] INFO:colcon.colcon_core.shell:Creating prefix chain script '/home/nano/miniCart_ws/install/setup.bash'
[5.835s] INFO:colcon.colcon_core.shell:Creating prefix script '/home/nano/miniCart_ws/install/local_setup.zsh'
[5.837s] INFO:colcon.colcon_core.shell:Creating prefix chain script '/home/nano/miniCart_ws/install/setup.zsh'
