[1.179s] DEBUG:colcon:Command line arguments: ['/usr/bin/colcon', 'build', '--symlink-install']
[1.179s] DEBUG:colcon:Parsed command line arguments: Namespace(allow_overriding=[], ament_cmake_args=None, base_paths=['.'], build_base='build', catkin_cmake_args=None, catkin_skip_building_tests=False, cmake_args=None, cmake_clean_cache=False, cmake_clean_first=False, cmake_force_configure=False, cmake_target=None, cmake_target_skip_unavailable=False, continue_on_error=False, event_handlers=None, executor='parallel', ignore_user_meta=False, install_base='install', log_base=None, log_level=None, main=<bound method BuildVerb.main of <colcon_core.verb.build.BuildVerb object at 0x7faa254a30>>, merge_install=False, metas=['./colcon.meta'], packages_above=None, packages_above_and_dependencies=None, packages_above_depth=None, packages_end=None, packages_ignore=None, packages_ignore_regex=None, packages_select=None, packages_select_build_failed=False, packages_select_by_dep=None, packages_select_regex=None, packages_select_test_failures=False, packages_skip=None, packages_skip_build_finished=False, packages_skip_by_dep=None, packages_skip_regex=None, packages_skip_test_passed=False, packages_skip_up_to=None, packages_start=None, packages_up_to=None, packages_up_to_regex=None, parallel_workers=4, paths=None, symlink_install=True, test_result_base=None, verb_extension=<colcon_core.verb.build.BuildVerb object at 0x7faa254a30>, verb_name='build', verb_parser=<colcon_defaults.argument_parser.defaults.DefaultArgumentsDecorator object at 0x7faa254fa0>)
[1.287s] Level 1:colcon.colcon_core.package_discovery:discover_packages(colcon_meta) check parameters
[1.288s] Level 1:colcon.colcon_core.package_discovery:discover_packages(recursive) check parameters
[1.288s] Level 1:colcon.colcon_core.package_discovery:discover_packages(ignore) check parameters
[1.288s] Level 1:colcon.colcon_core.package_discovery:discover_packages(path) check parameters
[1.288s] Level 1:colcon.colcon_core.package_discovery:discover_packages(colcon_meta) discover
[1.289s] Level 1:colcon.colcon_core.package_discovery:discover_packages(recursive) discover
[1.289s] INFO:colcon.colcon_core.package_discovery:Crawling recursively for packages in '/home/nano/miniCart_ros'
[1.289s] Level 1:colcon.colcon_core.package_identification:_identify(.) by extensions ['ignore', 'ignore_ament_install']
[1.290s] Level 1:colcon.colcon_core.package_identification:_identify(.) by extension 'ignore'
[1.290s] Level 1:colcon.colcon_core.package_identification:_identify(.) by extension 'ignore_ament_install'
[1.290s] Level 1:colcon.colcon_core.package_identification:_identify(.) by extensions ['colcon_pkg']
[1.290s] Level 1:colcon.colcon_core.package_identification:_identify(.) by extension 'colcon_pkg'
[1.290s] Level 1:colcon.colcon_core.package_identification:_identify(.) by extensions ['colcon_meta']
[1.290s] Level 1:colcon.colcon_core.package_identification:_identify(.) by extension 'colcon_meta'
[1.291s] Level 1:colcon.colcon_core.package_identification:_identify(.) by extensions ['ros']
[1.291s] Level 1:colcon.colcon_core.package_identification:_identify(.) by extension 'ros'
[1.374s] Level 1:colcon.colcon_core.package_identification:_identify(.) by extensions ['cmake', 'python']
[1.375s] Level 1:colcon.colcon_core.package_identification:_identify(.) by extension 'cmake'
[1.375s] Level 1:colcon.colcon_core.package_identification:_identify(.) by extension 'python'
[1.375s] Level 1:colcon.colcon_core.package_identification:_identify(.) by extensions ['python_setup_py']
[1.375s] Level 1:colcon.colcon_core.package_identification:_identify(.) by extension 'python_setup_py'
[1.376s] Level 1:colcon.colcon_core.package_identification:_identify(build) by extensions ['ignore', 'ignore_ament_install']
[1.376s] Level 1:colcon.colcon_core.package_identification:_identify(build) by extension 'ignore'
[1.376s] Level 1:colcon.colcon_core.package_identification:_identify(build) ignored
[1.377s] Level 1:colcon.colcon_core.package_identification:_identify(install) by extensions ['ignore', 'ignore_ament_install']
[1.377s] Level 1:colcon.colcon_core.package_identification:_identify(install) by extension 'ignore'
[1.377s] Level 1:colcon.colcon_core.package_identification:_identify(install) ignored
[1.378s] Level 1:colcon.colcon_core.package_identification:_identify(log) by extensions ['ignore', 'ignore_ament_install']
[1.378s] Level 1:colcon.colcon_core.package_identification:_identify(log) by extension 'ignore'
[1.378s] Level 1:colcon.colcon_core.package_identification:_identify(log) ignored
[1.379s] Level 1:colcon.colcon_core.package_identification:_identify(src) by extensions ['ignore', 'ignore_ament_install']
[1.379s] Level 1:colcon.colcon_core.package_identification:_identify(src) by extension 'ignore'
[1.379s] Level 1:colcon.colcon_core.package_identification:_identify(src) by extension 'ignore_ament_install'
[1.379s] Level 1:colcon.colcon_core.package_identification:_identify(src) by extensions ['colcon_pkg']
[1.379s] Level 1:colcon.colcon_core.package_identification:_identify(src) by extension 'colcon_pkg'
[1.380s] Level 1:colcon.colcon_core.package_identification:_identify(src) by extensions ['colcon_meta']
[1.380s] Level 1:colcon.colcon_core.package_identification:_identify(src) by extension 'colcon_meta'
[1.380s] Level 1:colcon.colcon_core.package_identification:_identify(src) by extensions ['ros']
[1.380s] Level 1:colcon.colcon_core.package_identification:_identify(src) by extension 'ros'
[1.381s] Level 1:colcon.colcon_core.package_identification:_identify(src) by extensions ['cmake', 'python']
[1.381s] Level 1:colcon.colcon_core.package_identification:_identify(src) by extension 'cmake'
[1.381s] Level 1:colcon.colcon_core.package_identification:_identify(src) by extension 'python'
[1.381s] Level 1:colcon.colcon_core.package_identification:_identify(src) by extensions ['python_setup_py']
[1.381s] Level 1:colcon.colcon_core.package_identification:_identify(src) by extension 'python_setup_py'
[1.382s] Level 1:colcon.colcon_core.package_identification:_identify(src/miniCart) by extensions ['ignore', 'ignore_ament_install']
[1.382s] Level 1:colcon.colcon_core.package_identification:_identify(src/miniCart) by extension 'ignore'
[1.382s] Level 1:colcon.colcon_core.package_identification:_identify(src/miniCart) by extension 'ignore_ament_install'
[1.382s] Level 1:colcon.colcon_core.package_identification:_identify(src/miniCart) by extensions ['colcon_pkg']
[1.383s] Level 1:colcon.colcon_core.package_identification:_identify(src/miniCart) by extension 'colcon_pkg'
[1.383s] Level 1:colcon.colcon_core.package_identification:_identify(src/miniCart) by extensions ['colcon_meta']
[1.383s] Level 1:colcon.colcon_core.package_identification:_identify(src/miniCart) by extension 'colcon_meta'
[1.383s] Level 1:colcon.colcon_core.package_identification:_identify(src/miniCart) by extensions ['ros']
[1.383s] Level 1:colcon.colcon_core.package_identification:_identify(src/miniCart) by extension 'ros'
[1.392s] DEBUG:colcon.colcon_core.package_identification:Package 'src/miniCart' with type 'ros.ament_cmake' and name 'miniCart'
[1.393s] Level 1:colcon.colcon_core.package_identification:_identify(src/motor_controls) by extensions ['ignore', 'ignore_ament_install']
[1.394s] Level 1:colcon.colcon_core.package_identification:_identify(src/motor_controls) by extension 'ignore'
[1.394s] Level 1:colcon.colcon_core.package_identification:_identify(src/motor_controls) by extension 'ignore_ament_install'
[1.394s] Level 1:colcon.colcon_core.package_identification:_identify(src/motor_controls) by extensions ['colcon_pkg']
[1.394s] Level 1:colcon.colcon_core.package_identification:_identify(src/motor_controls) by extension 'colcon_pkg'
[1.395s] Level 1:colcon.colcon_core.package_identification:_identify(src/motor_controls) by extensions ['colcon_meta']
[1.395s] Level 1:colcon.colcon_core.package_identification:_identify(src/motor_controls) by extension 'colcon_meta'
[1.395s] Level 1:colcon.colcon_core.package_identification:_identify(src/motor_controls) by extensions ['ros']
[1.395s] Level 1:colcon.colcon_core.package_identification:_identify(src/motor_controls) by extension 'ros'
[1.398s] DEBUG:colcon.colcon_core.package_identification:Package 'src/motor_controls' with type 'ros.ament_python' and name 'motor_controls'
[1.399s] Level 1:colcon.colcon_core.package_identification:_identify(src/sabertooth_msg) by extensions ['ignore', 'ignore_ament_install']
[1.399s] Level 1:colcon.colcon_core.package_identification:_identify(src/sabertooth_msg) by extension 'ignore'
[1.399s] Level 1:colcon.colcon_core.package_identification:_identify(src/sabertooth_msg) by extension 'ignore_ament_install'
[1.400s] Level 1:colcon.colcon_core.package_identification:_identify(src/sabertooth_msg) by extensions ['colcon_pkg']
[1.400s] Level 1:colcon.colcon_core.package_identification:_identify(src/sabertooth_msg) by extension 'colcon_pkg'
[1.400s] Level 1:colcon.colcon_core.package_identification:_identify(src/sabertooth_msg) by extensions ['colcon_meta']
[1.400s] Level 1:colcon.colcon_core.package_identification:_identify(src/sabertooth_msg) by extension 'colcon_meta'
[1.401s] Level 1:colcon.colcon_core.package_identification:_identify(src/sabertooth_msg) by extensions ['ros']
[1.401s] Level 1:colcon.colcon_core.package_identification:_identify(src/sabertooth_msg) by extension 'ros'
[1.403s] DEBUG:colcon.colcon_core.package_identification:Package 'src/sabertooth_msg' with type 'ros.ament_cmake' and name 'sabertooth_msg'
[1.403s] Level 1:colcon.colcon_core.package_discovery:discover_packages(recursive) using defaults
[1.403s] Level 1:colcon.colcon_core.package_discovery:discover_packages(ignore) discover
[1.403s] Level 1:colcon.colcon_core.package_discovery:discover_packages(ignore) using defaults
[1.404s] Level 1:colcon.colcon_core.package_discovery:discover_packages(path) discover
[1.404s] Level 1:colcon.colcon_core.package_discovery:discover_packages(path) using defaults
[1.483s] Level 1:colcon.colcon_core.package_discovery:discover_packages(prefix_path) check parameters
[1.483s] Level 1:colcon.colcon_core.package_discovery:discover_packages(prefix_path) discover
[1.499s] DEBUG:colcon.colcon_installed_package_information.package_discovery:Found 168 installed packages in /opt/ros/foxy
[1.504s] Level 1:colcon.colcon_core.package_discovery:discover_packages(prefix_path) using defaults
[1.691s] Level 5:colcon.colcon_core.verb:set package 'miniCart' build argument 'cmake_args' from command line to 'None'
[1.691s] Level 5:colcon.colcon_core.verb:set package 'miniCart' build argument 'cmake_target' from command line to 'None'
[1.692s] Level 5:colcon.colcon_core.verb:set package 'miniCart' build argument 'cmake_target_skip_unavailable' from command line to 'False'
[1.692s] Level 5:colcon.colcon_core.verb:set package 'miniCart' build argument 'cmake_clean_cache' from command line to 'False'
[1.692s] Level 5:colcon.colcon_core.verb:set package 'miniCart' build argument 'cmake_clean_first' from command line to 'False'
[1.692s] Level 5:colcon.colcon_core.verb:set package 'miniCart' build argument 'cmake_force_configure' from command line to 'False'
[1.692s] Level 5:colcon.colcon_core.verb:set package 'miniCart' build argument 'ament_cmake_args' from command line to 'None'
[1.692s] Level 5:colcon.colcon_core.verb:set package 'miniCart' build argument 'catkin_cmake_args' from command line to 'None'
[1.692s] Level 5:colcon.colcon_core.verb:set package 'miniCart' build argument 'catkin_skip_building_tests' from command line to 'False'
[1.693s] DEBUG:colcon.colcon_core.verb:Building package 'miniCart' with the following arguments: {'ament_cmake_args': None, 'build_base': '/home/nano/miniCart_ros/build/miniCart', 'catkin_cmake_args': None, 'catkin_skip_building_tests': False, 'cmake_args': None, 'cmake_clean_cache': False, 'cmake_clean_first': False, 'cmake_force_configure': False, 'cmake_target': None, 'cmake_target_skip_unavailable': False, 'install_base': '/home/nano/miniCart_ros/install/miniCart', 'merge_install': False, 'path': '/home/nano/miniCart_ros/src/miniCart', 'symlink_install': True, 'test_result_base': None}
[1.697s] Level 5:colcon.colcon_core.verb:set package 'sabertooth_msg' build argument 'cmake_args' from command line to 'None'
[1.697s] Level 5:colcon.colcon_core.verb:set package 'sabertooth_msg' build argument 'cmake_target' from command line to 'None'
[1.698s] Level 5:colcon.colcon_core.verb:set package 'sabertooth_msg' build argument 'cmake_target_skip_unavailable' from command line to 'False'
[1.698s] Level 5:colcon.colcon_core.verb:set package 'sabertooth_msg' build argument 'cmake_clean_cache' from command line to 'False'
[1.698s] Level 5:colcon.colcon_core.verb:set package 'sabertooth_msg' build argument 'cmake_clean_first' from command line to 'False'
[1.698s] Level 5:colcon.colcon_core.verb:set package 'sabertooth_msg' build argument 'cmake_force_configure' from command line to 'False'
[1.698s] Level 5:colcon.colcon_core.verb:set package 'sabertooth_msg' build argument 'ament_cmake_args' from command line to 'None'
[1.698s] Level 5:colcon.colcon_core.verb:set package 'sabertooth_msg' build argument 'catkin_cmake_args' from command line to 'None'
[1.698s] Level 5:colcon.colcon_core.verb:set package 'sabertooth_msg' build argument 'catkin_skip_building_tests' from command line to 'False'
[1.699s] DEBUG:colcon.colcon_core.verb:Building package 'sabertooth_msg' with the following arguments: {'ament_cmake_args': None, 'build_base': '/home/nano/miniCart_ros/build/sabertooth_msg', 'catkin_cmake_args': None, 'catkin_skip_building_tests': False, 'cmake_args': None, 'cmake_clean_cache': False, 'cmake_clean_first': False, 'cmake_force_configure': False, 'cmake_target': None, 'cmake_target_skip_unavailable': False, 'install_base': '/home/nano/miniCart_ros/install/sabertooth_msg', 'merge_install': False, 'path': '/home/nano/miniCart_ros/src/sabertooth_msg', 'symlink_install': True, 'test_result_base': None}
[1.703s] Level 5:colcon.colcon_core.verb:set package 'motor_controls' build argument 'cmake_args' from command line to 'None'
[1.703s] Level 5:colcon.colcon_core.verb:set package 'motor_controls' build argument 'cmake_target' from command line to 'None'
[1.703s] Level 5:colcon.colcon_core.verb:set package 'motor_controls' build argument 'cmake_target_skip_unavailable' from command line to 'False'
[1.704s] Level 5:colcon.colcon_core.verb:set package 'motor_controls' build argument 'cmake_clean_cache' from command line to 'False'
[1.704s] Level 5:colcon.colcon_core.verb:set package 'motor_controls' build argument 'cmake_clean_first' from command line to 'False'
[1.704s] Level 5:colcon.colcon_core.verb:set package 'motor_controls' build argument 'cmake_force_configure' from command line to 'False'
[1.704s] Level 5:colcon.colcon_core.verb:set package 'motor_controls' build argument 'ament_cmake_args' from command line to 'None'
[1.704s] Level 5:colcon.colcon_core.verb:set package 'motor_controls' build argument 'catkin_cmake_args' from command line to 'None'
[1.704s] Level 5:colcon.colcon_core.verb:set package 'motor_controls' build argument 'catkin_skip_building_tests' from command line to 'False'
[1.704s] DEBUG:colcon.colcon_core.verb:Building package 'motor_controls' with the following arguments: {'ament_cmake_args': None, 'build_base': '/home/nano/miniCart_ros/build/motor_controls', 'catkin_cmake_args': None, 'catkin_skip_building_tests': False, 'cmake_args': None, 'cmake_clean_cache': False, 'cmake_clean_first': False, 'cmake_force_configure': False, 'cmake_target': None, 'cmake_target_skip_unavailable': False, 'install_base': '/home/nano/miniCart_ros/install/motor_controls', 'merge_install': False, 'path': '/home/nano/miniCart_ros/src/motor_controls', 'symlink_install': True, 'test_result_base': None}
[1.707s] INFO:colcon.colcon_core.executor:Executing jobs using 'parallel' executor
[1.723s] DEBUG:colcon.colcon_parallel_executor.executor.parallel:run_until_complete
[1.724s] INFO:colcon.colcon_ros.task.ament_cmake.build:Building ROS package in '/home/nano/miniCart_ros/src/sabertooth_msg' with build type 'ament_cmake'
[1.724s] INFO:colcon.colcon_cmake.task.cmake.build:Building CMake package in '/home/nano/miniCart_ros/src/sabertooth_msg'
[1.744s] INFO:colcon.colcon_core.plugin_system:Skipping extension 'colcon_core.shell.bat': Not used on non-Windows systems
[1.744s] INFO:colcon.colcon_core.shell:Skip shell extension 'powershell' for command environment: Not usable outside of PowerShell
[1.745s] DEBUG:colcon.colcon_core.shell:Skip shell extension 'dsv' for command environment
[1.762s] INFO:colcon.colcon_ros.task.ament_cmake.build:Building ROS package in '/home/nano/miniCart_ros/src/miniCart' with build type 'ament_cmake'
[1.763s] INFO:colcon.colcon_cmake.task.cmake.build:Building CMake package in '/home/nano/miniCart_ros/src/miniCart'
[1.771s] INFO:colcon.colcon_core.shell:Skip shell extension 'powershell' for command environment: Not usable outside of PowerShell
[1.771s] DEBUG:colcon.colcon_core.shell:Skip shell extension 'dsv' for command environment
[1.800s] DEBUG:colcon.colcon_core.event_handler.log_command:Invoking command in '/home/nano/miniCart_ros/build/sabertooth_msg': CMAKE_PREFIX_PATH=/opt/ros/foxy /usr/bin/cmake /home/nano/miniCart_ros/src/sabertooth_msg -DAMENT_CMAKE_SYMLINK_INSTALL=1 -DCMAKE_INSTALL_PREFIX=/home/nano/miniCart_ros/install/sabertooth_msg
[1.826s] DEBUG:colcon.colcon_core.event_handler.log_command:Invoking command in '/home/nano/miniCart_ros/build/miniCart': CMAKE_PREFIX_PATH=/opt/ros/foxy /usr/bin/cmake --build /home/nano/miniCart_ros/build/miniCart -- -j4 -l4
[1.967s] DEBUG:colcon.colcon_core.event_handler.log_command:Invoked command in '/home/nano/miniCart_ros/build/miniCart' returned '0': CMAKE_PREFIX_PATH=/opt/ros/foxy /usr/bin/cmake --build /home/nano/miniCart_ros/build/miniCart -- -j4 -l4
[2.070s] DEBUG:colcon.colcon_core.event_handler.log_command:Invoking command in '/home/nano/miniCart_ros/build/miniCart': CMAKE_PREFIX_PATH=/opt/ros/foxy /usr/bin/cmake --install /home/nano/miniCart_ros/build/miniCart
[2.172s] Level 1:colcon.colcon_core.environment:create_environment_scripts_only(miniCart)
[2.175s] DEBUG:colcon.colcon_core.event_handler.log_command:Invoked command in '/home/nano/miniCart_ros/build/miniCart' returned '0': CMAKE_PREFIX_PATH=/opt/ros/foxy /usr/bin/cmake --install /home/nano/miniCart_ros/build/miniCart
[2.199s] Level 1:colcon.colcon_core.environment:checking '/home/nano/miniCart_ros/install/miniCart' for CMake module files
[2.202s] Level 1:colcon.colcon_core.environment:checking '/home/nano/miniCart_ros/install/miniCart' for CMake config files
[2.204s] Level 1:colcon.colcon_core.shell:create_environment_hook('miniCart', 'cmake_prefix_path')
[2.210s] INFO:colcon.colcon_core.shell:Creating environment hook '/home/nano/miniCart_ros/install/miniCart/share/miniCart/hook/cmake_prefix_path.ps1'
[2.213s] INFO:colcon.colcon_core.shell:Creating environment descriptor '/home/nano/miniCart_ros/install/miniCart/share/miniCart/hook/cmake_prefix_path.dsv'
[2.216s] INFO:colcon.colcon_core.shell:Creating environment hook '/home/nano/miniCart_ros/install/miniCart/share/miniCart/hook/cmake_prefix_path.sh'
[2.219s] Level 1:colcon.colcon_core.environment:checking '/home/nano/miniCart_ros/install/miniCart/bin'
[2.220s] Level 1:colcon.colcon_core.environment:checking '/home/nano/miniCart_ros/install/miniCart/lib/pkgconfig/miniCart.pc'
[2.221s] Level 1:colcon.colcon_core.environment:checking '/home/nano/miniCart_ros/install/miniCart/lib/python3.8/site-packages'
[2.222s] Level 1:colcon.colcon_core.environment:checking '/home/nano/miniCart_ros/install/miniCart/bin'
[2.229s] INFO:colcon.colcon_core.shell:Creating package script '/home/nano/miniCart_ros/install/miniCart/share/miniCart/package.ps1'
[2.233s] INFO:colcon.colcon_core.shell:Creating package descriptor '/home/nano/miniCart_ros/install/miniCart/share/miniCart/package.dsv'
[2.236s] INFO:colcon.colcon_core.shell:Creating package script '/home/nano/miniCart_ros/install/miniCart/share/miniCart/package.sh'
[2.240s] INFO:colcon.colcon_core.shell:Creating package script '/home/nano/miniCart_ros/install/miniCart/share/miniCart/package.bash'
[2.243s] INFO:colcon.colcon_core.shell:Creating package script '/home/nano/miniCart_ros/install/miniCart/share/miniCart/package.zsh'
[2.246s] Level 1:colcon.colcon_core.environment:create_file_with_runtime_dependencies(/home/nano/miniCart_ros/install/miniCart/share/colcon-core/packages/miniCart)
[2.319s] Level 1:colcon.colcon_core.environment:create_environment_scripts_only(miniCart)
[2.329s] Level 1:colcon.colcon_core.environment:checking '/home/nano/miniCart_ros/install/miniCart' for CMake module files
[2.333s] Level 1:colcon.colcon_core.environment:checking '/home/nano/miniCart_ros/install/miniCart' for CMake config files
[2.334s] Level 1:colcon.colcon_core.shell:create_environment_hook('miniCart', 'cmake_prefix_path')
[2.342s] INFO:colcon.colcon_core.shell:Creating environment hook '/home/nano/miniCart_ros/install/miniCart/share/miniCart/hook/cmake_prefix_path.ps1'
[2.345s] INFO:colcon.colcon_core.shell:Creating environment descriptor '/home/nano/miniCart_ros/install/miniCart/share/miniCart/hook/cmake_prefix_path.dsv'
[2.346s] INFO:colcon.colcon_core.shell:Creating environment hook '/home/nano/miniCart_ros/install/miniCart/share/miniCart/hook/cmake_prefix_path.sh'
[2.349s] Level 1:colcon.colcon_core.environment:checking '/home/nano/miniCart_ros/install/miniCart/bin'
[2.349s] Level 1:colcon.colcon_core.environment:checking '/home/nano/miniCart_ros/install/miniCart/lib/pkgconfig/miniCart.pc'
[2.350s] Level 1:colcon.colcon_core.environment:checking '/home/nano/miniCart_ros/install/miniCart/lib/python3.8/site-packages'
[2.351s] Level 1:colcon.colcon_core.environment:checking '/home/nano/miniCart_ros/install/miniCart/bin'
[2.358s] INFO:colcon.colcon_core.shell:Creating package script '/home/nano/miniCart_ros/install/miniCart/share/miniCart/package.ps1'
[2.361s] INFO:colcon.colcon_core.shell:Creating package descriptor '/home/nano/miniCart_ros/install/miniCart/share/miniCart/package.dsv'
[2.363s] INFO:colcon.colcon_core.shell:Creating package script '/home/nano/miniCart_ros/install/miniCart/share/miniCart/package.sh'
[2.365s] INFO:colcon.colcon_core.shell:Creating package script '/home/nano/miniCart_ros/install/miniCart/share/miniCart/package.bash'
[2.366s] INFO:colcon.colcon_core.shell:Creating package script '/home/nano/miniCart_ros/install/miniCart/share/miniCart/package.zsh'
[2.368s] Level 1:colcon.colcon_core.environment:create_file_with_runtime_dependencies(/home/nano/miniCart_ros/install/miniCart/share/colcon-core/packages/miniCart)
[5.326s] DEBUG:colcon.colcon_core.event_handler.log_command:Invoked command in '/home/nano/miniCart_ros/build/sabertooth_msg' returned '1': CMAKE_PREFIX_PATH=/opt/ros/foxy /usr/bin/cmake /home/nano/miniCart_ros/src/sabertooth_msg -DAMENT_CMAKE_SYMLINK_INSTALL=1 -DCMAKE_INSTALL_PREFIX=/home/nano/miniCart_ros/install/sabertooth_msg
[5.372s] Level 1:colcon.colcon_core.environment:create_environment_scripts_only(sabertooth_msg)
[5.383s] Level 1:colcon.colcon_core.environment:checking '/home/nano/miniCart_ros/install/sabertooth_msg' for CMake module files
[5.385s] Level 1:colcon.colcon_core.environment:checking '/home/nano/miniCart_ros/install/sabertooth_msg' for CMake config files
[5.386s] Level 1:colcon.colcon_core.environment:checking '/home/nano/miniCart_ros/install/sabertooth_msg/bin'
[5.386s] Level 1:colcon.colcon_core.environment:checking '/home/nano/miniCart_ros/install/sabertooth_msg/lib/pkgconfig/sabertooth_msg.pc'
[5.387s] Level 1:colcon.colcon_core.environment:checking '/home/nano/miniCart_ros/install/sabertooth_msg/lib/python3.8/site-packages'
[5.387s] Level 1:colcon.colcon_core.environment:checking '/home/nano/miniCart_ros/install/sabertooth_msg/bin'
[5.394s] INFO:colcon.colcon_core.shell:Creating package script '/home/nano/miniCart_ros/install/sabertooth_msg/share/sabertooth_msg/package.ps1'
[5.396s] INFO:colcon.colcon_core.shell:Creating package descriptor '/home/nano/miniCart_ros/install/sabertooth_msg/share/sabertooth_msg/package.dsv'
[5.397s] INFO:colcon.colcon_core.shell:Creating package script '/home/nano/miniCart_ros/install/sabertooth_msg/share/sabertooth_msg/package.sh'
[5.398s] INFO:colcon.colcon_core.shell:Creating package script '/home/nano/miniCart_ros/install/sabertooth_msg/share/sabertooth_msg/package.bash'
[5.399s] INFO:colcon.colcon_core.shell:Creating package script '/home/nano/miniCart_ros/install/sabertooth_msg/share/sabertooth_msg/package.zsh'
[5.400s] Level 1:colcon.colcon_core.environment:create_file_with_runtime_dependencies(/home/nano/miniCart_ros/install/sabertooth_msg/share/colcon-core/packages/sabertooth_msg)
[5.411s] DEBUG:colcon.colcon_parallel_executor.executor.parallel:closing loop
[5.412s] DEBUG:colcon.colcon_parallel_executor.executor.parallel:loop closed
[5.412s] DEBUG:colcon.colcon_parallel_executor.executor.parallel:run_until_complete finished with '1'
[5.412s] DEBUG:colcon.colcon_core.event_reactor:joining thread
[5.433s] INFO:colcon.colcon_core.plugin_system:Skipping extension 'colcon_notification.desktop_notification.terminal_notifier': Not used on non-Darwin systems
[5.433s] INFO:colcon.colcon_core.plugin_system:Skipping extension 'colcon_notification.desktop_notification.win32': Not used on non-Windows systems
[5.433s] INFO:colcon.colcon_notification.desktop_notification:Sending desktop notification using 'notify2'
[5.449s] DEBUG:colcon.colcon_core.event_reactor:joined thread
[5.457s] INFO:colcon.colcon_core.shell:Creating prefix script '/home/nano/miniCart_ros/install/local_setup.ps1'
[5.461s] INFO:colcon.colcon_core.shell:Creating prefix util module '/home/nano/miniCart_ros/install/_local_setup_util_ps1.py'
[5.467s] INFO:colcon.colcon_core.shell:Creating prefix chain script '/home/nano/miniCart_ros/install/setup.ps1'
[5.472s] INFO:colcon.colcon_core.shell:Creating prefix script '/home/nano/miniCart_ros/install/local_setup.sh'
[5.475s] INFO:colcon.colcon_core.shell:Creating prefix util module '/home/nano/miniCart_ros/install/_local_setup_util_sh.py'
[5.477s] INFO:colcon.colcon_core.shell:Creating prefix chain script '/home/nano/miniCart_ros/install/setup.sh'
[5.482s] INFO:colcon.colcon_core.shell:Creating prefix script '/home/nano/miniCart_ros/install/local_setup.bash'
[5.484s] INFO:colcon.colcon_core.shell:Creating prefix chain script '/home/nano/miniCart_ros/install/setup.bash'
[5.490s] INFO:colcon.colcon_core.shell:Creating prefix script '/home/nano/miniCart_ros/install/local_setup.zsh'
[5.492s] INFO:colcon.colcon_core.shell:Creating prefix chain script '/home/nano/miniCart_ros/install/setup.zsh'
