[0.074s] Invoking command in '/home/nano/miniCart_ros/build/miniCart': CMAKE_PREFIX_PATH=${CMAKE_PREFIX_PATH}:/home/nano/miniCart_ros/install/motor_controls:/opt/ros/foxy /usr/bin/cmake --build /home/nano/miniCart_ros/build/miniCart -- -j4 -l4
[0.211s] Invoked command in '/home/nano/miniCart_ros/build/miniCart' returned '0': CMAKE_PREFIX_PATH=${CMAKE_PREFIX_PATH}:/home/nano/miniCart_ros/install/motor_controls:/opt/ros/foxy /usr/bin/cmake --build /home/nano/miniCart_ros/build/miniCart -- -j4 -l4
[0.384s] Invoking command in '/home/nano/miniCart_ros/build/miniCart': CMAKE_PREFIX_PATH=${CMAKE_PREFIX_PATH}:/home/nano/miniCart_ros/install/motor_controls:/opt/ros/foxy /usr/bin/cmake --install /home/nano/miniCart_ros/build/miniCart
[0.415s] -- Install configuration: ""
[0.416s] -- Execute custom install script
[0.421s] -- Up-to-date symlink: /home/nano/miniCart_ros/install/miniCart/share/miniCart/config/drive_bot.rviz
[0.421s] -- Up-to-date symlink: /home/nano/miniCart_ros/install/miniCart/share/miniCart/config/empty.yaml
[0.422s] -- Up-to-date symlink: /home/nano/miniCart_ros/install/miniCart/share/miniCart/config/view_bot_rviz.rviz
[0.422s] -- Up-to-date symlink: /home/nano/miniCart_ros/install/miniCart/share/miniCart/description/gazebo_control.xacro
[0.423s] -- Up-to-date symlink: /home/nano/miniCart_ros/install/miniCart/share/miniCart/description/inertial_macros.xacro
[0.424s] -- Up-to-date symlink: /home/nano/miniCart_ros/install/miniCart/share/miniCart/description/robot.urdf.xacro
[0.424s] -- Up-to-date symlink: /home/nano/miniCart_ros/install/miniCart/share/miniCart/description/robot_core.xacro
[0.425s] -- Up-to-date symlink: /home/nano/miniCart_ros/install/miniCart/share/miniCart/launch/launch_sim.launch.py
[0.426s] -- Up-to-date symlink: /home/nano/miniCart_ros/install/miniCart/share/miniCart/launch/rsp.launch.py
[0.428s] -- Up-to-date symlink: /home/nano/miniCart_ros/install/miniCart/share/miniCart/worlds/Kitchen.world
[0.428s] -- Up-to-date symlink: /home/nano/miniCart_ros/install/miniCart/share/miniCart/worlds/empty.world
[0.430s] -- Up-to-date symlink: /home/nano/miniCart_ros/install/miniCart/share/ament_index/resource_index/package_run_dependencies/miniCart
[0.431s] -- Up-to-date symlink: /home/nano/miniCart_ros/install/miniCart/share/ament_index/resource_index/parent_prefix_path/miniCart
[0.432s] -- Up-to-date symlink: /home/nano/miniCart_ros/install/miniCart/share/miniCart/environment/ament_prefix_path.sh
[0.433s] -- Up-to-date symlink: /home/nano/miniCart_ros/install/miniCart/share/miniCart/environment/ament_prefix_path.dsv
[0.434s] -- Up-to-date symlink: /home/nano/miniCart_ros/install/miniCart/share/miniCart/environment/path.sh
[0.435s] -- Up-to-date symlink: /home/nano/miniCart_ros/install/miniCart/share/miniCart/environment/path.dsv
[0.436s] -- Up-to-date symlink: /home/nano/miniCart_ros/install/miniCart/share/miniCart/local_setup.bash
[0.438s] -- Up-to-date symlink: /home/nano/miniCart_ros/install/miniCart/share/miniCart/local_setup.sh
[0.439s] -- Up-to-date symlink: /home/nano/miniCart_ros/install/miniCart/share/miniCart/local_setup.zsh
[0.440s] -- Up-to-date symlink: /home/nano/miniCart_ros/install/miniCart/share/miniCart/local_setup.dsv
[0.441s] -- Symlinking: /home/nano/miniCart_ros/install/miniCart/share/miniCart/package.dsv
[0.473s] -- Up-to-date symlink: /home/nano/miniCart_ros/install/miniCart/share/ament_index/resource_index/packages/miniCart
[0.474s] -- Up-to-date symlink: /home/nano/miniCart_ros/install/miniCart/share/miniCart/cmake/miniCartConfig.cmake
[0.474s] -- Up-to-date symlink: /home/nano/miniCart_ros/install/miniCart/share/miniCart/cmake/miniCartConfig-version.cmake
[0.475s] -- Up-to-date symlink: /home/nano/miniCart_ros/install/miniCart/share/miniCart/package.xml
[0.483s] Invoked command in '/home/nano/miniCart_ros/build/miniCart' returned '0': CMAKE_PREFIX_PATH=${CMAKE_PREFIX_PATH}:/home/nano/miniCart_ros/install/motor_controls:/opt/ros/foxy /usr/bin/cmake --install /home/nano/miniCart_ros/build/miniCart
