[0.074s] Invoking command in '/home/nano/miniCart_ros/build/sabertooth_msg': CMAKE_PREFIX_PATH=/opt/ros/foxy /usr/bin/cmake /home/nano/miniCart_ros/src/sabertooth_msg -DAMENT_CMAKE_SYMLINK_INSTALL=1 -DCMAKE_INSTALL_PREFIX=/home/nano/miniCart_ros/install/sabertooth_msg
[0.135s] -- Found ament_cmake: 0.9.11 (/opt/ros/foxy/share/ament_cmake/cmake)
[0.200s] -- Found PythonInterp: /usr/bin/python3 (found suitable version "3.8.10", minimum required is "3") 
[0.200s] -- Using PYTHON_EXECUTABLE: /usr/bin/python3
[0.869s] -- Override CMake install command with custom implementation using symlinks instead of copying resources
[0.895s] -- Found ament_lint_auto: 0.9.8 (/opt/ros/foxy/share/ament_lint_auto/cmake)
[1.128s] -- Found rosidl_default_generators: 1.0.1 (/opt/ros/foxy/share/rosidl_default_generators/cmake)
[1.136s] -- Using all available rosidl_typesupport_c: rosidl_typesupport_fastrtps_c;rosidl_typesupport_introspection_c
[1.151s] -- Found rosidl_adapter: 1.3.0 (/opt/ros/foxy/share/rosidl_adapter/cmake)
[1.674s] -- Using all available rosidl_typesupport_cpp: rosidl_typesupport_fastrtps_cpp;rosidl_typesupport_introspection_cpp
[1.829s] -- Found PythonInterp: /usr/bin/python3 (found version "3.8.10") 
[2.095s] -- Found ament_cmake_ros: 0.9.2 (/opt/ros/foxy/share/ament_cmake_ros/cmake)
[2.474s] -- Using all available rosidl_typesupport_c: rosidl_typesupport_fastrtps_c;rosidl_typesupport_introspection_c
[2.505s] -- Using all available rosidl_typesupport_cpp: rosidl_typesupport_fastrtps_cpp;rosidl_typesupport_introspection_cpp
[2.568s] -- Found PythonInterp: /usr/bin/python3 (found suitable version "3.8.10", minimum required is "3.5") 
[2.573s] -- Found python_cmake_module: 0.8.1 (/opt/ros/foxy/share/python_cmake_module/cmake)
[2.648s] -- Found PythonLibs: /usr/lib/aarch64-linux-gnu/libpython3.8.so (found suitable version "3.8.10", minimum required is "3.5") 
[2.648s] -- Using PYTHON_EXECUTABLE: /usr/bin/python3
[2.649s] -- Using PYTHON_INCLUDE_DIRS: /usr/include/python3.8
[2.649s] -- Using PYTHON_LIBRARIES: /usr/lib/aarch64-linux-gnu/libpython3.8.so
[2.706s] -- Found PythonExtra: .so  
[2.880s] -- Added test 'copyright' to check source files copyright and LICENSE
[2.889s] -- Added test 'lint_cmake' to check CMake code style
[2.895s] -- Added test 'xmllint' to check XML markup files
[2.930s] -- Configuring done
[3.051s] -- Generating done
[3.063s] -- Build files have been written to: /home/nano/miniCart_ros/build/sabertooth_msg
[3.080s] Invoked command in '/home/nano/miniCart_ros/build/sabertooth_msg' returned '0': CMAKE_PREFIX_PATH=/opt/ros/foxy /usr/bin/cmake /home/nano/miniCart_ros/src/sabertooth_msg -DAMENT_CMAKE_SYMLINK_INSTALL=1 -DCMAKE_INSTALL_PREFIX=/home/nano/miniCart_ros/install/sabertooth_msg
[3.088s] Invoking command in '/home/nano/miniCart_ros/build/sabertooth_msg': CMAKE_PREFIX_PATH=/opt/ros/foxy /usr/bin/cmake --build /home/nano/miniCart_ros/build/sabertooth_msg -- -j4 -l4
[3.221s] [  2%] [34m[1mGenerating C code for ROS interfaces[0m
[3.226s] [35m[1mScanning dependencies of target sabertooth_msg__cpp[0m
[3.263s] [  5%] [34m[1mGenerating C++ code for ROS interfaces[0m
[4.551s] [  5%] Built target sabertooth_msg__cpp
[4.586s] [  7%] [34m[1mGenerating C++ type support dispatch for ROS interfaces[0m
[4.620s] [ 10%] [34m[1mGenerating C++ introspection for ROS interfaces[0m
[4.626s] [35m[1mScanning dependencies of target sabertooth_msg__rosidl_generator_c[0m
[4.627s] [ 12%] [34m[1mGenerating C++ type support for eProsima Fast-RTPS[0m
[4.671s] [ 15%] [32mBuilding C object CMakeFiles/sabertooth_msg__rosidl_generator_c.dir/rosidl_generator_c/sabertooth_msg/msg/detail/speed_vals__functions.c.o[0m
[5.006s] [ 17%] [32mBuilding C object CMakeFiles/sabertooth_msg__rosidl_generator_c.dir/rosidl_generator_c/sabertooth_msg/msg/detail/motor_command__functions.c.o[0m
[5.409s] [ 20%] [32m[1mLinking C shared library libsabertooth_msg__rosidl_generator_c.so[0m
[5.550s] [ 20%] Built target sabertooth_msg__rosidl_generator_c
[5.589s] [ 23%] [34m[1mGenerating C introspection for ROS interfaces[0m
[5.778s] [35m[1mScanning dependencies of target sabertooth_msg__rosidl_typesupport_cpp[0m
[5.854s] [ 25%] [32mBuilding CXX object CMakeFiles/sabertooth_msg__rosidl_typesupport_cpp.dir/rosidl_typesupport_cpp/sabertooth_msg/msg/speed_vals__type_support.cpp.o[0m
[5.921s] [35m[1mScanning dependencies of target sabertooth_msg__rosidl_typesupport_introspection_cpp[0m
[6.003s] [ 28%] [32mBuilding CXX object CMakeFiles/sabertooth_msg__rosidl_typesupport_introspection_cpp.dir/rosidl_typesupport_introspection_cpp/sabertooth_msg/msg/detail/speed_vals__type_support.cpp.o[0m
[6.009s] [35m[1mScanning dependencies of target sabertooth_msg__rosidl_typesupport_fastrtps_cpp[0m
[6.106s] [ 30%] [32mBuilding CXX object CMakeFiles/sabertooth_msg__rosidl_typesupport_fastrtps_cpp.dir/rosidl_typesupport_fastrtps_cpp/sabertooth_msg/msg/detail/dds_fastrtps/speed_vals__type_support.cpp.o[0m
[6.945s] [35m[1mScanning dependencies of target sabertooth_msg__rosidl_typesupport_introspection_c[0m
[7.032s] [ 33%] [32mBuilding C object CMakeFiles/sabertooth_msg__rosidl_typesupport_introspection_c.dir/rosidl_typesupport_introspection_c/sabertooth_msg/msg/detail/speed_vals__type_support.c.o[0m
[7.170s] [ 35%] [32mBuilding C object CMakeFiles/sabertooth_msg__rosidl_typesupport_introspection_c.dir/rosidl_typesupport_introspection_c/sabertooth_msg/msg/detail/motor_command__type_support.c.o[0m
[7.223s] [ 38%] [32mBuilding CXX object CMakeFiles/sabertooth_msg__rosidl_typesupport_cpp.dir/rosidl_typesupport_cpp/sabertooth_msg/msg/motor_command__type_support.cpp.o[0m
[7.307s] [ 41%] [32m[1mLinking C shared library libsabertooth_msg__rosidl_typesupport_introspection_c.so[0m
[7.371s] [ 43%] [32mBuilding CXX object CMakeFiles/sabertooth_msg__rosidl_typesupport_introspection_cpp.dir/rosidl_typesupport_introspection_cpp/sabertooth_msg/msg/detail/motor_command__type_support.cpp.o[0m
[7.430s] [ 43%] Built target sabertooth_msg__rosidl_typesupport_introspection_c
[7.479s] [ 46%] [32mBuilding CXX object CMakeFiles/sabertooth_msg__rosidl_typesupport_fastrtps_cpp.dir/rosidl_typesupport_fastrtps_cpp/sabertooth_msg/msg/detail/dds_fastrtps/motor_command__type_support.cpp.o[0m
[8.149s] [ 48%] [34m[1mGenerating C type support dispatch for ROS interfaces[0m
[8.589s] [ 51%] [32m[1mLinking CXX shared library libsabertooth_msg__rosidl_typesupport_cpp.so[0m
[8.721s] [ 53%] [32m[1mLinking CXX shared library libsabertooth_msg__rosidl_typesupport_introspection_cpp.so[0m
[8.746s] [ 53%] Built target sabertooth_msg__rosidl_typesupport_cpp
[8.860s] [ 53%] Built target sabertooth_msg__rosidl_typesupport_introspection_cpp
[9.410s] [35m[1mScanning dependencies of target sabertooth_msg__rosidl_typesupport_c[0m
[9.442s] [ 56%] [32m[1mLinking CXX shared library libsabertooth_msg__rosidl_typesupport_fastrtps_cpp.so[0m
[9.452s] [ 61%] [32mBuilding CXX object CMakeFiles/sabertooth_msg__rosidl_typesupport_c.dir/rosidl_typesupport_c/sabertooth_msg/msg/motor_command__type_support.cpp.o[0m
[9.453s] [ 61%] [32mBuilding CXX object CMakeFiles/sabertooth_msg__rosidl_typesupport_c.dir/rosidl_typesupport_c/sabertooth_msg/msg/speed_vals__type_support.cpp.o[0m
[9.567s] [ 64%] [32m[1mLinking CXX shared library libsabertooth_msg__rosidl_typesupport_c.so[0m
[9.706s] [ 64%] Built target sabertooth_msg__rosidl_typesupport_c
[9.793s] [ 64%] Built target sabertooth_msg__rosidl_typesupport_fastrtps_cpp
[9.827s] [ 66%] [34m[1mGenerating C type support for eProsima Fast-RTPS[0m
[10.973s] [35m[1mScanning dependencies of target sabertooth_msg__rosidl_typesupport_fastrtps_c[0m
[11.023s] [ 69%] [32mBuilding CXX object CMakeFiles/sabertooth_msg__rosidl_typesupport_fastrtps_c.dir/rosidl_typesupport_fastrtps_c/sabertooth_msg/msg/detail/speed_vals__type_support_c.cpp.o[0m
[11.024s] [ 71%] [32mBuilding CXX object CMakeFiles/sabertooth_msg__rosidl_typesupport_fastrtps_c.dir/rosidl_typesupport_fastrtps_c/sabertooth_msg/msg/detail/motor_command__type_support_c.cpp.o[0m
[12.476s] [ 74%] [32m[1mLinking CXX shared library libsabertooth_msg__rosidl_typesupport_fastrtps_c.so[0m
[12.789s] [ 74%] Built target sabertooth_msg__rosidl_typesupport_fastrtps_c
[12.820s] [35m[1mScanning dependencies of target sabertooth_msg[0m
[12.853s] [ 74%] Built target sabertooth_msg
[12.885s] [35m[1mScanning dependencies of target sabertooth_msg__py[0m
[12.918s] [ 76%] [34m[1mGenerating Python code for ROS interfaces[0m
[15.070s] [ 76%] Built target sabertooth_msg__py
[15.102s] [35m[1mScanning dependencies of target sabertooth_msg__python[0m
[15.232s] [ 82%] [32mBuilding C object CMakeFiles/sabertooth_msg__python.dir/rosidl_generator_py/sabertooth_msg/msg/_motor_command_s.c.o[0m
[15.232s] [ 82%] [32mBuilding C object CMakeFiles/sabertooth_msg__python.dir/rosidl_generator_py/sabertooth_msg/msg/_speed_vals_s.c.o[0m
[15.643s] [ 84%] [32m[1mLinking C shared library rosidl_generator_py/sabertooth_msg/libsabertooth_msg__python.so[0m
[15.771s] [ 84%] Built target sabertooth_msg__python
[15.805s] [35m[1mScanning dependencies of target sabertooth_msg__rosidl_typesupport_c__pyext[0m
[15.805s] [35m[1mScanning dependencies of target sabertooth_msg__rosidl_typesupport_introspection_c__pyext[0m
[15.806s] [35m[1mScanning dependencies of target sabertooth_msg__rosidl_typesupport_fastrtps_c__pyext[0m
[15.872s] [ 87%] [32mBuilding C object CMakeFiles/sabertooth_msg__rosidl_typesupport_c__pyext.dir/rosidl_generator_py/sabertooth_msg/_sabertooth_msg_s.ep.rosidl_typesupport_c.c.o[0m
[15.884s] [ 89%] [32mBuilding C object CMakeFiles/sabertooth_msg__rosidl_typesupport_fastrtps_c__pyext.dir/rosidl_generator_py/sabertooth_msg/_sabertooth_msg_s.ep.rosidl_typesupport_fastrtps_c.c.o[0m
[15.897s] [ 92%] [32mBuilding C object CMakeFiles/sabertooth_msg__rosidl_typesupport_introspection_c__pyext.dir/rosidl_generator_py/sabertooth_msg/_sabertooth_msg_s.ep.rosidl_typesupport_introspection_c.c.o[0m
[16.236s] [ 94%] [32m[1mLinking C shared library rosidl_generator_py/sabertooth_msg/sabertooth_msg_s__rosidl_typesupport_c.cpython-38-aarch64-linux-gnu.so[0m
[16.249s] [ 97%] [32m[1mLinking CXX shared library rosidl_generator_py/sabertooth_msg/sabertooth_msg_s__rosidl_typesupport_fastrtps_c.cpython-38-aarch64-linux-gnu.so[0m
[16.285s] [100%] [32m[1mLinking C shared library rosidl_generator_py/sabertooth_msg/sabertooth_msg_s__rosidl_typesupport_introspection_c.cpython-38-aarch64-linux-gnu.so[0m
[16.365s] [100%] Built target sabertooth_msg__rosidl_typesupport_c__pyext
[16.420s] [100%] Built target sabertooth_msg__rosidl_typesupport_introspection_c__pyext
[16.477s] [100%] Built target sabertooth_msg__rosidl_typesupport_fastrtps_c__pyext
[16.517s] Invoked command in '/home/nano/miniCart_ros/build/sabertooth_msg' returned '0': CMAKE_PREFIX_PATH=/opt/ros/foxy /usr/bin/cmake --build /home/nano/miniCart_ros/build/sabertooth_msg -- -j4 -l4
[16.682s] Invoking command in '/home/nano/miniCart_ros/build/sabertooth_msg': CMAKE_PREFIX_PATH=/opt/ros/foxy /usr/bin/cmake --install /home/nano/miniCart_ros/build/sabertooth_msg
[16.715s] -- Install configuration: ""
[16.717s] -- Execute custom install script
[16.719s] -- Symlinking: /home/nano/miniCart_ros/install/sabertooth_msg/share/ament_index/resource_index/rosidl_interfaces/sabertooth_msg
[16.750s] -- Symlinking: /home/nano/miniCart_ros/install/sabertooth_msg/include/sabertooth_msg/msg/detail/motor_command__functions.h
[16.779s] -- Symlinking: /home/nano/miniCart_ros/install/sabertooth_msg/include/sabertooth_msg/msg/detail/motor_command__struct.h
[16.808s] -- Symlinking: /home/nano/miniCart_ros/install/sabertooth_msg/include/sabertooth_msg/msg/detail/motor_command__type_support.h
[16.838s] -- Symlinking: /home/nano/miniCart_ros/install/sabertooth_msg/include/sabertooth_msg/msg/detail/speed_vals__functions.h
[16.868s] -- Symlinking: /home/nano/miniCart_ros/install/sabertooth_msg/include/sabertooth_msg/msg/detail/speed_vals__struct.h
[16.896s] -- Symlinking: /home/nano/miniCart_ros/install/sabertooth_msg/include/sabertooth_msg/msg/detail/speed_vals__type_support.h
[16.925s] -- Symlinking: /home/nano/miniCart_ros/install/sabertooth_msg/include/sabertooth_msg/msg/motor_command.h
[16.955s] -- Symlinking: /home/nano/miniCart_ros/install/sabertooth_msg/include/sabertooth_msg/msg/rosidl_generator_c__visibility_control.h
[16.985s] -- Symlinking: /home/nano/miniCart_ros/install/sabertooth_msg/include/sabertooth_msg/msg/speed_vals.h
[17.014s] -- Symlinking: /home/nano/miniCart_ros/install/sabertooth_msg/share/sabertooth_msg/environment/library_path.sh
[17.044s] -- Symlinking: /home/nano/miniCart_ros/install/sabertooth_msg/share/sabertooth_msg/environment/library_path.dsv
[17.075s] -- Symlinking: /home/nano/miniCart_ros/install/sabertooth_msg/include/sabertooth_msg/msg/detail/motor_command__rosidl_typesupport_fastrtps_c.h
[17.106s] -- Symlinking: /home/nano/miniCart_ros/install/sabertooth_msg/include/sabertooth_msg/msg/detail/speed_vals__rosidl_typesupport_fastrtps_c.h
[17.137s] -- Symlinking: /home/nano/miniCart_ros/install/sabertooth_msg/include/sabertooth_msg/msg/rosidl_typesupport_fastrtps_c__visibility_control.h
[17.167s] -- Symlinking: /home/nano/miniCart_ros/install/sabertooth_msg/lib/libsabertooth_msg__rosidl_typesupport_fastrtps_c.so
[17.198s] -- Symlinking: /home/nano/miniCart_ros/install/sabertooth_msg/include/sabertooth_msg/msg/detail/motor_command__rosidl_typesupport_fastrtps_cpp.hpp
[17.227s] -- Symlinking: /home/nano/miniCart_ros/install/sabertooth_msg/include/sabertooth_msg/msg/detail/speed_vals__rosidl_typesupport_fastrtps_cpp.hpp
[17.256s] -- Symlinking: /home/nano/miniCart_ros/install/sabertooth_msg/include/sabertooth_msg/msg/rosidl_typesupport_fastrtps_cpp__visibility_control.h
[17.286s] -- Symlinking: /home/nano/miniCart_ros/install/sabertooth_msg/lib/libsabertooth_msg__rosidl_typesupport_fastrtps_cpp.so
[17.318s] -- Symlinking: /home/nano/miniCart_ros/install/sabertooth_msg/include/sabertooth_msg/msg/detail/motor_command__rosidl_typesupport_introspection_c.h
[17.347s] -- Symlinking: /home/nano/miniCart_ros/install/sabertooth_msg/include/sabertooth_msg/msg/detail/speed_vals__rosidl_typesupport_introspection_c.h
[17.375s] -- Symlinking: /home/nano/miniCart_ros/install/sabertooth_msg/include/sabertooth_msg/msg/rosidl_typesupport_introspection_c__visibility_control.h
[17.407s] -- Symlinking: /home/nano/miniCart_ros/install/sabertooth_msg/include/sabertooth_msg/msg/detail/motor_command__builder.hpp
[17.436s] -- Symlinking: /home/nano/miniCart_ros/install/sabertooth_msg/include/sabertooth_msg/msg/detail/motor_command__struct.hpp
[17.465s] -- Symlinking: /home/nano/miniCart_ros/install/sabertooth_msg/include/sabertooth_msg/msg/detail/motor_command__traits.hpp
[17.495s] -- Symlinking: /home/nano/miniCart_ros/install/sabertooth_msg/include/sabertooth_msg/msg/detail/speed_vals__builder.hpp
[17.525s] -- Symlinking: /home/nano/miniCart_ros/install/sabertooth_msg/include/sabertooth_msg/msg/detail/speed_vals__struct.hpp
[17.553s] -- Symlinking: /home/nano/miniCart_ros/install/sabertooth_msg/include/sabertooth_msg/msg/detail/speed_vals__traits.hpp
[17.582s] -- Symlinking: /home/nano/miniCart_ros/install/sabertooth_msg/include/sabertooth_msg/msg/motor_command.hpp
[17.611s] -- Symlinking: /home/nano/miniCart_ros/install/sabertooth_msg/include/sabertooth_msg/msg/speed_vals.hpp
[17.643s] -- Symlinking: /home/nano/miniCart_ros/install/sabertooth_msg/include/sabertooth_msg/msg/detail/motor_command__rosidl_typesupport_introspection_cpp.hpp
[17.672s] -- Symlinking: /home/nano/miniCart_ros/install/sabertooth_msg/include/sabertooth_msg/msg/detail/speed_vals__rosidl_typesupport_introspection_cpp.hpp
[17.701s] -- Symlinking: /home/nano/miniCart_ros/install/sabertooth_msg/share/sabertooth_msg/environment/pythonpath.sh
[17.733s] -- Symlinking: /home/nano/miniCart_ros/install/sabertooth_msg/share/sabertooth_msg/environment/pythonpath.dsv
[17.764s] -- Symlinking: /home/nano/miniCart_ros/install/sabertooth_msg/lib/python3.8/site-packages/sabertooth_msg/__init__.py
[17.796s] -- Symlinking: /home/nano/miniCart_ros/install/sabertooth_msg/lib/python3.8/site-packages/sabertooth_msg/msg/__init__.py
[17.825s] -- Symlinking: /home/nano/miniCart_ros/install/sabertooth_msg/lib/python3.8/site-packages/sabertooth_msg/msg/_motor_command.py
[17.855s] -- Symlinking: /home/nano/miniCart_ros/install/sabertooth_msg/lib/python3.8/site-packages/sabertooth_msg/msg/_speed_vals.py
[17.885s] -- Symlinking: /home/nano/miniCart_ros/install/sabertooth_msg/lib/python3.8/site-packages/sabertooth_msg/sabertooth_msg_s__rosidl_typesupport_fastrtps_c.cpython-38-aarch64-linux-gnu.so
[17.915s] -- Symlinking: /home/nano/miniCart_ros/install/sabertooth_msg/lib/python3.8/site-packages/sabertooth_msg/sabertooth_msg_s__rosidl_typesupport_introspection_c.cpython-38-aarch64-linux-gnu.so
[17.946s] -- Symlinking: /home/nano/miniCart_ros/install/sabertooth_msg/lib/python3.8/site-packages/sabertooth_msg/sabertooth_msg_s__rosidl_typesupport_c.cpython-38-aarch64-linux-gnu.so
[17.975s] -- Symlinking: /home/nano/miniCart_ros/install/sabertooth_msg/lib/libsabertooth_msg__python.so
[18.004s] -- Symlinking: /home/nano/miniCart_ros/install/sabertooth_msg/share/sabertooth_msg/msg/SpeedVals.idl
[18.034s] -- Symlinking: /home/nano/miniCart_ros/install/sabertooth_msg/share/sabertooth_msg/msg/MotorCommand.idl
[18.064s] -- Symlinking: /home/nano/miniCart_ros/install/sabertooth_msg/share/sabertooth_msg/msg/SpeedVals.msg
[18.093s] -- Symlinking: /home/nano/miniCart_ros/install/sabertooth_msg/share/sabertooth_msg/msg/MotorCommand.msg
[18.122s] -- Symlinking: /home/nano/miniCart_ros/install/sabertooth_msg/share/ament_index/resource_index/package_run_dependencies/sabertooth_msg
[18.155s] -- Symlinking: /home/nano/miniCart_ros/install/sabertooth_msg/share/ament_index/resource_index/parent_prefix_path/sabertooth_msg
[18.189s] -- Symlinking: /home/nano/miniCart_ros/install/sabertooth_msg/share/sabertooth_msg/environment/ament_prefix_path.sh
[18.255s] -- Symlinking: /home/nano/miniCart_ros/install/sabertooth_msg/share/sabertooth_msg/environment/ament_prefix_path.dsv
[18.290s] -- Symlinking: /home/nano/miniCart_ros/install/sabertooth_msg/share/sabertooth_msg/environment/path.sh
[18.327s] -- Symlinking: /home/nano/miniCart_ros/install/sabertooth_msg/share/sabertooth_msg/environment/path.dsv
[18.356s] -- Symlinking: /home/nano/miniCart_ros/install/sabertooth_msg/share/sabertooth_msg/local_setup.bash
[18.385s] -- Symlinking: /home/nano/miniCart_ros/install/sabertooth_msg/share/sabertooth_msg/local_setup.sh
[18.415s] -- Symlinking: /home/nano/miniCart_ros/install/sabertooth_msg/share/sabertooth_msg/local_setup.zsh
[18.445s] -- Symlinking: /home/nano/miniCart_ros/install/sabertooth_msg/share/sabertooth_msg/local_setup.dsv
[18.477s] -- Symlinking: /home/nano/miniCart_ros/install/sabertooth_msg/share/sabertooth_msg/package.dsv
[18.508s] -- Symlinking: /home/nano/miniCart_ros/install/sabertooth_msg/share/ament_index/resource_index/packages/sabertooth_msg
[18.539s] -- Symlinking: /home/nano/miniCart_ros/install/sabertooth_msg/share/sabertooth_msg/cmake/rosidl_cmake-extras.cmake
[18.568s] -- Symlinking: /home/nano/miniCart_ros/install/sabertooth_msg/share/sabertooth_msg/cmake/ament_cmake_export_dependencies-extras.cmake
[18.598s] -- Symlinking: /home/nano/miniCart_ros/install/sabertooth_msg/share/sabertooth_msg/cmake/ament_cmake_export_libraries-extras.cmake
[18.632s] -- Symlinking: /home/nano/miniCart_ros/install/sabertooth_msg/share/sabertooth_msg/cmake/ament_cmake_export_targets-extras.cmake
[18.662s] -- Symlinking: /home/nano/miniCart_ros/install/sabertooth_msg/share/sabertooth_msg/cmake/ament_cmake_export_include_directories-extras.cmake
[18.691s] -- Symlinking: /home/nano/miniCart_ros/install/sabertooth_msg/share/sabertooth_msg/cmake/rosidl_cmake_export_typesupport_libraries-extras.cmake
[18.721s] -- Symlinking: /home/nano/miniCart_ros/install/sabertooth_msg/share/sabertooth_msg/cmake/rosidl_cmake_export_typesupport_targets-extras.cmake
[18.751s] -- Symlinking: /home/nano/miniCart_ros/install/sabertooth_msg/share/sabertooth_msg/cmake/sabertooth_msgConfig.cmake
[18.780s] -- Symlinking: /home/nano/miniCart_ros/install/sabertooth_msg/share/sabertooth_msg/cmake/sabertooth_msgConfig-version.cmake
[18.810s] -- Symlinking: /home/nano/miniCart_ros/install/sabertooth_msg/share/sabertooth_msg/package.xml
[18.840s] -- Installing: /home/nano/miniCart_ros/install/sabertooth_msg/lib/libsabertooth_msg__rosidl_generator_c.so
[18.841s] -- Set runtime path of "/home/nano/miniCart_ros/install/sabertooth_msg/lib/libsabertooth_msg__rosidl_generator_c.so" to ""
[18.842s] -- Installing: /home/nano/miniCart_ros/install/sabertooth_msg/lib/libsabertooth_msg__rosidl_typesupport_introspection_c.so
[18.843s] -- Set runtime path of "/home/nano/miniCart_ros/install/sabertooth_msg/lib/libsabertooth_msg__rosidl_typesupport_introspection_c.so" to ""
[18.844s] -- Installing: /home/nano/miniCart_ros/install/sabertooth_msg/lib/libsabertooth_msg__rosidl_typesupport_c.so
[18.845s] -- Set runtime path of "/home/nano/miniCart_ros/install/sabertooth_msg/lib/libsabertooth_msg__rosidl_typesupport_c.so" to ""
[18.846s] -- Installing: /home/nano/miniCart_ros/install/sabertooth_msg/lib/libsabertooth_msg__rosidl_typesupport_introspection_cpp.so
[18.847s] -- Set runtime path of "/home/nano/miniCart_ros/install/sabertooth_msg/lib/libsabertooth_msg__rosidl_typesupport_introspection_cpp.so" to ""
[18.848s] -- Installing: /home/nano/miniCart_ros/install/sabertooth_msg/lib/libsabertooth_msg__rosidl_typesupport_cpp.so
[18.849s] -- Set runtime path of "/home/nano/miniCart_ros/install/sabertooth_msg/lib/libsabertooth_msg__rosidl_typesupport_cpp.so" to ""
[18.974s] Compiling '/home/nano/miniCart_ros/install/sabertooth_msg/lib/python3.8/site-packages/sabertooth_msg/__init__.py'...
[19.000s] -- Installing: /home/nano/miniCart_ros/install/sabertooth_msg/share/sabertooth_msg/cmake/sabertooth_msg__rosidl_generator_cExport.cmake
[19.001s] -- Installing: /home/nano/miniCart_ros/install/sabertooth_msg/share/sabertooth_msg/cmake/sabertooth_msg__rosidl_generator_cExport-noconfig.cmake
[19.003s] -- Installing: /home/nano/miniCart_ros/install/sabertooth_msg/share/sabertooth_msg/cmake/sabertooth_msg__rosidl_typesupport_introspection_cExport.cmake
[19.004s] -- Installing: /home/nano/miniCart_ros/install/sabertooth_msg/share/sabertooth_msg/cmake/sabertooth_msg__rosidl_typesupport_introspection_cExport-noconfig.cmake
[19.005s] -- Installing: /home/nano/miniCart_ros/install/sabertooth_msg/share/sabertooth_msg/cmake/sabertooth_msg__rosidl_typesupport_cExport.cmake
[19.005s] -- Installing: /home/nano/miniCart_ros/install/sabertooth_msg/share/sabertooth_msg/cmake/sabertooth_msg__rosidl_typesupport_cExport-noconfig.cmake
[19.006s] -- Installing: /home/nano/miniCart_ros/install/sabertooth_msg/share/sabertooth_msg/cmake/sabertooth_msg__rosidl_generator_cppExport.cmake
[19.008s] -- Installing: /home/nano/miniCart_ros/install/sabertooth_msg/share/sabertooth_msg/cmake/sabertooth_msg__rosidl_typesupport_introspection_cppExport.cmake
[19.010s] -- Installing: /home/nano/miniCart_ros/install/sabertooth_msg/share/sabertooth_msg/cmake/sabertooth_msg__rosidl_typesupport_introspection_cppExport-noconfig.cmake
[19.014s] -- Installing: /home/nano/miniCart_ros/install/sabertooth_msg/share/sabertooth_msg/cmake/sabertooth_msg__rosidl_typesupport_cppExport.cmake
[19.018s] -- Installing: /home/nano/miniCart_ros/install/sabertooth_msg/share/sabertooth_msg/cmake/sabertooth_msg__rosidl_typesupport_cppExport-noconfig.cmake
[19.033s] Invoked command in '/home/nano/miniCart_ros/build/sabertooth_msg' returned '0': CMAKE_PREFIX_PATH=/opt/ros/foxy /usr/bin/cmake --install /home/nano/miniCart_ros/build/sabertooth_msg
