running develop
running egg_info
creating motor_controls.egg-info
writing motor_controls.egg-info/PKG-INFO
writing dependency_links to motor_controls.egg-info/dependency_links.txt
writing entry points to motor_controls.egg-info/entry_points.txt
writing requirements to motor_controls.egg-info/requires.txt
writing top-level names to motor_controls.egg-info/top_level.txt
writing manifest file 'motor_controls.egg-info/SOURCES.txt'
reading manifest file 'motor_controls.egg-info/SOURCES.txt'
writing manifest file 'motor_controls.egg-info/SOURCES.txt'
running build_ext
Creating /home/nano/miniCart_ros/install/motor_controls/lib/python3.8/site-packages/site.py
Creating /home/nano/miniCart_ros/install/motor_controls/lib/python3.8/site-packages/motor-controls.egg-link (link to .)
Installing control = motor_controls.Controller:maindriver script to /home/nano/miniCart_ros/install/motor_controls/lib/motor_controls

Installed /home/nano/miniCart_ros/build/motor_controls
running install_data
creating /home/nano/miniCart_ros/install/motor_controls/share/ament_index
creating /home/nano/miniCart_ros/install/motor_controls/share/ament_index/resource_index
creating /home/nano/miniCart_ros/install/motor_controls/share/ament_index/resource_index/packages
copying resource/motor_controls -> /home/nano/miniCart_ros/install/motor_controls/share/ament_index/resource_index/packages
copying package.xml -> /home/nano/miniCart_ros/install/motor_controls/share/motor_controls
