[2.202s] Invoking command in '/home/nano/miniCart_ros/build/motor_controls': AMENT_PREFIX_PATH=/home/nano/miniCart_ros/install/sabertooth_msg:${AMENT_PREFIX_PATH} CMAKE_PREFIX_PATH=/home/nano/miniCart_ros/install/sabertooth_msg LD_LIBRARY_PATH=/home/nano/miniCart_ros/install/sabertooth_msg/lib:${LD_LIBRARY_PATH} PYTHONPATH=/home/nano/miniCart_ros/build/motor_controls/prefix_override:/home/nano/miniCart_ros/install/motor_controls/lib/python3.8/site-packages:/home/nano/miniCart_ros/install/sabertooth_msg/lib/python3.8/site-packages:${PYTHONPATH} /usr/bin/python3 setup.py develop --editable --build-directory /home/nano/miniCart_ros/build/motor_controls/build --no-deps install_data
[2.998s] running develop
[3.428s] running egg_info
[3.429s] creating motor_controls.egg-info
[3.429s] writing motor_controls.egg-info/PKG-INFO
[3.430s] writing dependency_links to motor_controls.egg-info/dependency_links.txt
[3.430s] writing entry points to motor_controls.egg-info/entry_points.txt
[3.431s] writing requirements to motor_controls.egg-info/requires.txt
[3.431s] writing top-level names to motor_controls.egg-info/top_level.txt
[3.435s] writing manifest file 'motor_controls.egg-info/SOURCES.txt'
[3.582s] reading manifest file 'motor_controls.egg-info/SOURCES.txt'
[3.585s] writing manifest file 'motor_controls.egg-info/SOURCES.txt'
[3.591s] running build_ext
[3.592s] Creating /home/nano/miniCart_ros/install/motor_controls/lib/python3.8/site-packages/site.py
[3.600s] Creating /home/nano/miniCart_ros/install/motor_controls/lib/python3.8/site-packages/motor-controls.egg-link (link to .)
[3.603s] Installing control = motor_controls.Controller:maindriver script to /home/nano/miniCart_ros/install/motor_controls/lib/motor_controls
[3.604s] 
[3.605s] Installed /home/nano/miniCart_ros/build/motor_controls
[3.605s] running install_data
[3.606s] creating /home/nano/miniCart_ros/install/motor_controls/share/ament_index
[3.606s] creating /home/nano/miniCart_ros/install/motor_controls/share/ament_index/resource_index
[3.607s] creating /home/nano/miniCart_ros/install/motor_controls/share/ament_index/resource_index/packages
[3.607s] copying resource/motor_controls -> /home/nano/miniCart_ros/install/motor_controls/share/ament_index/resource_index/packages
[3.608s] copying package.xml -> /home/nano/miniCart_ros/install/motor_controls/share/motor_controls
[3.716s] Invoked command in '/home/nano/miniCart_ros/build/motor_controls' returned '0': AMENT_PREFIX_PATH=/home/nano/miniCart_ros/install/sabertooth_msg:${AMENT_PREFIX_PATH} CMAKE_PREFIX_PATH=/home/nano/miniCart_ros/install/sabertooth_msg LD_LIBRARY_PATH=/home/nano/miniCart_ros/install/sabertooth_msg/lib:${LD_LIBRARY_PATH} PYTHONPATH=/home/nano/miniCart_ros/build/motor_controls/prefix_override:/home/nano/miniCart_ros/install/motor_controls/lib/python3.8/site-packages:/home/nano/miniCart_ros/install/sabertooth_msg/lib/python3.8/site-packages:${PYTHONPATH} /usr/bin/python3 setup.py develop --editable --build-directory /home/nano/miniCart_ros/build/motor_controls/build --no-deps install_data
