[  2%] Built target sabertooth_msg__cpp
[ 12%] Built target sabertooth_msg__rosidl_generator_c
[ 23%] Built target sabertooth_msg__rosidl_typesupport_cpp
[ 33%] Built target sabertooth_msg__rosidl_typesupport_introspection_cpp
[ 43%] Built target sabertooth_msg__rosidl_typesupport_introspection_c
[ 53%] Built target sabertooth_msg__rosidl_typesupport_fastrtps_cpp
[ 64%] Built target sabertooth_msg__rosidl_typesupport_c
[ 74%] Built target sabertooth_msg__rosidl_typesupport_fastrtps_c
[ 74%] Built target sabertooth_msg
[ 76%] Built target sabertooth_msg__py
[ 84%] Built target sabertooth_msg__python
[ 94%] Built target sabertooth_msg__rosidl_typesupport_c__pyext
[ 94%] Built target sabertooth_msg__rosidl_typesupport_fastrtps_c__pyext
[100%] Built target sabertooth_msg__rosidl_typesupport_introspection_c__pyext
-- Install configuration: ""
-- Execute custom install script
-- Up-to-date symlink: /home/nano/miniCart_ros/install/sabertooth_msg/share/ament_index/resource_index/rosidl_interfaces/sabertooth_msg
-- Up-to-date symlink: /home/nano/miniCart_ros/install/sabertooth_msg/include/sabertooth_msg/msg/detail/motor_command__functions.h
-- Up-to-date symlink: /home/nano/miniCart_ros/install/sabertooth_msg/include/sabertooth_msg/msg/detail/motor_command__struct.h
-- Up-to-date symlink: /home/nano/miniCart_ros/install/sabertooth_msg/include/sabertooth_msg/msg/detail/motor_command__type_support.h
-- Up-to-date symlink: /home/nano/miniCart_ros/install/sabertooth_msg/include/sabertooth_msg/msg/detail/speed_vals__functions.h
-- Up-to-date symlink: /home/nano/miniCart_ros/install/sabertooth_msg/include/sabertooth_msg/msg/detail/speed_vals__struct.h
-- Up-to-date symlink: /home/nano/miniCart_ros/install/sabertooth_msg/include/sabertooth_msg/msg/detail/speed_vals__type_support.h
-- Up-to-date symlink: /home/nano/miniCart_ros/install/sabertooth_msg/include/sabertooth_msg/msg/motor_command.h
-- Up-to-date symlink: /home/nano/miniCart_ros/install/sabertooth_msg/include/sabertooth_msg/msg/rosidl_generator_c__visibility_control.h
-- Up-to-date symlink: /home/nano/miniCart_ros/install/sabertooth_msg/include/sabertooth_msg/msg/speed_vals.h
-- Up-to-date symlink: /home/nano/miniCart_ros/install/sabertooth_msg/share/sabertooth_msg/environment/library_path.sh
-- Up-to-date symlink: /home/nano/miniCart_ros/install/sabertooth_msg/share/sabertooth_msg/environment/library_path.dsv
-- Up-to-date symlink: /home/nano/miniCart_ros/install/sabertooth_msg/include/sabertooth_msg/msg/detail/motor_command__rosidl_typesupport_fastrtps_c.h
-- Up-to-date symlink: /home/nano/miniCart_ros/install/sabertooth_msg/include/sabertooth_msg/msg/detail/speed_vals__rosidl_typesupport_fastrtps_c.h
-- Up-to-date symlink: /home/nano/miniCart_ros/install/sabertooth_msg/include/sabertooth_msg/msg/rosidl_typesupport_fastrtps_c__visibility_control.h
-- Up-to-date symlink: /home/nano/miniCart_ros/install/sabertooth_msg/lib/libsabertooth_msg__rosidl_typesupport_fastrtps_c.so
-- Up-to-date symlink: /home/nano/miniCart_ros/install/sabertooth_msg/include/sabertooth_msg/msg/detail/motor_command__rosidl_typesupport_fastrtps_cpp.hpp
-- Up-to-date symlink: /home/nano/miniCart_ros/install/sabertooth_msg/include/sabertooth_msg/msg/detail/speed_vals__rosidl_typesupport_fastrtps_cpp.hpp
-- Up-to-date symlink: /home/nano/miniCart_ros/install/sabertooth_msg/include/sabertooth_msg/msg/rosidl_typesupport_fastrtps_cpp__visibility_control.h
-- Up-to-date symlink: /home/nano/miniCart_ros/install/sabertooth_msg/lib/libsabertooth_msg__rosidl_typesupport_fastrtps_cpp.so
-- Up-to-date symlink: /home/nano/miniCart_ros/install/sabertooth_msg/include/sabertooth_msg/msg/detail/motor_command__rosidl_typesupport_introspection_c.h
-- Up-to-date symlink: /home/nano/miniCart_ros/install/sabertooth_msg/include/sabertooth_msg/msg/detail/speed_vals__rosidl_typesupport_introspection_c.h
-- Up-to-date symlink: /home/nano/miniCart_ros/install/sabertooth_msg/include/sabertooth_msg/msg/rosidl_typesupport_introspection_c__visibility_control.h
-- Up-to-date symlink: /home/nano/miniCart_ros/install/sabertooth_msg/include/sabertooth_msg/msg/detail/motor_command__builder.hpp
-- Up-to-date symlink: /home/nano/miniCart_ros/install/sabertooth_msg/include/sabertooth_msg/msg/detail/motor_command__struct.hpp
-- Up-to-date symlink: /home/nano/miniCart_ros/install/sabertooth_msg/include/sabertooth_msg/msg/detail/motor_command__traits.hpp
-- Up-to-date symlink: /home/nano/miniCart_ros/install/sabertooth_msg/include/sabertooth_msg/msg/detail/speed_vals__builder.hpp
-- Up-to-date symlink: /home/nano/miniCart_ros/install/sabertooth_msg/include/sabertooth_msg/msg/detail/speed_vals__struct.hpp
-- Up-to-date symlink: /home/nano/miniCart_ros/install/sabertooth_msg/include/sabertooth_msg/msg/detail/speed_vals__traits.hpp
-- Up-to-date symlink: /home/nano/miniCart_ros/install/sabertooth_msg/include/sabertooth_msg/msg/motor_command.hpp
-- Up-to-date symlink: /home/nano/miniCart_ros/install/sabertooth_msg/include/sabertooth_msg/msg/speed_vals.hpp
-- Up-to-date symlink: /home/nano/miniCart_ros/install/sabertooth_msg/include/sabertooth_msg/msg/detail/motor_command__rosidl_typesupport_introspection_cpp.hpp
-- Up-to-date symlink: /home/nano/miniCart_ros/install/sabertooth_msg/include/sabertooth_msg/msg/detail/speed_vals__rosidl_typesupport_introspection_cpp.hpp
-- Up-to-date symlink: /home/nano/miniCart_ros/install/sabertooth_msg/share/sabertooth_msg/environment/pythonpath.sh
-- Up-to-date symlink: /home/nano/miniCart_ros/install/sabertooth_msg/share/sabertooth_msg/environment/pythonpath.dsv
-- Up-to-date symlink: /home/nano/miniCart_ros/install/sabertooth_msg/lib/python3.8/site-packages/sabertooth_msg/__init__.py
-- Up-to-date symlink: /home/nano/miniCart_ros/install/sabertooth_msg/lib/python3.8/site-packages/sabertooth_msg/msg/__init__.py
-- Up-to-date symlink: /home/nano/miniCart_ros/install/sabertooth_msg/lib/python3.8/site-packages/sabertooth_msg/msg/_motor_command.py
-- Up-to-date symlink: /home/nano/miniCart_ros/install/sabertooth_msg/lib/python3.8/site-packages/sabertooth_msg/msg/_speed_vals.py
-- Up-to-date symlink: /home/nano/miniCart_ros/install/sabertooth_msg/lib/python3.8/site-packages/sabertooth_msg/sabertooth_msg_s__rosidl_typesupport_fastrtps_c.cpython-38-aarch64-linux-gnu.so
-- Up-to-date symlink: /home/nano/miniCart_ros/install/sabertooth_msg/lib/python3.8/site-packages/sabertooth_msg/sabertooth_msg_s__rosidl_typesupport_introspection_c.cpython-38-aarch64-linux-gnu.so
-- Up-to-date symlink: /home/nano/miniCart_ros/install/sabertooth_msg/lib/python3.8/site-packages/sabertooth_msg/sabertooth_msg_s__rosidl_typesupport_c.cpython-38-aarch64-linux-gnu.so
-- Up-to-date symlink: /home/nano/miniCart_ros/install/sabertooth_msg/lib/libsabertooth_msg__python.so
-- Up-to-date symlink: /home/nano/miniCart_ros/install/sabertooth_msg/share/sabertooth_msg/msg/SpeedVals.idl
-- Up-to-date symlink: /home/nano/miniCart_ros/install/sabertooth_msg/share/sabertooth_msg/msg/MotorCommand.idl
-- Up-to-date symlink: /home/nano/miniCart_ros/install/sabertooth_msg/share/sabertooth_msg/msg/SpeedVals.msg
-- Up-to-date symlink: /home/nano/miniCart_ros/install/sabertooth_msg/share/sabertooth_msg/msg/MotorCommand.msg
-- Up-to-date symlink: /home/nano/miniCart_ros/install/sabertooth_msg/share/ament_index/resource_index/package_run_dependencies/sabertooth_msg
-- Up-to-date symlink: /home/nano/miniCart_ros/install/sabertooth_msg/share/ament_index/resource_index/parent_prefix_path/sabertooth_msg
-- Up-to-date symlink: /home/nano/miniCart_ros/install/sabertooth_msg/share/sabertooth_msg/environment/ament_prefix_path.sh
-- Up-to-date symlink: /home/nano/miniCart_ros/install/sabertooth_msg/share/sabertooth_msg/environment/ament_prefix_path.dsv
-- Up-to-date symlink: /home/nano/miniCart_ros/install/sabertooth_msg/share/sabertooth_msg/environment/path.sh
-- Up-to-date symlink: /home/nano/miniCart_ros/install/sabertooth_msg/share/sabertooth_msg/environment/path.dsv
-- Up-to-date symlink: /home/nano/miniCart_ros/install/sabertooth_msg/share/sabertooth_msg/local_setup.bash
-- Up-to-date symlink: /home/nano/miniCart_ros/install/sabertooth_msg/share/sabertooth_msg/local_setup.sh
-- Up-to-date symlink: /home/nano/miniCart_ros/install/sabertooth_msg/share/sabertooth_msg/local_setup.zsh
-- Up-to-date symlink: /home/nano/miniCart_ros/install/sabertooth_msg/share/sabertooth_msg/local_setup.dsv
-- Symlinking: /home/nano/miniCart_ros/install/sabertooth_msg/share/sabertooth_msg/package.dsv
-- Up-to-date symlink: /home/nano/miniCart_ros/install/sabertooth_msg/share/ament_index/resource_index/packages/sabertooth_msg
-- Up-to-date symlink: /home/nano/miniCart_ros/install/sabertooth_msg/share/sabertooth_msg/cmake/rosidl_cmake-extras.cmake
-- Up-to-date symlink: /home/nano/miniCart_ros/install/sabertooth_msg/share/sabertooth_msg/cmake/ament_cmake_export_dependencies-extras.cmake
-- Up-to-date symlink: /home/nano/miniCart_ros/install/sabertooth_msg/share/sabertooth_msg/cmake/ament_cmake_export_libraries-extras.cmake
-- Up-to-date symlink: /home/nano/miniCart_ros/install/sabertooth_msg/share/sabertooth_msg/cmake/ament_cmake_export_targets-extras.cmake
-- Up-to-date symlink: /home/nano/miniCart_ros/install/sabertooth_msg/share/sabertooth_msg/cmake/ament_cmake_export_include_directories-extras.cmake
-- Up-to-date symlink: /home/nano/miniCart_ros/install/sabertooth_msg/share/sabertooth_msg/cmake/rosidl_cmake_export_typesupport_libraries-extras.cmake
-- Up-to-date symlink: /home/nano/miniCart_ros/install/sabertooth_msg/share/sabertooth_msg/cmake/rosidl_cmake_export_typesupport_targets-extras.cmake
-- Up-to-date symlink: /home/nano/miniCart_ros/install/sabertooth_msg/share/sabertooth_msg/cmake/sabertooth_msgConfig.cmake
-- Up-to-date symlink: /home/nano/miniCart_ros/install/sabertooth_msg/share/sabertooth_msg/cmake/sabertooth_msgConfig-version.cmake
-- Up-to-date symlink: /home/nano/miniCart_ros/install/sabertooth_msg/share/sabertooth_msg/package.xml
-- Up-to-date: /home/nano/miniCart_ros/install/sabertooth_msg/lib/libsabertooth_msg__rosidl_generator_c.so
-- Up-to-date: /home/nano/miniCart_ros/install/sabertooth_msg/lib/libsabertooth_msg__rosidl_typesupport_introspection_c.so
-- Up-to-date: /home/nano/miniCart_ros/install/sabertooth_msg/lib/libsabertooth_msg__rosidl_typesupport_c.so
-- Up-to-date: /home/nano/miniCart_ros/install/sabertooth_msg/lib/libsabertooth_msg__rosidl_typesupport_introspection_cpp.so
-- Up-to-date: /home/nano/miniCart_ros/install/sabertooth_msg/lib/libsabertooth_msg__rosidl_typesupport_cpp.so
-- Up-to-date: /home/nano/miniCart_ros/install/sabertooth_msg/share/sabertooth_msg/cmake/sabertooth_msg__rosidl_generator_cExport.cmake
-- Up-to-date: /home/nano/miniCart_ros/install/sabertooth_msg/share/sabertooth_msg/cmake/sabertooth_msg__rosidl_generator_cExport-noconfig.cmake
-- Up-to-date: /home/nano/miniCart_ros/install/sabertooth_msg/share/sabertooth_msg/cmake/sabertooth_msg__rosidl_typesupport_introspection_cExport.cmake
-- Up-to-date: /home/nano/miniCart_ros/install/sabertooth_msg/share/sabertooth_msg/cmake/sabertooth_msg__rosidl_typesupport_introspection_cExport-noconfig.cmake
-- Up-to-date: /home/nano/miniCart_ros/install/sabertooth_msg/share/sabertooth_msg/cmake/sabertooth_msg__rosidl_typesupport_cExport.cmake
-- Up-to-date: /home/nano/miniCart_ros/install/sabertooth_msg/share/sabertooth_msg/cmake/sabertooth_msg__rosidl_typesupport_cExport-noconfig.cmake
-- Up-to-date: /home/nano/miniCart_ros/install/sabertooth_msg/share/sabertooth_msg/cmake/sabertooth_msg__rosidl_generator_cppExport.cmake
-- Up-to-date: /home/nano/miniCart_ros/install/sabertooth_msg/share/sabertooth_msg/cmake/sabertooth_msg__rosidl_typesupport_introspection_cppExport.cmake
-- Up-to-date: /home/nano/miniCart_ros/install/sabertooth_msg/share/sabertooth_msg/cmake/sabertooth_msg__rosidl_typesupport_introspection_cppExport-noconfig.cmake
-- Up-to-date: /home/nano/miniCart_ros/install/sabertooth_msg/share/sabertooth_msg/cmake/sabertooth_msg__rosidl_typesupport_cppExport.cmake
-- Up-to-date: /home/nano/miniCart_ros/install/sabertooth_msg/share/sabertooth_msg/cmake/sabertooth_msg__rosidl_typesupport_cppExport-noconfig.cmake
