[0.091s] Invoking command in '/home/nano/miniCart_ros/build/sabertooth_msg': CMAKE_PREFIX_PATH=${CMAKE_PREFIX_PATH}:/home/nano/miniCart_ros/install/motor_controls:/opt/ros/foxy /usr/bin/cmake --build /home/nano/miniCart_ros/build/sabertooth_msg -- -j4 -l4
[0.285s] [  2%] Built target sabertooth_msg__cpp
[0.288s] [ 12%] Built target sabertooth_msg__rosidl_generator_c
[0.370s] [ 23%] Built target sabertooth_msg__rosidl_typesupport_cpp
[0.375s] [ 33%] Built target sabertooth_msg__rosidl_typesupport_introspection_cpp
[0.384s] [ 43%] Built target sabertooth_msg__rosidl_typesupport_introspection_c
[0.387s] [ 53%] Built target sabertooth_msg__rosidl_typesupport_fastrtps_cpp
[0.453s] [ 64%] Built target sabertooth_msg__rosidl_typesupport_c
[0.477s] [ 74%] Built target sabertooth_msg__rosidl_typesupport_fastrtps_c
[0.546s] [ 74%] Built target sabertooth_msg
[0.619s] [ 76%] Built target sabertooth_msg__py
[0.711s] [ 84%] Built target sabertooth_msg__python
[0.804s] [ 94%] Built target sabertooth_msg__rosidl_typesupport_c__pyext
[0.805s] [ 94%] Built target sabertooth_msg__rosidl_typesupport_fastrtps_c__pyext
[0.807s] [100%] Built target sabertooth_msg__rosidl_typesupport_introspection_c__pyext
[0.846s] Invoked command in '/home/nano/miniCart_ros/build/sabertooth_msg' returned '0': CMAKE_PREFIX_PATH=${CMAKE_PREFIX_PATH}:/home/nano/miniCart_ros/install/motor_controls:/opt/ros/foxy /usr/bin/cmake --build /home/nano/miniCart_ros/build/sabertooth_msg -- -j4 -l4
[1.030s] Invoking command in '/home/nano/miniCart_ros/build/sabertooth_msg': CMAKE_PREFIX_PATH=${CMAKE_PREFIX_PATH}:/home/nano/miniCart_ros/install/motor_controls:/opt/ros/foxy /usr/bin/cmake --install /home/nano/miniCart_ros/build/sabertooth_msg
[1.061s] -- Install configuration: ""
[1.062s] -- Execute custom install script
[1.064s] -- Up-to-date symlink: /home/nano/miniCart_ros/install/sabertooth_msg/share/ament_index/resource_index/rosidl_interfaces/sabertooth_msg
[1.066s] -- Up-to-date symlink: /home/nano/miniCart_ros/install/sabertooth_msg/include/sabertooth_msg/msg/detail/motor_command__functions.h
[1.067s] -- Up-to-date symlink: /home/nano/miniCart_ros/install/sabertooth_msg/include/sabertooth_msg/msg/detail/motor_command__struct.h
[1.067s] -- Up-to-date symlink: /home/nano/miniCart_ros/install/sabertooth_msg/include/sabertooth_msg/msg/detail/motor_command__type_support.h
[1.068s] -- Up-to-date symlink: /home/nano/miniCart_ros/install/sabertooth_msg/include/sabertooth_msg/msg/detail/speed_vals__functions.h
[1.069s] -- Up-to-date symlink: /home/nano/miniCart_ros/install/sabertooth_msg/include/sabertooth_msg/msg/detail/speed_vals__struct.h
[1.070s] -- Up-to-date symlink: /home/nano/miniCart_ros/install/sabertooth_msg/include/sabertooth_msg/msg/detail/speed_vals__type_support.h
[1.070s] -- Up-to-date symlink: /home/nano/miniCart_ros/install/sabertooth_msg/include/sabertooth_msg/msg/motor_command.h
[1.071s] -- Up-to-date symlink: /home/nano/miniCart_ros/install/sabertooth_msg/include/sabertooth_msg/msg/rosidl_generator_c__visibility_control.h
[1.072s] -- Up-to-date symlink: /home/nano/miniCart_ros/install/sabertooth_msg/include/sabertooth_msg/msg/speed_vals.h
[1.073s] -- Up-to-date symlink: /home/nano/miniCart_ros/install/sabertooth_msg/share/sabertooth_msg/environment/library_path.sh
[1.074s] -- Up-to-date symlink: /home/nano/miniCart_ros/install/sabertooth_msg/share/sabertooth_msg/environment/library_path.dsv
[1.076s] -- Up-to-date symlink: /home/nano/miniCart_ros/install/sabertooth_msg/include/sabertooth_msg/msg/detail/motor_command__rosidl_typesupport_fastrtps_c.h
[1.077s] -- Up-to-date symlink: /home/nano/miniCart_ros/install/sabertooth_msg/include/sabertooth_msg/msg/detail/speed_vals__rosidl_typesupport_fastrtps_c.h
[1.078s] -- Up-to-date symlink: /home/nano/miniCart_ros/install/sabertooth_msg/include/sabertooth_msg/msg/rosidl_typesupport_fastrtps_c__visibility_control.h
[1.079s] -- Up-to-date symlink: /home/nano/miniCart_ros/install/sabertooth_msg/lib/libsabertooth_msg__rosidl_typesupport_fastrtps_c.so
[1.082s] -- Up-to-date symlink: /home/nano/miniCart_ros/install/sabertooth_msg/include/sabertooth_msg/msg/detail/motor_command__rosidl_typesupport_fastrtps_cpp.hpp
[1.082s] -- Up-to-date symlink: /home/nano/miniCart_ros/install/sabertooth_msg/include/sabertooth_msg/msg/detail/speed_vals__rosidl_typesupport_fastrtps_cpp.hpp
[1.083s] -- Up-to-date symlink: /home/nano/miniCart_ros/install/sabertooth_msg/include/sabertooth_msg/msg/rosidl_typesupport_fastrtps_cpp__visibility_control.h
[1.085s] -- Up-to-date symlink: /home/nano/miniCart_ros/install/sabertooth_msg/lib/libsabertooth_msg__rosidl_typesupport_fastrtps_cpp.so
[1.087s] -- Up-to-date symlink: /home/nano/miniCart_ros/install/sabertooth_msg/include/sabertooth_msg/msg/detail/motor_command__rosidl_typesupport_introspection_c.h
[1.087s] -- Up-to-date symlink: /home/nano/miniCart_ros/install/sabertooth_msg/include/sabertooth_msg/msg/detail/speed_vals__rosidl_typesupport_introspection_c.h
[1.088s] -- Up-to-date symlink: /home/nano/miniCart_ros/install/sabertooth_msg/include/sabertooth_msg/msg/rosidl_typesupport_introspection_c__visibility_control.h
[1.090s] -- Up-to-date symlink: /home/nano/miniCart_ros/install/sabertooth_msg/include/sabertooth_msg/msg/detail/motor_command__builder.hpp
[1.091s] -- Up-to-date symlink: /home/nano/miniCart_ros/install/sabertooth_msg/include/sabertooth_msg/msg/detail/motor_command__struct.hpp
[1.092s] -- Up-to-date symlink: /home/nano/miniCart_ros/install/sabertooth_msg/include/sabertooth_msg/msg/detail/motor_command__traits.hpp
[1.092s] -- Up-to-date symlink: /home/nano/miniCart_ros/install/sabertooth_msg/include/sabertooth_msg/msg/detail/speed_vals__builder.hpp
[1.093s] -- Up-to-date symlink: /home/nano/miniCart_ros/install/sabertooth_msg/include/sabertooth_msg/msg/detail/speed_vals__struct.hpp
[1.094s] -- Up-to-date symlink: /home/nano/miniCart_ros/install/sabertooth_msg/include/sabertooth_msg/msg/detail/speed_vals__traits.hpp
[1.095s] -- Up-to-date symlink: /home/nano/miniCart_ros/install/sabertooth_msg/include/sabertooth_msg/msg/motor_command.hpp
[1.095s] -- Up-to-date symlink: /home/nano/miniCart_ros/install/sabertooth_msg/include/sabertooth_msg/msg/speed_vals.hpp
[1.097s] -- Up-to-date symlink: /home/nano/miniCart_ros/install/sabertooth_msg/include/sabertooth_msg/msg/detail/motor_command__rosidl_typesupport_introspection_cpp.hpp
[1.098s] -- Up-to-date symlink: /home/nano/miniCart_ros/install/sabertooth_msg/include/sabertooth_msg/msg/detail/speed_vals__rosidl_typesupport_introspection_cpp.hpp
[1.099s] -- Up-to-date symlink: /home/nano/miniCart_ros/install/sabertooth_msg/share/sabertooth_msg/environment/pythonpath.sh
[1.100s] -- Up-to-date symlink: /home/nano/miniCart_ros/install/sabertooth_msg/share/sabertooth_msg/environment/pythonpath.dsv
[1.102s] -- Up-to-date symlink: /home/nano/miniCart_ros/install/sabertooth_msg/lib/python3.8/site-packages/sabertooth_msg/__init__.py
[1.104s] -- Up-to-date symlink: /home/nano/miniCart_ros/install/sabertooth_msg/lib/python3.8/site-packages/sabertooth_msg/msg/__init__.py
[1.105s] -- Up-to-date symlink: /home/nano/miniCart_ros/install/sabertooth_msg/lib/python3.8/site-packages/sabertooth_msg/msg/_motor_command.py
[1.105s] -- Up-to-date symlink: /home/nano/miniCart_ros/install/sabertooth_msg/lib/python3.8/site-packages/sabertooth_msg/msg/_speed_vals.py
[1.107s] -- Up-to-date symlink: /home/nano/miniCart_ros/install/sabertooth_msg/lib/python3.8/site-packages/sabertooth_msg/sabertooth_msg_s__rosidl_typesupport_fastrtps_c.cpython-38-aarch64-linux-gnu.so
[1.109s] -- Up-to-date symlink: /home/nano/miniCart_ros/install/sabertooth_msg/lib/python3.8/site-packages/sabertooth_msg/sabertooth_msg_s__rosidl_typesupport_introspection_c.cpython-38-aarch64-linux-gnu.so
[1.110s] -- Up-to-date symlink: /home/nano/miniCart_ros/install/sabertooth_msg/lib/python3.8/site-packages/sabertooth_msg/sabertooth_msg_s__rosidl_typesupport_c.cpython-38-aarch64-linux-gnu.so
[1.111s] -- Up-to-date symlink: /home/nano/miniCart_ros/install/sabertooth_msg/lib/libsabertooth_msg__python.so
[1.112s] -- Up-to-date symlink: /home/nano/miniCart_ros/install/sabertooth_msg/share/sabertooth_msg/msg/SpeedVals.idl
[1.113s] -- Up-to-date symlink: /home/nano/miniCart_ros/install/sabertooth_msg/share/sabertooth_msg/msg/MotorCommand.idl
[1.114s] -- Up-to-date symlink: /home/nano/miniCart_ros/install/sabertooth_msg/share/sabertooth_msg/msg/SpeedVals.msg
[1.115s] -- Up-to-date symlink: /home/nano/miniCart_ros/install/sabertooth_msg/share/sabertooth_msg/msg/MotorCommand.msg
[1.116s] -- Up-to-date symlink: /home/nano/miniCart_ros/install/sabertooth_msg/share/ament_index/resource_index/package_run_dependencies/sabertooth_msg
[1.117s] -- Up-to-date symlink: /home/nano/miniCart_ros/install/sabertooth_msg/share/ament_index/resource_index/parent_prefix_path/sabertooth_msg
[1.118s] -- Up-to-date symlink: /home/nano/miniCart_ros/install/sabertooth_msg/share/sabertooth_msg/environment/ament_prefix_path.sh
[1.119s] -- Up-to-date symlink: /home/nano/miniCart_ros/install/sabertooth_msg/share/sabertooth_msg/environment/ament_prefix_path.dsv
[1.120s] -- Up-to-date symlink: /home/nano/miniCart_ros/install/sabertooth_msg/share/sabertooth_msg/environment/path.sh
[1.121s] -- Up-to-date symlink: /home/nano/miniCart_ros/install/sabertooth_msg/share/sabertooth_msg/environment/path.dsv
[1.122s] -- Up-to-date symlink: /home/nano/miniCart_ros/install/sabertooth_msg/share/sabertooth_msg/local_setup.bash
[1.123s] -- Up-to-date symlink: /home/nano/miniCart_ros/install/sabertooth_msg/share/sabertooth_msg/local_setup.sh
[1.124s] -- Up-to-date symlink: /home/nano/miniCart_ros/install/sabertooth_msg/share/sabertooth_msg/local_setup.zsh
[1.125s] -- Up-to-date symlink: /home/nano/miniCart_ros/install/sabertooth_msg/share/sabertooth_msg/local_setup.dsv
[1.126s] -- Symlinking: /home/nano/miniCart_ros/install/sabertooth_msg/share/sabertooth_msg/package.dsv
[1.156s] -- Up-to-date symlink: /home/nano/miniCart_ros/install/sabertooth_msg/share/ament_index/resource_index/packages/sabertooth_msg
[1.157s] -- Up-to-date symlink: /home/nano/miniCart_ros/install/sabertooth_msg/share/sabertooth_msg/cmake/rosidl_cmake-extras.cmake
[1.158s] -- Up-to-date symlink: /home/nano/miniCart_ros/install/sabertooth_msg/share/sabertooth_msg/cmake/ament_cmake_export_dependencies-extras.cmake
[1.159s] -- Up-to-date symlink: /home/nano/miniCart_ros/install/sabertooth_msg/share/sabertooth_msg/cmake/ament_cmake_export_libraries-extras.cmake
[1.160s] -- Up-to-date symlink: /home/nano/miniCart_ros/install/sabertooth_msg/share/sabertooth_msg/cmake/ament_cmake_export_targets-extras.cmake
[1.161s] -- Up-to-date symlink: /home/nano/miniCart_ros/install/sabertooth_msg/share/sabertooth_msg/cmake/ament_cmake_export_include_directories-extras.cmake
[1.162s] -- Up-to-date symlink: /home/nano/miniCart_ros/install/sabertooth_msg/share/sabertooth_msg/cmake/rosidl_cmake_export_typesupport_libraries-extras.cmake
[1.162s] -- Up-to-date symlink: /home/nano/miniCart_ros/install/sabertooth_msg/share/sabertooth_msg/cmake/rosidl_cmake_export_typesupport_targets-extras.cmake
[1.163s] -- Up-to-date symlink: /home/nano/miniCart_ros/install/sabertooth_msg/share/sabertooth_msg/cmake/sabertooth_msgConfig.cmake
[1.164s] -- Up-to-date symlink: /home/nano/miniCart_ros/install/sabertooth_msg/share/sabertooth_msg/cmake/sabertooth_msgConfig-version.cmake
[1.165s] -- Up-to-date symlink: /home/nano/miniCart_ros/install/sabertooth_msg/share/sabertooth_msg/package.xml
[1.166s] -- Up-to-date: /home/nano/miniCart_ros/install/sabertooth_msg/lib/libsabertooth_msg__rosidl_generator_c.so
[1.167s] -- Up-to-date: /home/nano/miniCart_ros/install/sabertooth_msg/lib/libsabertooth_msg__rosidl_typesupport_introspection_c.so
[1.169s] -- Up-to-date: /home/nano/miniCart_ros/install/sabertooth_msg/lib/libsabertooth_msg__rosidl_typesupport_c.so
[1.170s] -- Up-to-date: /home/nano/miniCart_ros/install/sabertooth_msg/lib/libsabertooth_msg__rosidl_typesupport_introspection_cpp.so
[1.171s] -- Up-to-date: /home/nano/miniCart_ros/install/sabertooth_msg/lib/libsabertooth_msg__rosidl_typesupport_cpp.so
[1.304s] -- Up-to-date: /home/nano/miniCart_ros/install/sabertooth_msg/share/sabertooth_msg/cmake/sabertooth_msg__rosidl_generator_cExport.cmake
[1.305s] -- Up-to-date: /home/nano/miniCart_ros/install/sabertooth_msg/share/sabertooth_msg/cmake/sabertooth_msg__rosidl_generator_cExport-noconfig.cmake
[1.306s] -- Up-to-date: /home/nano/miniCart_ros/install/sabertooth_msg/share/sabertooth_msg/cmake/sabertooth_msg__rosidl_typesupport_introspection_cExport.cmake
[1.306s] -- Up-to-date: /home/nano/miniCart_ros/install/sabertooth_msg/share/sabertooth_msg/cmake/sabertooth_msg__rosidl_typesupport_introspection_cExport-noconfig.cmake
[1.307s] -- Up-to-date: /home/nano/miniCart_ros/install/sabertooth_msg/share/sabertooth_msg/cmake/sabertooth_msg__rosidl_typesupport_cExport.cmake
[1.307s] -- Up-to-date: /home/nano/miniCart_ros/install/sabertooth_msg/share/sabertooth_msg/cmake/sabertooth_msg__rosidl_typesupport_cExport-noconfig.cmake
[1.308s] -- Up-to-date: /home/nano/miniCart_ros/install/sabertooth_msg/share/sabertooth_msg/cmake/sabertooth_msg__rosidl_generator_cppExport.cmake
[1.308s] -- Up-to-date: /home/nano/miniCart_ros/install/sabertooth_msg/share/sabertooth_msg/cmake/sabertooth_msg__rosidl_typesupport_introspection_cppExport.cmake
[1.309s] -- Up-to-date: /home/nano/miniCart_ros/install/sabertooth_msg/share/sabertooth_msg/cmake/sabertooth_msg__rosidl_typesupport_introspection_cppExport-noconfig.cmake
[1.309s] -- Up-to-date: /home/nano/miniCart_ros/install/sabertooth_msg/share/sabertooth_msg/cmake/sabertooth_msg__rosidl_typesupport_cppExport.cmake
[1.309s] -- Up-to-date: /home/nano/miniCart_ros/install/sabertooth_msg/share/sabertooth_msg/cmake/sabertooth_msg__rosidl_typesupport_cppExport-noconfig.cmake
[1.321s] Invoked command in '/home/nano/miniCart_ros/build/sabertooth_msg' returned '0': CMAKE_PREFIX_PATH=${CMAKE_PREFIX_PATH}:/home/nano/miniCart_ros/install/motor_controls:/opt/ros/foxy /usr/bin/cmake --install /home/nano/miniCart_ros/build/sabertooth_msg
