[1.196s] DEBUG:colcon:Command line arguments: ['/usr/bin/colcon', 'build', '--symlink-install']
[1.196s] DEBUG:colcon:Parsed command line arguments: Namespace(allow_overriding=[], ament_cmake_args=None, base_paths=['.'], build_base='build', catkin_cmake_args=None, catkin_skip_building_tests=False, cmake_args=None, cmake_clean_cache=False, cmake_clean_first=False, cmake_force_configure=False, cmake_target=None, cmake_target_skip_unavailable=False, continue_on_error=False, event_handlers=None, executor='parallel', ignore_user_meta=False, install_base='install', log_base=None, log_level=None, main=<bound method BuildVerb.main of <colcon_core.verb.build.BuildVerb object at 0x7f9d1125b0>>, merge_install=False, metas=['./colcon.meta'], packages_above=None, packages_above_and_dependencies=None, packages_above_depth=None, packages_end=None, packages_ignore=None, packages_ignore_regex=None, packages_select=None, packages_select_build_failed=False, packages_select_by_dep=None, packages_select_regex=None, packages_select_test_failures=False, packages_skip=None, packages_skip_build_finished=False, packages_skip_by_dep=None, packages_skip_regex=None, packages_skip_test_passed=False, packages_skip_up_to=None, packages_start=None, packages_up_to=None, packages_up_to_regex=None, parallel_workers=4, paths=None, symlink_install=True, test_result_base=None, verb_extension=<colcon_core.verb.build.BuildVerb object at 0x7f9d1125b0>, verb_name='build', verb_parser=<colcon_defaults.argument_parser.defaults.DefaultArgumentsDecorator object at 0x7f9d112af0>)
[1.306s] Level 1:colcon.colcon_core.package_discovery:discover_packages(colcon_meta) check parameters
[1.306s] Level 1:colcon.colcon_core.package_discovery:discover_packages(recursive) check parameters
[1.306s] Level 1:colcon.colcon_core.package_discovery:discover_packages(ignore) check parameters
[1.306s] Level 1:colcon.colcon_core.package_discovery:discover_packages(path) check parameters
[1.306s] Level 1:colcon.colcon_core.package_discovery:discover_packages(colcon_meta) discover
[1.307s] Level 1:colcon.colcon_core.package_discovery:discover_packages(recursive) discover
[1.307s] INFO:colcon.colcon_core.package_discovery:Crawling recursively for packages in '/home/nano/miniCart_ros'
[1.307s] Level 1:colcon.colcon_core.package_identification:_identify(.) by extensions ['ignore', 'ignore_ament_install']
[1.308s] Level 1:colcon.colcon_core.package_identification:_identify(.) by extension 'ignore'
[1.308s] Level 1:colcon.colcon_core.package_identification:_identify(.) by extension 'ignore_ament_install'
[1.308s] Level 1:colcon.colcon_core.package_identification:_identify(.) by extensions ['colcon_pkg']
[1.308s] Level 1:colcon.colcon_core.package_identification:_identify(.) by extension 'colcon_pkg'
[1.309s] Level 1:colcon.colcon_core.package_identification:_identify(.) by extensions ['colcon_meta']
[1.309s] Level 1:colcon.colcon_core.package_identification:_identify(.) by extension 'colcon_meta'
[1.309s] Level 1:colcon.colcon_core.package_identification:_identify(.) by extensions ['ros']
[1.309s] Level 1:colcon.colcon_core.package_identification:_identify(.) by extension 'ros'
[1.395s] Level 1:colcon.colcon_core.package_identification:_identify(.) by extensions ['cmake', 'python']
[1.395s] Level 1:colcon.colcon_core.package_identification:_identify(.) by extension 'cmake'
[1.396s] Level 1:colcon.colcon_core.package_identification:_identify(.) by extension 'python'
[1.396s] Level 1:colcon.colcon_core.package_identification:_identify(.) by extensions ['python_setup_py']
[1.396s] Level 1:colcon.colcon_core.package_identification:_identify(.) by extension 'python_setup_py'
[1.397s] Level 1:colcon.colcon_core.package_identification:_identify(build) by extensions ['ignore', 'ignore_ament_install']
[1.397s] Level 1:colcon.colcon_core.package_identification:_identify(build) by extension 'ignore'
[1.397s] Level 1:colcon.colcon_core.package_identification:_identify(build) ignored
[1.398s] Level 1:colcon.colcon_core.package_identification:_identify(install) by extensions ['ignore', 'ignore_ament_install']
[1.398s] Level 1:colcon.colcon_core.package_identification:_identify(install) by extension 'ignore'
[1.398s] Level 1:colcon.colcon_core.package_identification:_identify(install) ignored
[1.399s] Level 1:colcon.colcon_core.package_identification:_identify(log) by extensions ['ignore', 'ignore_ament_install']
[1.399s] Level 1:colcon.colcon_core.package_identification:_identify(log) by extension 'ignore'
[1.399s] Level 1:colcon.colcon_core.package_identification:_identify(log) ignored
[1.400s] Level 1:colcon.colcon_core.package_identification:_identify(src) by extensions ['ignore', 'ignore_ament_install']
[1.400s] Level 1:colcon.colcon_core.package_identification:_identify(src) by extension 'ignore'
[1.400s] Level 1:colcon.colcon_core.package_identification:_identify(src) by extension 'ignore_ament_install'
[1.400s] Level 1:colcon.colcon_core.package_identification:_identify(src) by extensions ['colcon_pkg']
[1.400s] Level 1:colcon.colcon_core.package_identification:_identify(src) by extension 'colcon_pkg'
[1.401s] Level 1:colcon.colcon_core.package_identification:_identify(src) by extensions ['colcon_meta']
[1.401s] Level 1:colcon.colcon_core.package_identification:_identify(src) by extension 'colcon_meta'
[1.401s] Level 1:colcon.colcon_core.package_identification:_identify(src) by extensions ['ros']
[1.401s] Level 1:colcon.colcon_core.package_identification:_identify(src) by extension 'ros'
[1.401s] Level 1:colcon.colcon_core.package_identification:_identify(src) by extensions ['cmake', 'python']
[1.402s] Level 1:colcon.colcon_core.package_identification:_identify(src) by extension 'cmake'
[1.402s] Level 1:colcon.colcon_core.package_identification:_identify(src) by extension 'python'
[1.402s] Level 1:colcon.colcon_core.package_identification:_identify(src) by extensions ['python_setup_py']
[1.402s] Level 1:colcon.colcon_core.package_identification:_identify(src) by extension 'python_setup_py'
[1.402s] Level 1:colcon.colcon_core.package_identification:_identify(src/miniCart) by extensions ['ignore', 'ignore_ament_install']
[1.403s] Level 1:colcon.colcon_core.package_identification:_identify(src/miniCart) by extension 'ignore'
[1.403s] Level 1:colcon.colcon_core.package_identification:_identify(src/miniCart) by extension 'ignore_ament_install'
[1.403s] Level 1:colcon.colcon_core.package_identification:_identify(src/miniCart) by extensions ['colcon_pkg']
[1.403s] Level 1:colcon.colcon_core.package_identification:_identify(src/miniCart) by extension 'colcon_pkg'
[1.404s] Level 1:colcon.colcon_core.package_identification:_identify(src/miniCart) by extensions ['colcon_meta']
[1.404s] Level 1:colcon.colcon_core.package_identification:_identify(src/miniCart) by extension 'colcon_meta'
[1.404s] Level 1:colcon.colcon_core.package_identification:_identify(src/miniCart) by extensions ['ros']
[1.404s] Level 1:colcon.colcon_core.package_identification:_identify(src/miniCart) by extension 'ros'
[1.413s] DEBUG:colcon.colcon_core.package_identification:Package 'src/miniCart' with type 'ros.ament_cmake' and name 'miniCart'
[1.414s] Level 1:colcon.colcon_core.package_identification:_identify(src/motor_controls) by extensions ['ignore', 'ignore_ament_install']
[1.415s] Level 1:colcon.colcon_core.package_identification:_identify(src/motor_controls) by extension 'ignore'
[1.415s] Level 1:colcon.colcon_core.package_identification:_identify(src/motor_controls) by extension 'ignore_ament_install'
[1.415s] Level 1:colcon.colcon_core.package_identification:_identify(src/motor_controls) by extensions ['colcon_pkg']
[1.415s] Level 1:colcon.colcon_core.package_identification:_identify(src/motor_controls) by extension 'colcon_pkg'
[1.416s] Level 1:colcon.colcon_core.package_identification:_identify(src/motor_controls) by extensions ['colcon_meta']
[1.416s] Level 1:colcon.colcon_core.package_identification:_identify(src/motor_controls) by extension 'colcon_meta'
[1.416s] Level 1:colcon.colcon_core.package_identification:_identify(src/motor_controls) by extensions ['ros']
[1.416s] Level 1:colcon.colcon_core.package_identification:_identify(src/motor_controls) by extension 'ros'
[1.419s] DEBUG:colcon.colcon_core.package_identification:Package 'src/motor_controls' with type 'ros.ament_python' and name 'motor_controls'
[1.420s] Level 1:colcon.colcon_core.package_identification:_identify(src/sabertooth_msg) by extensions ['ignore', 'ignore_ament_install']
[1.420s] Level 1:colcon.colcon_core.package_identification:_identify(src/sabertooth_msg) by extension 'ignore'
[1.420s] Level 1:colcon.colcon_core.package_identification:_identify(src/sabertooth_msg) by extension 'ignore_ament_install'
[1.421s] Level 1:colcon.colcon_core.package_identification:_identify(src/sabertooth_msg) by extensions ['colcon_pkg']
[1.421s] Level 1:colcon.colcon_core.package_identification:_identify(src/sabertooth_msg) by extension 'colcon_pkg'
[1.421s] Level 1:colcon.colcon_core.package_identification:_identify(src/sabertooth_msg) by extensions ['colcon_meta']
[1.421s] Level 1:colcon.colcon_core.package_identification:_identify(src/sabertooth_msg) by extension 'colcon_meta'
[1.421s] Level 1:colcon.colcon_core.package_identification:_identify(src/sabertooth_msg) by extensions ['ros']
[1.422s] Level 1:colcon.colcon_core.package_identification:_identify(src/sabertooth_msg) by extension 'ros'
[1.424s] DEBUG:colcon.colcon_core.package_identification:Package 'src/sabertooth_msg' with type 'ros.ament_cmake' and name 'sabertooth_msg'
[1.424s] Level 1:colcon.colcon_core.package_discovery:discover_packages(recursive) using defaults
[1.424s] Level 1:colcon.colcon_core.package_discovery:discover_packages(ignore) discover
[1.424s] Level 1:colcon.colcon_core.package_discovery:discover_packages(ignore) using defaults
[1.424s] Level 1:colcon.colcon_core.package_discovery:discover_packages(path) discover
[1.424s] Level 1:colcon.colcon_core.package_discovery:discover_packages(path) using defaults
[1.504s] Level 1:colcon.colcon_core.package_discovery:discover_packages(prefix_path) check parameters
[1.505s] Level 1:colcon.colcon_core.package_discovery:discover_packages(prefix_path) discover
[1.518s] DEBUG:colcon.colcon_installed_package_information.package_discovery:Found 168 installed packages in /opt/ros/foxy
[1.523s] Level 1:colcon.colcon_core.package_discovery:discover_packages(prefix_path) using defaults
[1.708s] Level 5:colcon.colcon_core.verb:set package 'miniCart' build argument 'cmake_args' from command line to 'None'
[1.709s] Level 5:colcon.colcon_core.verb:set package 'miniCart' build argument 'cmake_target' from command line to 'None'
[1.709s] Level 5:colcon.colcon_core.verb:set package 'miniCart' build argument 'cmake_target_skip_unavailable' from command line to 'False'
[1.709s] Level 5:colcon.colcon_core.verb:set package 'miniCart' build argument 'cmake_clean_cache' from command line to 'False'
[1.709s] Level 5:colcon.colcon_core.verb:set package 'miniCart' build argument 'cmake_clean_first' from command line to 'False'
[1.709s] Level 5:colcon.colcon_core.verb:set package 'miniCart' build argument 'cmake_force_configure' from command line to 'False'
[1.709s] Level 5:colcon.colcon_core.verb:set package 'miniCart' build argument 'ament_cmake_args' from command line to 'None'
[1.709s] Level 5:colcon.colcon_core.verb:set package 'miniCart' build argument 'catkin_cmake_args' from command line to 'None'
[1.710s] Level 5:colcon.colcon_core.verb:set package 'miniCart' build argument 'catkin_skip_building_tests' from command line to 'False'
[1.710s] DEBUG:colcon.colcon_core.verb:Building package 'miniCart' with the following arguments: {'ament_cmake_args': None, 'build_base': '/home/nano/miniCart_ros/build/miniCart', 'catkin_cmake_args': None, 'catkin_skip_building_tests': False, 'cmake_args': None, 'cmake_clean_cache': False, 'cmake_clean_first': False, 'cmake_force_configure': False, 'cmake_target': None, 'cmake_target_skip_unavailable': False, 'install_base': '/home/nano/miniCart_ros/install/miniCart', 'merge_install': False, 'path': '/home/nano/miniCart_ros/src/miniCart', 'symlink_install': True, 'test_result_base': None}
[1.714s] Level 5:colcon.colcon_core.verb:set package 'sabertooth_msg' build argument 'cmake_args' from command line to 'None'
[1.715s] Level 5:colcon.colcon_core.verb:set package 'sabertooth_msg' build argument 'cmake_target' from command line to 'None'
[1.715s] Level 5:colcon.colcon_core.verb:set package 'sabertooth_msg' build argument 'cmake_target_skip_unavailable' from command line to 'False'
[1.715s] Level 5:colcon.colcon_core.verb:set package 'sabertooth_msg' build argument 'cmake_clean_cache' from command line to 'False'
[1.715s] Level 5:colcon.colcon_core.verb:set package 'sabertooth_msg' build argument 'cmake_clean_first' from command line to 'False'
[1.715s] Level 5:colcon.colcon_core.verb:set package 'sabertooth_msg' build argument 'cmake_force_configure' from command line to 'False'
[1.715s] Level 5:colcon.colcon_core.verb:set package 'sabertooth_msg' build argument 'ament_cmake_args' from command line to 'None'
[1.715s] Level 5:colcon.colcon_core.verb:set package 'sabertooth_msg' build argument 'catkin_cmake_args' from command line to 'None'
[1.716s] Level 5:colcon.colcon_core.verb:set package 'sabertooth_msg' build argument 'catkin_skip_building_tests' from command line to 'False'
[1.716s] DEBUG:colcon.colcon_core.verb:Building package 'sabertooth_msg' with the following arguments: {'ament_cmake_args': None, 'build_base': '/home/nano/miniCart_ros/build/sabertooth_msg', 'catkin_cmake_args': None, 'catkin_skip_building_tests': False, 'cmake_args': None, 'cmake_clean_cache': False, 'cmake_clean_first': False, 'cmake_force_configure': False, 'cmake_target': None, 'cmake_target_skip_unavailable': False, 'install_base': '/home/nano/miniCart_ros/install/sabertooth_msg', 'merge_install': False, 'path': '/home/nano/miniCart_ros/src/sabertooth_msg', 'symlink_install': True, 'test_result_base': None}
[1.720s] Level 5:colcon.colcon_core.verb:set package 'motor_controls' build argument 'cmake_args' from command line to 'None'
[1.720s] Level 5:colcon.colcon_core.verb:set package 'motor_controls' build argument 'cmake_target' from command line to 'None'
[1.721s] Level 5:colcon.colcon_core.verb:set package 'motor_controls' build argument 'cmake_target_skip_unavailable' from command line to 'False'
[1.721s] Level 5:colcon.colcon_core.verb:set package 'motor_controls' build argument 'cmake_clean_cache' from command line to 'False'
[1.721s] Level 5:colcon.colcon_core.verb:set package 'motor_controls' build argument 'cmake_clean_first' from command line to 'False'
[1.721s] Level 5:colcon.colcon_core.verb:set package 'motor_controls' build argument 'cmake_force_configure' from command line to 'False'
[1.721s] Level 5:colcon.colcon_core.verb:set package 'motor_controls' build argument 'ament_cmake_args' from command line to 'None'
[1.721s] Level 5:colcon.colcon_core.verb:set package 'motor_controls' build argument 'catkin_cmake_args' from command line to 'None'
[1.721s] Level 5:colcon.colcon_core.verb:set package 'motor_controls' build argument 'catkin_skip_building_tests' from command line to 'False'
[1.721s] DEBUG:colcon.colcon_core.verb:Building package 'motor_controls' with the following arguments: {'ament_cmake_args': None, 'build_base': '/home/nano/miniCart_ros/build/motor_controls', 'catkin_cmake_args': None, 'catkin_skip_building_tests': False, 'cmake_args': None, 'cmake_clean_cache': False, 'cmake_clean_first': False, 'cmake_force_configure': False, 'cmake_target': None, 'cmake_target_skip_unavailable': False, 'install_base': '/home/nano/miniCart_ros/install/motor_controls', 'merge_install': False, 'path': '/home/nano/miniCart_ros/src/motor_controls', 'symlink_install': True, 'test_result_base': None}
[1.724s] INFO:colcon.colcon_core.executor:Executing jobs using 'parallel' executor
[1.740s] DEBUG:colcon.colcon_parallel_executor.executor.parallel:run_until_complete
[1.741s] INFO:colcon.colcon_ros.task.ament_cmake.build:Building ROS package in '/home/nano/miniCart_ros/src/sabertooth_msg' with build type 'ament_cmake'
[1.741s] INFO:colcon.colcon_cmake.task.cmake.build:Building CMake package in '/home/nano/miniCart_ros/src/sabertooth_msg'
[1.761s] INFO:colcon.colcon_core.plugin_system:Skipping extension 'colcon_core.shell.bat': Not used on non-Windows systems
[1.762s] INFO:colcon.colcon_core.shell:Skip shell extension 'powershell' for command environment: Not usable outside of PowerShell
[1.762s] DEBUG:colcon.colcon_core.shell:Skip shell extension 'dsv' for command environment
[1.780s] INFO:colcon.colcon_ros.task.ament_cmake.build:Building ROS package in '/home/nano/miniCart_ros/src/miniCart' with build type 'ament_cmake'
[1.781s] INFO:colcon.colcon_cmake.task.cmake.build:Building CMake package in '/home/nano/miniCart_ros/src/miniCart'
[1.788s] INFO:colcon.colcon_core.shell:Skip shell extension 'powershell' for command environment: Not usable outside of PowerShell
[1.788s] DEBUG:colcon.colcon_core.shell:Skip shell extension 'dsv' for command environment
[1.820s] DEBUG:colcon.colcon_core.event_handler.log_command:Invoking command in '/home/nano/miniCart_ros/build/sabertooth_msg': CMAKE_PREFIX_PATH=/opt/ros/foxy /usr/bin/cmake /home/nano/miniCart_ros/src/sabertooth_msg -DAMENT_CMAKE_SYMLINK_INSTALL=1 -DCMAKE_INSTALL_PREFIX=/home/nano/miniCart_ros/install/sabertooth_msg
[1.845s] DEBUG:colcon.colcon_core.event_handler.log_command:Invoking command in '/home/nano/miniCart_ros/build/miniCart': CMAKE_PREFIX_PATH=/opt/ros/foxy /usr/bin/cmake --build /home/nano/miniCart_ros/build/miniCart -- -j4 -l4
[1.980s] DEBUG:colcon.colcon_core.event_handler.log_command:Invoked command in '/home/nano/miniCart_ros/build/miniCart' returned '0': CMAKE_PREFIX_PATH=/opt/ros/foxy /usr/bin/cmake --build /home/nano/miniCart_ros/build/miniCart -- -j4 -l4
[2.088s] DEBUG:colcon.colcon_core.event_handler.log_command:Invoking command in '/home/nano/miniCart_ros/build/miniCart': CMAKE_PREFIX_PATH=/opt/ros/foxy /usr/bin/cmake --install /home/nano/miniCart_ros/build/miniCart
[2.178s] Level 1:colcon.colcon_core.environment:create_environment_scripts_only(miniCart)
[2.181s] DEBUG:colcon.colcon_core.event_handler.log_command:Invoked command in '/home/nano/miniCart_ros/build/miniCart' returned '0': CMAKE_PREFIX_PATH=/opt/ros/foxy /usr/bin/cmake --install /home/nano/miniCart_ros/build/miniCart
[2.205s] Level 1:colcon.colcon_core.environment:checking '/home/nano/miniCart_ros/install/miniCart' for CMake module files
[2.207s] Level 1:colcon.colcon_core.environment:checking '/home/nano/miniCart_ros/install/miniCart' for CMake config files
[2.209s] Level 1:colcon.colcon_core.shell:create_environment_hook('miniCart', 'cmake_prefix_path')
[2.216s] INFO:colcon.colcon_core.shell:Creating environment hook '/home/nano/miniCart_ros/install/miniCart/share/miniCart/hook/cmake_prefix_path.ps1'
[2.218s] INFO:colcon.colcon_core.shell:Creating environment descriptor '/home/nano/miniCart_ros/install/miniCart/share/miniCart/hook/cmake_prefix_path.dsv'
[2.220s] INFO:colcon.colcon_core.shell:Creating environment hook '/home/nano/miniCart_ros/install/miniCart/share/miniCart/hook/cmake_prefix_path.sh'
[2.224s] Level 1:colcon.colcon_core.environment:checking '/home/nano/miniCart_ros/install/miniCart/bin'
[2.224s] Level 1:colcon.colcon_core.environment:checking '/home/nano/miniCart_ros/install/miniCart/lib/pkgconfig/miniCart.pc'
[2.225s] Level 1:colcon.colcon_core.environment:checking '/home/nano/miniCart_ros/install/miniCart/lib/python3.8/site-packages'
[2.226s] Level 1:colcon.colcon_core.environment:checking '/home/nano/miniCart_ros/install/miniCart/bin'
[2.232s] INFO:colcon.colcon_core.shell:Creating package script '/home/nano/miniCart_ros/install/miniCart/share/miniCart/package.ps1'
[2.236s] INFO:colcon.colcon_core.shell:Creating package descriptor '/home/nano/miniCart_ros/install/miniCart/share/miniCart/package.dsv'
[2.238s] INFO:colcon.colcon_core.shell:Creating package script '/home/nano/miniCart_ros/install/miniCart/share/miniCart/package.sh'
[2.242s] INFO:colcon.colcon_core.shell:Creating package script '/home/nano/miniCart_ros/install/miniCart/share/miniCart/package.bash'
[2.245s] INFO:colcon.colcon_core.shell:Creating package script '/home/nano/miniCart_ros/install/miniCart/share/miniCart/package.zsh'
[2.248s] Level 1:colcon.colcon_core.environment:create_file_with_runtime_dependencies(/home/nano/miniCart_ros/install/miniCart/share/colcon-core/packages/miniCart)
[2.318s] Level 1:colcon.colcon_core.environment:create_environment_scripts_only(miniCart)
[2.329s] Level 1:colcon.colcon_core.environment:checking '/home/nano/miniCart_ros/install/miniCart' for CMake module files
[2.331s] Level 1:colcon.colcon_core.environment:checking '/home/nano/miniCart_ros/install/miniCart' for CMake config files
[2.333s] Level 1:colcon.colcon_core.shell:create_environment_hook('miniCart', 'cmake_prefix_path')
[2.339s] INFO:colcon.colcon_core.shell:Creating environment hook '/home/nano/miniCart_ros/install/miniCart/share/miniCart/hook/cmake_prefix_path.ps1'
[2.343s] INFO:colcon.colcon_core.shell:Creating environment descriptor '/home/nano/miniCart_ros/install/miniCart/share/miniCart/hook/cmake_prefix_path.dsv'
[2.344s] INFO:colcon.colcon_core.shell:Creating environment hook '/home/nano/miniCart_ros/install/miniCart/share/miniCart/hook/cmake_prefix_path.sh'
[2.346s] Level 1:colcon.colcon_core.environment:checking '/home/nano/miniCart_ros/install/miniCart/bin'
[2.347s] Level 1:colcon.colcon_core.environment:checking '/home/nano/miniCart_ros/install/miniCart/lib/pkgconfig/miniCart.pc'
[2.348s] Level 1:colcon.colcon_core.environment:checking '/home/nano/miniCart_ros/install/miniCart/lib/python3.8/site-packages'
[2.349s] Level 1:colcon.colcon_core.environment:checking '/home/nano/miniCart_ros/install/miniCart/bin'
[2.357s] INFO:colcon.colcon_core.shell:Creating package script '/home/nano/miniCart_ros/install/miniCart/share/miniCart/package.ps1'
[2.360s] INFO:colcon.colcon_core.shell:Creating package descriptor '/home/nano/miniCart_ros/install/miniCart/share/miniCart/package.dsv'
[2.362s] INFO:colcon.colcon_core.shell:Creating package script '/home/nano/miniCart_ros/install/miniCart/share/miniCart/package.sh'
[2.364s] INFO:colcon.colcon_core.shell:Creating package script '/home/nano/miniCart_ros/install/miniCart/share/miniCart/package.bash'
[2.366s] INFO:colcon.colcon_core.shell:Creating package script '/home/nano/miniCart_ros/install/miniCart/share/miniCart/package.zsh'
[2.368s] Level 1:colcon.colcon_core.environment:create_file_with_runtime_dependencies(/home/nano/miniCart_ros/install/miniCart/share/colcon-core/packages/miniCart)
[4.174s] DEBUG:colcon.colcon_core.event_handler.log_command:Invoked command in '/home/nano/miniCart_ros/build/sabertooth_msg' returned '1': CMAKE_PREFIX_PATH=/opt/ros/foxy /usr/bin/cmake /home/nano/miniCart_ros/src/sabertooth_msg -DAMENT_CMAKE_SYMLINK_INSTALL=1 -DCMAKE_INSTALL_PREFIX=/home/nano/miniCart_ros/install/sabertooth_msg
[4.218s] Level 1:colcon.colcon_core.environment:create_environment_scripts_only(sabertooth_msg)
[4.229s] Level 1:colcon.colcon_core.environment:checking '/home/nano/miniCart_ros/install/sabertooth_msg' for CMake module files
[4.231s] Level 1:colcon.colcon_core.environment:checking '/home/nano/miniCart_ros/install/sabertooth_msg' for CMake config files
[4.232s] Level 1:colcon.colcon_core.environment:checking '/home/nano/miniCart_ros/install/sabertooth_msg/bin'
[4.233s] Level 1:colcon.colcon_core.environment:checking '/home/nano/miniCart_ros/install/sabertooth_msg/lib/pkgconfig/sabertooth_msg.pc'
[4.234s] Level 1:colcon.colcon_core.environment:checking '/home/nano/miniCart_ros/install/sabertooth_msg/lib/python3.8/site-packages'
[4.234s] Level 1:colcon.colcon_core.environment:checking '/home/nano/miniCart_ros/install/sabertooth_msg/bin'
[4.241s] INFO:colcon.colcon_core.shell:Creating package script '/home/nano/miniCart_ros/install/sabertooth_msg/share/sabertooth_msg/package.ps1'
[4.242s] INFO:colcon.colcon_core.shell:Creating package descriptor '/home/nano/miniCart_ros/install/sabertooth_msg/share/sabertooth_msg/package.dsv'
[4.243s] INFO:colcon.colcon_core.shell:Creating package script '/home/nano/miniCart_ros/install/sabertooth_msg/share/sabertooth_msg/package.sh'
[4.245s] INFO:colcon.colcon_core.shell:Creating package script '/home/nano/miniCart_ros/install/sabertooth_msg/share/sabertooth_msg/package.bash'
[4.246s] INFO:colcon.colcon_core.shell:Creating package script '/home/nano/miniCart_ros/install/sabertooth_msg/share/sabertooth_msg/package.zsh'
[4.247s] Level 1:colcon.colcon_core.environment:create_file_with_runtime_dependencies(/home/nano/miniCart_ros/install/sabertooth_msg/share/colcon-core/packages/sabertooth_msg)
[4.258s] DEBUG:colcon.colcon_parallel_executor.executor.parallel:closing loop
[4.259s] DEBUG:colcon.colcon_parallel_executor.executor.parallel:loop closed
[4.259s] DEBUG:colcon.colcon_parallel_executor.executor.parallel:run_until_complete finished with '1'
[4.260s] DEBUG:colcon.colcon_core.event_reactor:joining thread
[4.281s] INFO:colcon.colcon_core.plugin_system:Skipping extension 'colcon_notification.desktop_notification.terminal_notifier': Not used on non-Darwin systems
[4.281s] INFO:colcon.colcon_core.plugin_system:Skipping extension 'colcon_notification.desktop_notification.win32': Not used on non-Windows systems
[4.281s] INFO:colcon.colcon_notification.desktop_notification:Sending desktop notification using 'notify2'
[4.295s] DEBUG:colcon.colcon_core.event_reactor:joined thread
[4.303s] INFO:colcon.colcon_core.shell:Creating prefix script '/home/nano/miniCart_ros/install/local_setup.ps1'
[4.307s] INFO:colcon.colcon_core.shell:Creating prefix util module '/home/nano/miniCart_ros/install/_local_setup_util_ps1.py'
[4.313s] INFO:colcon.colcon_core.shell:Creating prefix chain script '/home/nano/miniCart_ros/install/setup.ps1'
[4.319s] INFO:colcon.colcon_core.shell:Creating prefix script '/home/nano/miniCart_ros/install/local_setup.sh'
[4.322s] INFO:colcon.colcon_core.shell:Creating prefix util module '/home/nano/miniCart_ros/install/_local_setup_util_sh.py'
[4.323s] INFO:colcon.colcon_core.shell:Creating prefix chain script '/home/nano/miniCart_ros/install/setup.sh'
[4.329s] INFO:colcon.colcon_core.shell:Creating prefix script '/home/nano/miniCart_ros/install/local_setup.bash'
[4.331s] INFO:colcon.colcon_core.shell:Creating prefix chain script '/home/nano/miniCart_ros/install/setup.bash'
[4.336s] INFO:colcon.colcon_core.shell:Creating prefix script '/home/nano/miniCart_ros/install/local_setup.zsh'
[4.337s] INFO:colcon.colcon_core.shell:Creating prefix chain script '/home/nano/miniCart_ros/install/setup.zsh'
