[0.041s] Invoking command in '/home/nano/miniCart_ros/build/miniCart': CMAKE_PREFIX_PATH=/opt/ros/foxy /usr/bin/cmake /home/nano/miniCart_ros/src/miniCart -DAMENT_CMAKE_SYMLINK_INSTALL=1 -DCMAKE_INSTALL_PREFIX=/home/nano/miniCart_ros/install/miniCart
[0.240s] -- The C compiler identification is GNU 9.4.0
[0.426s] -- The CXX compiler identification is GNU 9.4.0
[0.443s] -- Check for working C compiler: /usr/bin/cc
[0.673s] -- Check for working C compiler: /usr/bin/cc -- works
[0.677s] -- Detecting C compiler ABI info
[0.907s] -- Detecting C compiler ABI info - done
[0.955s] -- Detecting C compile features
[0.956s] -- Detecting C compile features - done
[0.965s] -- Check for working CXX compiler: /usr/bin/c++
[1.230s] -- Check for working CXX compiler: /usr/bin/c++ -- works
[1.234s] -- Detecting CXX compiler ABI info
[1.499s] -- Detecting CXX compiler ABI info - done
[1.547s] -- Detecting CXX compile features
[1.549s] -- Detecting CXX compile features - done
[1.559s] -- Found ament_cmake: 0.9.11 (/opt/ros/foxy/share/ament_cmake/cmake)
[1.624s] -- Found PythonInterp: /usr/bin/python3 (found suitable version "3.8.10", minimum required is "3") 
[1.625s] -- Using PYTHON_EXECUTABLE: /usr/bin/python3
[2.244s] -- Override CMake install command with custom implementation using symlinks instead of copying resources
[2.334s] -- Found ament_lint_auto: 0.9.8 (/opt/ros/foxy/share/ament_lint_auto/cmake)
[2.511s] WARNING: Package name "miniCart" does not follow the naming conventions. It should start with a lower case letter and only contain lower case letters, digits, underscores, and dashes.
[2.623s] -- Added test 'copyright' to check source files copyright and LICENSE
[2.634s] -- Added test 'flake8' to check Python code syntax and style conventions
[2.637s] -- Added test 'lint_cmake' to check CMake code style
[2.639s] -- Added test 'pep257' to check Python code against some of the style conventions in PEP 257
[2.645s] -- Added test 'xmllint' to check XML markup files
[2.655s] -- Configuring done
[2.662s] -- Generating done
[2.667s] -- Build files have been written to: /home/nano/miniCart_ros/build/miniCart
[2.680s] Invoked command in '/home/nano/miniCart_ros/build/miniCart' returned '0': CMAKE_PREFIX_PATH=/opt/ros/foxy /usr/bin/cmake /home/nano/miniCart_ros/src/miniCart -DAMENT_CMAKE_SYMLINK_INSTALL=1 -DCMAKE_INSTALL_PREFIX=/home/nano/miniCart_ros/install/miniCart
[2.689s] Invoking command in '/home/nano/miniCart_ros/build/miniCart': CMAKE_PREFIX_PATH=/opt/ros/foxy /usr/bin/cmake --build /home/nano/miniCart_ros/build/miniCart -- -j4 -l4
[2.820s] Invoked command in '/home/nano/miniCart_ros/build/miniCart' returned '0': CMAKE_PREFIX_PATH=/opt/ros/foxy /usr/bin/cmake --build /home/nano/miniCart_ros/build/miniCart -- -j4 -l4
[2.926s] Invoking command in '/home/nano/miniCart_ros/build/miniCart': CMAKE_PREFIX_PATH=/opt/ros/foxy /usr/bin/cmake --install /home/nano/miniCart_ros/build/miniCart
[2.952s] -- Install configuration: ""
[2.954s] -- Execute custom install script
[2.956s] -- Symlinking: /home/nano/miniCart_ros/install/miniCart/share/miniCart/config/drive_bot.rviz
[2.984s] -- Symlinking: /home/nano/miniCart_ros/install/miniCart/share/miniCart/config/empty.yaml
[3.013s] -- Symlinking: /home/nano/miniCart_ros/install/miniCart/share/miniCart/config/view_bot_rviz.rviz
[3.043s] -- Symlinking: /home/nano/miniCart_ros/install/miniCart/share/miniCart/description/gazebo_control.xacro
[3.073s] -- Symlinking: /home/nano/miniCart_ros/install/miniCart/share/miniCart/description/inertial_macros.xacro
[3.102s] -- Symlinking: /home/nano/miniCart_ros/install/miniCart/share/miniCart/description/robot.urdf.xacro
[3.131s] -- Symlinking: /home/nano/miniCart_ros/install/miniCart/share/miniCart/description/robot_core.xacro
[3.162s] -- Symlinking: /home/nano/miniCart_ros/install/miniCart/share/miniCart/launch/launch_sim.launch.py
[3.191s] -- Symlinking: /home/nano/miniCart_ros/install/miniCart/share/miniCart/launch/rsp.launch.py
[3.222s] -- Symlinking: /home/nano/miniCart_ros/install/miniCart/share/miniCart/worlds/Kitchen.world
[3.255s] -- Symlinking: /home/nano/miniCart_ros/install/miniCart/share/miniCart/worlds/empty.world
[3.283s] -- Symlinking: /home/nano/miniCart_ros/install/miniCart/share/ament_index/resource_index/package_run_dependencies/miniCart
[3.312s] -- Symlinking: /home/nano/miniCart_ros/install/miniCart/share/ament_index/resource_index/parent_prefix_path/miniCart
[3.342s] -- Symlinking: /home/nano/miniCart_ros/install/miniCart/share/miniCart/environment/ament_prefix_path.sh
[3.372s] -- Symlinking: /home/nano/miniCart_ros/install/miniCart/share/miniCart/environment/ament_prefix_path.dsv
[3.402s] -- Symlinking: /home/nano/miniCart_ros/install/miniCart/share/miniCart/environment/path.sh
[3.432s] -- Symlinking: /home/nano/miniCart_ros/install/miniCart/share/miniCart/environment/path.dsv
[3.462s] -- Symlinking: /home/nano/miniCart_ros/install/miniCart/share/miniCart/local_setup.bash
[3.495s] -- Symlinking: /home/nano/miniCart_ros/install/miniCart/share/miniCart/local_setup.sh
[3.528s] -- Symlinking: /home/nano/miniCart_ros/install/miniCart/share/miniCart/local_setup.zsh
[3.558s] -- Symlinking: /home/nano/miniCart_ros/install/miniCart/share/miniCart/local_setup.dsv
[3.587s] -- Symlinking: /home/nano/miniCart_ros/install/miniCart/share/miniCart/package.dsv
[3.618s] -- Symlinking: /home/nano/miniCart_ros/install/miniCart/share/ament_index/resource_index/packages/miniCart
[3.647s] -- Symlinking: /home/nano/miniCart_ros/install/miniCart/share/miniCart/cmake/miniCartConfig.cmake
[3.677s] -- Symlinking: /home/nano/miniCart_ros/install/miniCart/share/miniCart/cmake/miniCartConfig-version.cmake
[3.707s] -- Symlinking: /home/nano/miniCart_ros/install/miniCart/share/miniCart/package.xml
[3.757s] Invoked command in '/home/nano/miniCart_ros/build/miniCart' returned '0': CMAKE_PREFIX_PATH=/opt/ros/foxy /usr/bin/cmake --install /home/nano/miniCart_ros/build/miniCart
