[0.057s] Invoking command in '/home/nano/miniCart_ros/build/miniCart': CMAKE_PREFIX_PATH=/opt/ros/foxy /usr/bin/cmake --build /home/nano/miniCart_ros/build/miniCart -- -j4 -l4
[0.194s] Invoked command in '/home/nano/miniCart_ros/build/miniCart' returned '0': CMAKE_PREFIX_PATH=/opt/ros/foxy /usr/bin/cmake --build /home/nano/miniCart_ros/build/miniCart -- -j4 -l4
[0.301s] Invoking command in '/home/nano/miniCart_ros/build/miniCart': CMAKE_PREFIX_PATH=/opt/ros/foxy /usr/bin/cmake --install /home/nano/miniCart_ros/build/miniCart
[0.336s] -- Install configuration: ""
[0.338s] -- Execute custom install script
[0.340s] -- Up-to-date symlink: /home/nano/miniCart_ros/install/miniCart/share/miniCart/config/drive_bot.rviz
[0.341s] -- Up-to-date symlink: /home/nano/miniCart_ros/install/miniCart/share/miniCart/config/empty.yaml
[0.342s] -- Up-to-date symlink: /home/nano/miniCart_ros/install/miniCart/share/miniCart/config/view_bot_rviz.rviz
[0.343s] -- Up-to-date symlink: /home/nano/miniCart_ros/install/miniCart/share/miniCart/description/gazebo_control.xacro
[0.344s] -- Up-to-date symlink: /home/nano/miniCart_ros/install/miniCart/share/miniCart/description/inertial_macros.xacro
[0.344s] -- Up-to-date symlink: /home/nano/miniCart_ros/install/miniCart/share/miniCart/description/robot.urdf.xacro
[0.345s] -- Up-to-date symlink: /home/nano/miniCart_ros/install/miniCart/share/miniCart/description/robot_core.xacro
[0.347s] -- Up-to-date symlink: /home/nano/miniCart_ros/install/miniCart/share/miniCart/launch/launch_sim.launch.py
[0.347s] -- Up-to-date symlink: /home/nano/miniCart_ros/install/miniCart/share/miniCart/launch/rsp.launch.py
[0.349s] -- Up-to-date symlink: /home/nano/miniCart_ros/install/miniCart/share/miniCart/worlds/Kitchen.world
[0.349s] -- Up-to-date symlink: /home/nano/miniCart_ros/install/miniCart/share/miniCart/worlds/empty.world
[0.351s] -- Up-to-date symlink: /home/nano/miniCart_ros/install/miniCart/share/ament_index/resource_index/package_run_dependencies/miniCart
[0.352s] -- Up-to-date symlink: /home/nano/miniCart_ros/install/miniCart/share/ament_index/resource_index/parent_prefix_path/miniCart
[0.353s] -- Up-to-date symlink: /home/nano/miniCart_ros/install/miniCart/share/miniCart/environment/ament_prefix_path.sh
[0.354s] -- Up-to-date symlink: /home/nano/miniCart_ros/install/miniCart/share/miniCart/environment/ament_prefix_path.dsv
[0.355s] -- Up-to-date symlink: /home/nano/miniCart_ros/install/miniCart/share/miniCart/environment/path.sh
[0.356s] -- Up-to-date symlink: /home/nano/miniCart_ros/install/miniCart/share/miniCart/environment/path.dsv
[0.357s] -- Up-to-date symlink: /home/nano/miniCart_ros/install/miniCart/share/miniCart/local_setup.bash
[0.359s] -- Up-to-date symlink: /home/nano/miniCart_ros/install/miniCart/share/miniCart/local_setup.sh
[0.360s] -- Up-to-date symlink: /home/nano/miniCart_ros/install/miniCart/share/miniCart/local_setup.zsh
[0.361s] -- Up-to-date symlink: /home/nano/miniCart_ros/install/miniCart/share/miniCart/local_setup.dsv
[0.362s] -- Symlinking: /home/nano/miniCart_ros/install/miniCart/share/miniCart/package.dsv
[0.395s] -- Up-to-date symlink: /home/nano/miniCart_ros/install/miniCart/share/ament_index/resource_index/packages/miniCart
[0.396s] -- Up-to-date symlink: /home/nano/miniCart_ros/install/miniCart/share/miniCart/cmake/miniCartConfig.cmake
[0.396s] -- Up-to-date symlink: /home/nano/miniCart_ros/install/miniCart/share/miniCart/cmake/miniCartConfig-version.cmake
[0.398s] -- Up-to-date symlink: /home/nano/miniCart_ros/install/miniCart/share/miniCart/package.xml
[0.406s] Invoked command in '/home/nano/miniCart_ros/build/miniCart' returned '0': CMAKE_PREFIX_PATH=/opt/ros/foxy /usr/bin/cmake --install /home/nano/miniCart_ros/build/miniCart
