-- The C compiler identification is GNU 9.4.0
-- The CXX compiler identification is GNU 9.4.0
-- Check for working C compiler: /usr/bin/cc
-- Check for working C compiler: /usr/bin/cc -- works
-- Detecting C compiler ABI info
-- Detecting C compiler ABI info - done
-- Detecting C compile features
-- Detecting C compile features - done
-- Check for working CXX compiler: /usr/bin/c++
-- Check for working CXX compiler: /usr/bin/c++ -- works
-- Detecting CXX compiler ABI info
-- Detecting CXX compiler ABI info - done
-- Detecting CXX compile features
-- Detecting CXX compile features - done
-- Found ament_cmake: 0.9.11 (/opt/ros/foxy/share/ament_cmake/cmake)
-- Found PythonInterp: /usr/bin/python3 (found suitable version "3.8.10", minimum required is "3") 
-- Using PYTHON_EXECUTABLE: /usr/bin/python3
-- Override CMake install command with custom implementation using symlinks instead of copying resources
-- Found ament_lint_auto: 0.9.8 (/opt/ros/foxy/share/ament_lint_auto/cmake)
WARNING: Package name "miniCart" does not follow the naming conventions. It should start with a lower case letter and only contain lower case letters, digits, underscores, and dashes.
-- Added test 'copyright' to check source files copyright and LICENSE
-- Added test 'cppcheck' to perform static code analysis on C / C++ code
-- Configured cppcheck include dirs: 
-- Configured cppcheck exclude dirs and/or files: 
-- Added test 'cpplint' to check C / C++ code against the Google style
-- Configured cpplint exclude dirs and/or files: 
-- Added test 'flake8' to check Python code syntax and style conventions
-- Added test 'lint_cmake' to check CMake code style
-- Added test 'pep257' to check Python code against some of the style conventions in PEP 257
-- Added test 'uncrustify' to check C / C++ code style
-- Configured uncrustify additional arguments: 
-- Added test 'xmllint' to check XML markup files
-- Configuring done
-- Generating done
-- Build files have been written to: /home/nano/miniCart_ws/build/miniCart
-- Install configuration: ""
-- Execute custom install script
-- Symlinking: /home/nano/miniCart_ws/install/miniCart/share/miniCart/config/drive_bot.rviz
-- Symlinking: /home/nano/miniCart_ws/install/miniCart/share/miniCart/config/empty.yaml
-- Symlinking: /home/nano/miniCart_ws/install/miniCart/share/miniCart/config/view_bot_rviz.rviz
-- Symlinking: /home/nano/miniCart_ws/install/miniCart/share/miniCart/description/gazebo_control.xacro
-- Symlinking: /home/nano/miniCart_ws/install/miniCart/share/miniCart/description/inertial_macros.xacro
-- Symlinking: /home/nano/miniCart_ws/install/miniCart/share/miniCart/description/robot.urdf.xacro
-- Symlinking: /home/nano/miniCart_ws/install/miniCart/share/miniCart/description/robot_core.xacro
-- Symlinking: /home/nano/miniCart_ws/install/miniCart/share/miniCart/launch/launch_sim.launch.py
-- Symlinking: /home/nano/miniCart_ws/install/miniCart/share/miniCart/launch/rsp.launch.py
-- Symlinking: /home/nano/miniCart_ws/install/miniCart/share/miniCart/worlds/Kitchen.world
-- Symlinking: /home/nano/miniCart_ws/install/miniCart/share/miniCart/worlds/empty.world
-- Symlinking: /home/nano/miniCart_ws/install/miniCart/share/ament_index/resource_index/package_run_dependencies/miniCart
-- Symlinking: /home/nano/miniCart_ws/install/miniCart/share/ament_index/resource_index/parent_prefix_path/miniCart
-- Symlinking: /home/nano/miniCart_ws/install/miniCart/share/miniCart/environment/ament_prefix_path.sh
-- Symlinking: /home/nano/miniCart_ws/install/miniCart/share/miniCart/environment/ament_prefix_path.dsv
-- Symlinking: /home/nano/miniCart_ws/install/miniCart/share/miniCart/environment/path.sh
-- Symlinking: /home/nano/miniCart_ws/install/miniCart/share/miniCart/environment/path.dsv
-- Symlinking: /home/nano/miniCart_ws/install/miniCart/share/miniCart/local_setup.bash
-- Symlinking: /home/nano/miniCart_ws/install/miniCart/share/miniCart/local_setup.sh
-- Symlinking: /home/nano/miniCart_ws/install/miniCart/share/miniCart/local_setup.zsh
-- Symlinking: /home/nano/miniCart_ws/install/miniCart/share/miniCart/local_setup.dsv
-- Symlinking: /home/nano/miniCart_ws/install/miniCart/share/miniCart/package.dsv
-- Symlinking: /home/nano/miniCart_ws/install/miniCart/share/ament_index/resource_index/packages/miniCart
-- Symlinking: /home/nano/miniCart_ws/install/miniCart/share/miniCart/cmake/miniCartConfig.cmake
-- Symlinking: /home/nano/miniCart_ws/install/miniCart/share/miniCart/cmake/miniCartConfig-version.cmake
-- Symlinking: /home/nano/miniCart_ws/install/miniCart/share/miniCart/package.xml
