[0.041s] Invoking command in '/home/nano/miniCart_ws/build/miniCart': CMAKE_PREFIX_PATH=/opt/ros/foxy /usr/bin/cmake /home/nano/miniCart_ws/src/miniCart -DAMENT_CMAKE_SYMLINK_INSTALL=1 -DCMAKE_INSTALL_PREFIX=/home/nano/miniCart_ws/install/miniCart
[0.237s] -- The C compiler identification is GNU 9.4.0
[0.421s] -- The CXX compiler identification is GNU 9.4.0
[0.438s] -- Check for working C compiler: /usr/bin/cc
[0.658s] -- Check for working C compiler: /usr/bin/cc -- works
[0.662s] -- Detecting C compiler ABI info
[0.897s] -- Detecting C compiler ABI info - done
[0.946s] -- Detecting C compile features
[0.947s] -- Detecting C compile features - done
[0.957s] -- Check for working CXX compiler: /usr/bin/c++
[1.221s] -- Check for working CXX compiler: /usr/bin/c++ -- works
[1.226s] -- Detecting CXX compiler ABI info
[1.491s] -- Detecting CXX compiler ABI info - done
[1.542s] -- Detecting CXX compile features
[1.543s] -- Detecting CXX compile features - done
[1.553s] -- Found ament_cmake: 0.9.11 (/opt/ros/foxy/share/ament_cmake/cmake)
[1.618s] -- Found PythonInterp: /usr/bin/python3 (found suitable version "3.8.10", minimum required is "3") 
[1.619s] -- Using PYTHON_EXECUTABLE: /usr/bin/python3
[2.220s] -- Override CMake install command with custom implementation using symlinks instead of copying resources
[2.308s] -- Found ament_lint_auto: 0.9.8 (/opt/ros/foxy/share/ament_lint_auto/cmake)
[2.484s] WARNING: Package name "miniCart" does not follow the naming conventions. It should start with a lower case letter and only contain lower case letters, digits, underscores, and dashes.
[2.594s] -- Added test 'copyright' to check source files copyright and LICENSE
[2.654s] -- Added test 'cppcheck' to perform static code analysis on C / C++ code
[2.655s] -- Configured cppcheck include dirs: 
[2.655s] -- Configured cppcheck exclude dirs and/or files: 
[2.714s] -- Added test 'cpplint' to check C / C++ code against the Google style
[2.714s] -- Configured cpplint exclude dirs and/or files: 
[2.723s] -- Added test 'flake8' to check Python code syntax and style conventions
[2.739s] -- Added test 'lint_cmake' to check CMake code style
[2.748s] -- Added test 'pep257' to check Python code against some of the style conventions in PEP 257
[2.806s] -- Added test 'uncrustify' to check C / C++ code style
[2.807s] -- Configured uncrustify additional arguments: 
[2.816s] -- Added test 'xmllint' to check XML markup files
[2.825s] -- Configuring done
[2.833s] -- Generating done
[2.837s] -- Build files have been written to: /home/nano/miniCart_ws/build/miniCart
[2.850s] Invoked command in '/home/nano/miniCart_ws/build/miniCart' returned '0': CMAKE_PREFIX_PATH=/opt/ros/foxy /usr/bin/cmake /home/nano/miniCart_ws/src/miniCart -DAMENT_CMAKE_SYMLINK_INSTALL=1 -DCMAKE_INSTALL_PREFIX=/home/nano/miniCart_ws/install/miniCart
[2.858s] Invoking command in '/home/nano/miniCart_ws/build/miniCart': CMAKE_PREFIX_PATH=/opt/ros/foxy /usr/bin/cmake --build /home/nano/miniCart_ws/build/miniCart -- -j4 -l4
[2.995s] Invoked command in '/home/nano/miniCart_ws/build/miniCart' returned '0': CMAKE_PREFIX_PATH=/opt/ros/foxy /usr/bin/cmake --build /home/nano/miniCart_ws/build/miniCart -- -j4 -l4
[3.088s] Invoking command in '/home/nano/miniCart_ws/build/miniCart': CMAKE_PREFIX_PATH=/opt/ros/foxy /usr/bin/cmake --install /home/nano/miniCart_ws/build/miniCart
[3.114s] -- Install configuration: ""
[3.116s] -- Execute custom install script
[3.118s] -- Symlinking: /home/nano/miniCart_ws/install/miniCart/share/miniCart/config/drive_bot.rviz
[3.146s] -- Symlinking: /home/nano/miniCart_ws/install/miniCart/share/miniCart/config/empty.yaml
[3.175s] -- Symlinking: /home/nano/miniCart_ws/install/miniCart/share/miniCart/config/view_bot_rviz.rviz
[3.204s] -- Symlinking: /home/nano/miniCart_ws/install/miniCart/share/miniCart/description/gazebo_control.xacro
[3.234s] -- Symlinking: /home/nano/miniCart_ws/install/miniCart/share/miniCart/description/inertial_macros.xacro
[3.262s] -- Symlinking: /home/nano/miniCart_ws/install/miniCart/share/miniCart/description/robot.urdf.xacro
[3.291s] -- Symlinking: /home/nano/miniCart_ws/install/miniCart/share/miniCart/description/robot_core.xacro
[3.321s] -- Symlinking: /home/nano/miniCart_ws/install/miniCart/share/miniCart/launch/launch_sim.launch.py
[3.350s] -- Symlinking: /home/nano/miniCart_ws/install/miniCart/share/miniCart/launch/rsp.launch.py
[3.381s] -- Symlinking: /home/nano/miniCart_ws/install/miniCart/share/miniCart/worlds/Kitchen.world
[3.412s] -- Symlinking: /home/nano/miniCart_ws/install/miniCart/share/miniCart/worlds/empty.world
[3.441s] -- Symlinking: /home/nano/miniCart_ws/install/miniCart/share/ament_index/resource_index/package_run_dependencies/miniCart
[3.473s] -- Symlinking: /home/nano/miniCart_ws/install/miniCart/share/ament_index/resource_index/parent_prefix_path/miniCart
[3.503s] -- Symlinking: /home/nano/miniCart_ws/install/miniCart/share/miniCart/environment/ament_prefix_path.sh
[3.532s] -- Symlinking: /home/nano/miniCart_ws/install/miniCart/share/miniCart/environment/ament_prefix_path.dsv
[3.561s] -- Symlinking: /home/nano/miniCart_ws/install/miniCart/share/miniCart/environment/path.sh
[3.590s] -- Symlinking: /home/nano/miniCart_ws/install/miniCart/share/miniCart/environment/path.dsv
[3.620s] -- Symlinking: /home/nano/miniCart_ws/install/miniCart/share/miniCart/local_setup.bash
[3.649s] -- Symlinking: /home/nano/miniCart_ws/install/miniCart/share/miniCart/local_setup.sh
[3.679s] -- Symlinking: /home/nano/miniCart_ws/install/miniCart/share/miniCart/local_setup.zsh
[3.709s] -- Symlinking: /home/nano/miniCart_ws/install/miniCart/share/miniCart/local_setup.dsv
[3.739s] -- Symlinking: /home/nano/miniCart_ws/install/miniCart/share/miniCart/package.dsv
[3.768s] -- Symlinking: /home/nano/miniCart_ws/install/miniCart/share/ament_index/resource_index/packages/miniCart
[3.798s] -- Symlinking: /home/nano/miniCart_ws/install/miniCart/share/miniCart/cmake/miniCartConfig.cmake
[3.828s] -- Symlinking: /home/nano/miniCart_ws/install/miniCart/share/miniCart/cmake/miniCartConfig-version.cmake
[3.857s] -- Symlinking: /home/nano/miniCart_ws/install/miniCart/share/miniCart/package.xml
[3.904s] Invoked command in '/home/nano/miniCart_ws/build/miniCart' returned '0': CMAKE_PREFIX_PATH=/opt/ros/foxy /usr/bin/cmake --install /home/nano/miniCart_ws/build/miniCart
