[0.088s] Invoking command in '/home/nano/miniCart_ros/build/sabertooth_msg': CMAKE_PREFIX_PATH=${CMAKE_PREFIX_PATH}:/home/nano/miniCart_ros/install/motor_controls:/opt/ros/foxy /usr/bin/cmake --build /home/nano/miniCart_ros/build/sabertooth_msg -- -j4 -l4
[0.281s] [  2%] Built target sabertooth_msg__cpp
[0.282s] [ 12%] Built target sabertooth_msg__rosidl_generator_c
[0.365s] [ 23%] Built target sabertooth_msg__rosidl_typesupport_c
[0.371s] [ 38%] Built target sabertooth_msg__rosidl_typesupport_introspection_c
[0.374s] [ 43%] Built target sabertooth_msg__rosidl_typesupport_cpp
[0.388s] [ 53%] Built target sabertooth_msg__rosidl_typesupport_introspection_cpp
[0.456s] [ 64%] Built target sabertooth_msg__rosidl_typesupport_fastrtps_cpp
[0.544s] [ 74%] Built target sabertooth_msg__rosidl_typesupport_fastrtps_c
[0.613s] [ 74%] Built target sabertooth_msg
[0.687s] [ 76%] Built target sabertooth_msg__py
[0.773s] [ 84%] Built target sabertooth_msg__python
[0.863s] [100%] Built target sabertooth_msg__rosidl_typesupport_introspection_c__pyext
[0.863s] [100%] Built target sabertooth_msg__rosidl_typesupport_c__pyext
[0.864s] [100%] Built target sabertooth_msg__rosidl_typesupport_fastrtps_c__pyext
[0.903s] Invoked command in '/home/nano/miniCart_ros/build/sabertooth_msg' returned '0': CMAKE_PREFIX_PATH=${CMAKE_PREFIX_PATH}:/home/nano/miniCart_ros/install/motor_controls:/opt/ros/foxy /usr/bin/cmake --build /home/nano/miniCart_ros/build/sabertooth_msg -- -j4 -l4
[1.088s] Invoking command in '/home/nano/miniCart_ros/build/sabertooth_msg': CMAKE_PREFIX_PATH=${CMAKE_PREFIX_PATH}:/home/nano/miniCart_ros/install/motor_controls:/opt/ros/foxy /usr/bin/cmake --install /home/nano/miniCart_ros/build/sabertooth_msg
[1.117s] -- Install configuration: ""
[1.119s] -- Execute custom install script
[1.120s] -- Up-to-date symlink: /home/nano/miniCart_ros/install/sabertooth_msg/share/ament_index/resource_index/rosidl_interfaces/sabertooth_msg
[1.122s] -- Up-to-date symlink: /home/nano/miniCart_ros/install/sabertooth_msg/include/sabertooth_msg/msg/detail/motor_command__functions.h
[1.123s] -- Up-to-date symlink: /home/nano/miniCart_ros/install/sabertooth_msg/include/sabertooth_msg/msg/detail/motor_command__struct.h
[1.124s] -- Up-to-date symlink: /home/nano/miniCart_ros/install/sabertooth_msg/include/sabertooth_msg/msg/detail/motor_command__type_support.h
[1.124s] -- Up-to-date symlink: /home/nano/miniCart_ros/install/sabertooth_msg/include/sabertooth_msg/msg/detail/speed_vals__functions.h
[1.125s] -- Up-to-date symlink: /home/nano/miniCart_ros/install/sabertooth_msg/include/sabertooth_msg/msg/detail/speed_vals__struct.h
[1.126s] -- Up-to-date symlink: /home/nano/miniCart_ros/install/sabertooth_msg/include/sabertooth_msg/msg/detail/speed_vals__type_support.h
[1.127s] -- Up-to-date symlink: /home/nano/miniCart_ros/install/sabertooth_msg/include/sabertooth_msg/msg/motor_command.h
[1.128s] -- Up-to-date symlink: /home/nano/miniCart_ros/install/sabertooth_msg/include/sabertooth_msg/msg/rosidl_generator_c__visibility_control.h
[1.128s] -- Up-to-date symlink: /home/nano/miniCart_ros/install/sabertooth_msg/include/sabertooth_msg/msg/speed_vals.h
[1.129s] -- Up-to-date symlink: /home/nano/miniCart_ros/install/sabertooth_msg/share/sabertooth_msg/environment/library_path.sh
[1.130s] -- Up-to-date symlink: /home/nano/miniCart_ros/install/sabertooth_msg/share/sabertooth_msg/environment/library_path.dsv
[1.133s] -- Up-to-date symlink: /home/nano/miniCart_ros/install/sabertooth_msg/include/sabertooth_msg/msg/detail/motor_command__rosidl_typesupport_fastrtps_c.h
[1.134s] -- Up-to-date symlink: /home/nano/miniCart_ros/install/sabertooth_msg/include/sabertooth_msg/msg/detail/speed_vals__rosidl_typesupport_fastrtps_c.h
[1.134s] -- Up-to-date symlink: /home/nano/miniCart_ros/install/sabertooth_msg/include/sabertooth_msg/msg/rosidl_typesupport_fastrtps_c__visibility_control.h
[1.136s] -- Up-to-date symlink: /home/nano/miniCart_ros/install/sabertooth_msg/lib/libsabertooth_msg__rosidl_typesupport_fastrtps_c.so
[1.138s] -- Up-to-date symlink: /home/nano/miniCart_ros/install/sabertooth_msg/include/sabertooth_msg/msg/detail/motor_command__rosidl_typesupport_fastrtps_cpp.hpp
[1.139s] -- Up-to-date symlink: /home/nano/miniCart_ros/install/sabertooth_msg/include/sabertooth_msg/msg/detail/speed_vals__rosidl_typesupport_fastrtps_cpp.hpp
[1.140s] -- Up-to-date symlink: /home/nano/miniCart_ros/install/sabertooth_msg/include/sabertooth_msg/msg/rosidl_typesupport_fastrtps_cpp__visibility_control.h
[1.141s] -- Up-to-date symlink: /home/nano/miniCart_ros/install/sabertooth_msg/lib/libsabertooth_msg__rosidl_typesupport_fastrtps_cpp.so
[1.143s] -- Up-to-date symlink: /home/nano/miniCart_ros/install/sabertooth_msg/include/sabertooth_msg/msg/detail/motor_command__rosidl_typesupport_introspection_c.h
[1.144s] -- Up-to-date symlink: /home/nano/miniCart_ros/install/sabertooth_msg/include/sabertooth_msg/msg/detail/speed_vals__rosidl_typesupport_introspection_c.h
[1.145s] -- Up-to-date symlink: /home/nano/miniCart_ros/install/sabertooth_msg/include/sabertooth_msg/msg/rosidl_typesupport_introspection_c__visibility_control.h
[1.147s] -- Up-to-date symlink: /home/nano/miniCart_ros/install/sabertooth_msg/include/sabertooth_msg/msg/detail/motor_command__builder.hpp
[1.147s] -- Up-to-date symlink: /home/nano/miniCart_ros/install/sabertooth_msg/include/sabertooth_msg/msg/detail/motor_command__struct.hpp
[1.148s] -- Up-to-date symlink: /home/nano/miniCart_ros/install/sabertooth_msg/include/sabertooth_msg/msg/detail/motor_command__traits.hpp
[1.149s] -- Up-to-date symlink: /home/nano/miniCart_ros/install/sabertooth_msg/include/sabertooth_msg/msg/detail/speed_vals__builder.hpp
[1.150s] -- Up-to-date symlink: /home/nano/miniCart_ros/install/sabertooth_msg/include/sabertooth_msg/msg/detail/speed_vals__struct.hpp
[1.150s] -- Up-to-date symlink: /home/nano/miniCart_ros/install/sabertooth_msg/include/sabertooth_msg/msg/detail/speed_vals__traits.hpp
[1.151s] -- Up-to-date symlink: /home/nano/miniCart_ros/install/sabertooth_msg/include/sabertooth_msg/msg/motor_command.hpp
[1.152s] -- Up-to-date symlink: /home/nano/miniCart_ros/install/sabertooth_msg/include/sabertooth_msg/msg/speed_vals.hpp
[1.154s] -- Up-to-date symlink: /home/nano/miniCart_ros/install/sabertooth_msg/include/sabertooth_msg/msg/detail/motor_command__rosidl_typesupport_introspection_cpp.hpp
[1.154s] -- Up-to-date symlink: /home/nano/miniCart_ros/install/sabertooth_msg/include/sabertooth_msg/msg/detail/speed_vals__rosidl_typesupport_introspection_cpp.hpp
[1.155s] -- Up-to-date symlink: /home/nano/miniCart_ros/install/sabertooth_msg/share/sabertooth_msg/environment/pythonpath.sh
[1.156s] -- Up-to-date symlink: /home/nano/miniCart_ros/install/sabertooth_msg/share/sabertooth_msg/environment/pythonpath.dsv
[1.157s] -- Up-to-date symlink: /home/nano/miniCart_ros/install/sabertooth_msg/lib/python3.8/site-packages/sabertooth_msg/__init__.py
[1.159s] -- Up-to-date symlink: /home/nano/miniCart_ros/install/sabertooth_msg/lib/python3.8/site-packages/sabertooth_msg/msg/__init__.py
[1.161s] -- Up-to-date symlink: /home/nano/miniCart_ros/install/sabertooth_msg/lib/python3.8/site-packages/sabertooth_msg/msg/_motor_command.py
[1.161s] -- Up-to-date symlink: /home/nano/miniCart_ros/install/sabertooth_msg/lib/python3.8/site-packages/sabertooth_msg/msg/_speed_vals.py
[1.163s] -- Up-to-date symlink: /home/nano/miniCart_ros/install/sabertooth_msg/lib/python3.8/site-packages/sabertooth_msg/sabertooth_msg_s__rosidl_typesupport_fastrtps_c.cpython-38-aarch64-linux-gnu.so
[1.164s] -- Up-to-date symlink: /home/nano/miniCart_ros/install/sabertooth_msg/lib/python3.8/site-packages/sabertooth_msg/sabertooth_msg_s__rosidl_typesupport_introspection_c.cpython-38-aarch64-linux-gnu.so
[1.166s] -- Up-to-date symlink: /home/nano/miniCart_ros/install/sabertooth_msg/lib/python3.8/site-packages/sabertooth_msg/sabertooth_msg_s__rosidl_typesupport_c.cpython-38-aarch64-linux-gnu.so
[1.167s] -- Up-to-date symlink: /home/nano/miniCart_ros/install/sabertooth_msg/lib/libsabertooth_msg__python.so
[1.168s] -- Up-to-date symlink: /home/nano/miniCart_ros/install/sabertooth_msg/share/sabertooth_msg/msg/SpeedVals.idl
[1.169s] -- Up-to-date symlink: /home/nano/miniCart_ros/install/sabertooth_msg/share/sabertooth_msg/msg/MotorCommand.idl
[1.170s] -- Up-to-date symlink: /home/nano/miniCart_ros/install/sabertooth_msg/share/sabertooth_msg/msg/SpeedVals.msg
[1.171s] -- Up-to-date symlink: /home/nano/miniCart_ros/install/sabertooth_msg/share/sabertooth_msg/msg/MotorCommand.msg
[1.172s] -- Up-to-date symlink: /home/nano/miniCart_ros/install/sabertooth_msg/share/ament_index/resource_index/package_run_dependencies/sabertooth_msg
[1.173s] -- Up-to-date symlink: /home/nano/miniCart_ros/install/sabertooth_msg/share/ament_index/resource_index/parent_prefix_path/sabertooth_msg
[1.174s] -- Up-to-date symlink: /home/nano/miniCart_ros/install/sabertooth_msg/share/sabertooth_msg/environment/ament_prefix_path.sh
[1.175s] -- Up-to-date symlink: /home/nano/miniCart_ros/install/sabertooth_msg/share/sabertooth_msg/environment/ament_prefix_path.dsv
[1.176s] -- Up-to-date symlink: /home/nano/miniCart_ros/install/sabertooth_msg/share/sabertooth_msg/environment/path.sh
[1.177s] -- Up-to-date symlink: /home/nano/miniCart_ros/install/sabertooth_msg/share/sabertooth_msg/environment/path.dsv
[1.178s] -- Up-to-date symlink: /home/nano/miniCart_ros/install/sabertooth_msg/share/sabertooth_msg/local_setup.bash
[1.179s] -- Up-to-date symlink: /home/nano/miniCart_ros/install/sabertooth_msg/share/sabertooth_msg/local_setup.sh
[1.180s] -- Up-to-date symlink: /home/nano/miniCart_ros/install/sabertooth_msg/share/sabertooth_msg/local_setup.zsh
[1.181s] -- Up-to-date symlink: /home/nano/miniCart_ros/install/sabertooth_msg/share/sabertooth_msg/local_setup.dsv
[1.182s] -- Symlinking: /home/nano/miniCart_ros/install/sabertooth_msg/share/sabertooth_msg/package.dsv
[1.212s] -- Up-to-date symlink: /home/nano/miniCart_ros/install/sabertooth_msg/share/ament_index/resource_index/packages/sabertooth_msg
[1.213s] -- Up-to-date symlink: /home/nano/miniCart_ros/install/sabertooth_msg/share/sabertooth_msg/cmake/rosidl_cmake-extras.cmake
[1.214s] -- Up-to-date symlink: /home/nano/miniCart_ros/install/sabertooth_msg/share/sabertooth_msg/cmake/ament_cmake_export_dependencies-extras.cmake
[1.215s] -- Up-to-date symlink: /home/nano/miniCart_ros/install/sabertooth_msg/share/sabertooth_msg/cmake/ament_cmake_export_libraries-extras.cmake
[1.216s] -- Up-to-date symlink: /home/nano/miniCart_ros/install/sabertooth_msg/share/sabertooth_msg/cmake/ament_cmake_export_targets-extras.cmake
[1.217s] -- Up-to-date symlink: /home/nano/miniCart_ros/install/sabertooth_msg/share/sabertooth_msg/cmake/ament_cmake_export_include_directories-extras.cmake
[1.218s] -- Up-to-date symlink: /home/nano/miniCart_ros/install/sabertooth_msg/share/sabertooth_msg/cmake/rosidl_cmake_export_typesupport_libraries-extras.cmake
[1.219s] -- Up-to-date symlink: /home/nano/miniCart_ros/install/sabertooth_msg/share/sabertooth_msg/cmake/rosidl_cmake_export_typesupport_targets-extras.cmake
[1.220s] -- Up-to-date symlink: /home/nano/miniCart_ros/install/sabertooth_msg/share/sabertooth_msg/cmake/sabertooth_msgConfig.cmake
[1.221s] -- Up-to-date symlink: /home/nano/miniCart_ros/install/sabertooth_msg/share/sabertooth_msg/cmake/sabertooth_msgConfig-version.cmake
[1.222s] -- Up-to-date symlink: /home/nano/miniCart_ros/install/sabertooth_msg/share/sabertooth_msg/package.xml
[1.223s] -- Up-to-date: /home/nano/miniCart_ros/install/sabertooth_msg/lib/libsabertooth_msg__rosidl_generator_c.so
[1.224s] -- Up-to-date: /home/nano/miniCart_ros/install/sabertooth_msg/lib/libsabertooth_msg__rosidl_typesupport_introspection_c.so
[1.225s] -- Up-to-date: /home/nano/miniCart_ros/install/sabertooth_msg/lib/libsabertooth_msg__rosidl_typesupport_c.so
[1.227s] -- Up-to-date: /home/nano/miniCart_ros/install/sabertooth_msg/lib/libsabertooth_msg__rosidl_typesupport_introspection_cpp.so
[1.228s] -- Up-to-date: /home/nano/miniCart_ros/install/sabertooth_msg/lib/libsabertooth_msg__rosidl_typesupport_cpp.so
[1.361s] -- Up-to-date: /home/nano/miniCart_ros/install/sabertooth_msg/share/sabertooth_msg/cmake/sabertooth_msg__rosidl_generator_cExport.cmake
[1.362s] -- Up-to-date: /home/nano/miniCart_ros/install/sabertooth_msg/share/sabertooth_msg/cmake/sabertooth_msg__rosidl_generator_cExport-noconfig.cmake
[1.362s] -- Up-to-date: /home/nano/miniCart_ros/install/sabertooth_msg/share/sabertooth_msg/cmake/sabertooth_msg__rosidl_typesupport_introspection_cExport.cmake
[1.363s] -- Up-to-date: /home/nano/miniCart_ros/install/sabertooth_msg/share/sabertooth_msg/cmake/sabertooth_msg__rosidl_typesupport_introspection_cExport-noconfig.cmake
[1.363s] -- Up-to-date: /home/nano/miniCart_ros/install/sabertooth_msg/share/sabertooth_msg/cmake/sabertooth_msg__rosidl_typesupport_cExport.cmake
[1.364s] -- Up-to-date: /home/nano/miniCart_ros/install/sabertooth_msg/share/sabertooth_msg/cmake/sabertooth_msg__rosidl_typesupport_cExport-noconfig.cmake
[1.369s] -- Up-to-date: /home/nano/miniCart_ros/install/sabertooth_msg/share/sabertooth_msg/cmake/sabertooth_msg__rosidl_generator_cppExport.cmake
[1.370s] -- Up-to-date: /home/nano/miniCart_ros/install/sabertooth_msg/share/sabertooth_msg/cmake/sabertooth_msg__rosidl_typesupport_introspection_cppExport.cmake
[1.371s] -- Up-to-date: /home/nano/miniCart_ros/install/sabertooth_msg/share/sabertooth_msg/cmake/sabertooth_msg__rosidl_typesupport_introspection_cppExport-noconfig.cmake
[1.371s] -- Up-to-date: /home/nano/miniCart_ros/install/sabertooth_msg/share/sabertooth_msg/cmake/sabertooth_msg__rosidl_typesupport_cppExport.cmake
[1.373s] -- Up-to-date: /home/nano/miniCart_ros/install/sabertooth_msg/share/sabertooth_msg/cmake/sabertooth_msg__rosidl_typesupport_cppExport-noconfig.cmake
[1.385s] Invoked command in '/home/nano/miniCart_ros/build/sabertooth_msg' returned '0': CMAKE_PREFIX_PATH=${CMAKE_PREFIX_PATH}:/home/nano/miniCart_ros/install/motor_controls:/opt/ros/foxy /usr/bin/cmake --install /home/nano/miniCart_ros/build/sabertooth_msg
