[0.057s] Invoking command in '/home/nano/miniCart_ros/build/miniCart': CMAKE_PREFIX_PATH=/opt/ros/foxy /usr/bin/cmake --build /home/nano/miniCart_ros/build/miniCart -- -j4 -l4
[0.191s] Invoked command in '/home/nano/miniCart_ros/build/miniCart' returned '0': CMAKE_PREFIX_PATH=/opt/ros/foxy /usr/bin/cmake --build /home/nano/miniCart_ros/build/miniCart -- -j4 -l4
[0.303s] Invoking command in '/home/nano/miniCart_ros/build/miniCart': CMAKE_PREFIX_PATH=/opt/ros/foxy /usr/bin/cmake --install /home/nano/miniCart_ros/build/miniCart
[0.331s] -- Install configuration: ""
[0.333s] -- Execute custom install script
[0.335s] -- Up-to-date symlink: /home/nano/miniCart_ros/install/miniCart/share/miniCart/config/drive_bot.rviz
[0.336s] -- Up-to-date symlink: /home/nano/miniCart_ros/install/miniCart/share/miniCart/config/empty.yaml
[0.337s] -- Up-to-date symlink: /home/nano/miniCart_ros/install/miniCart/share/miniCart/config/view_bot_rviz.rviz
[0.338s] -- Up-to-date symlink: /home/nano/miniCart_ros/install/miniCart/share/miniCart/description/gazebo_control.xacro
[0.339s] -- Up-to-date symlink: /home/nano/miniCart_ros/install/miniCart/share/miniCart/description/inertial_macros.xacro
[0.340s] -- Up-to-date symlink: /home/nano/miniCart_ros/install/miniCart/share/miniCart/description/robot.urdf.xacro
[0.341s] -- Up-to-date symlink: /home/nano/miniCart_ros/install/miniCart/share/miniCart/description/robot_core.xacro
[0.342s] -- Up-to-date symlink: /home/nano/miniCart_ros/install/miniCart/share/miniCart/launch/launch_sim.launch.py
[0.343s] -- Up-to-date symlink: /home/nano/miniCart_ros/install/miniCart/share/miniCart/launch/rsp.launch.py
[0.344s] -- Up-to-date symlink: /home/nano/miniCart_ros/install/miniCart/share/miniCart/worlds/Kitchen.world
[0.345s] -- Up-to-date symlink: /home/nano/miniCart_ros/install/miniCart/share/miniCart/worlds/empty.world
[0.346s] -- Up-to-date symlink: /home/nano/miniCart_ros/install/miniCart/share/ament_index/resource_index/package_run_dependencies/miniCart
[0.348s] -- Up-to-date symlink: /home/nano/miniCart_ros/install/miniCart/share/ament_index/resource_index/parent_prefix_path/miniCart
[0.349s] -- Up-to-date symlink: /home/nano/miniCart_ros/install/miniCart/share/miniCart/environment/ament_prefix_path.sh
[0.350s] -- Up-to-date symlink: /home/nano/miniCart_ros/install/miniCart/share/miniCart/environment/ament_prefix_path.dsv
[0.351s] -- Up-to-date symlink: /home/nano/miniCart_ros/install/miniCart/share/miniCart/environment/path.sh
[0.352s] -- Up-to-date symlink: /home/nano/miniCart_ros/install/miniCart/share/miniCart/environment/path.dsv
[0.353s] -- Up-to-date symlink: /home/nano/miniCart_ros/install/miniCart/share/miniCart/local_setup.bash
[0.354s] -- Up-to-date symlink: /home/nano/miniCart_ros/install/miniCart/share/miniCart/local_setup.sh
[0.355s] -- Up-to-date symlink: /home/nano/miniCart_ros/install/miniCart/share/miniCart/local_setup.zsh
[0.356s] -- Up-to-date symlink: /home/nano/miniCart_ros/install/miniCart/share/miniCart/local_setup.dsv
[0.357s] -- Symlinking: /home/nano/miniCart_ros/install/miniCart/share/miniCart/package.dsv
[0.389s] -- Up-to-date symlink: /home/nano/miniCart_ros/install/miniCart/share/ament_index/resource_index/packages/miniCart
[0.390s] -- Up-to-date symlink: /home/nano/miniCart_ros/install/miniCart/share/miniCart/cmake/miniCartConfig.cmake
[0.391s] -- Up-to-date symlink: /home/nano/miniCart_ros/install/miniCart/share/miniCart/cmake/miniCartConfig-version.cmake
[0.392s] -- Up-to-date symlink: /home/nano/miniCart_ros/install/miniCart/share/miniCart/package.xml
[0.399s] Invoked command in '/home/nano/miniCart_ros/build/miniCart' returned '0': CMAKE_PREFIX_PATH=/opt/ros/foxy /usr/bin/cmake --install /home/nano/miniCart_ros/build/miniCart
