[0.075s] Invoking command in '/home/nano/miniCart_ros/build/sabertooth_msg': CMAKE_PREFIX_PATH=/opt/ros/foxy /usr/bin/cmake /home/nano/miniCart_ros/src/sabertooth_msg -DAMENT_CMAKE_SYMLINK_INSTALL=1 -DCMAKE_INSTALL_PREFIX=/home/nano/miniCart_ros/install/sabertooth_msg
[0.134s] -- Found ament_cmake: 0.9.11 (/opt/ros/foxy/share/ament_cmake/cmake)
[0.200s] -- Found PythonInterp: /usr/bin/python3 (found suitable version "3.8.10", minimum required is "3") 
[0.201s] -- Using PYTHON_EXECUTABLE: /usr/bin/python3
[0.908s] -- Override CMake install command with custom implementation using symlinks instead of copying resources
[0.934s] -- Found ament_lint_auto: 0.9.8 (/opt/ros/foxy/share/ament_lint_auto/cmake)
[1.168s] -- Found rosidl_default_generators: 1.0.1 (/opt/ros/foxy/share/rosidl_default_generators/cmake)
[1.176s] -- Using all available rosidl_typesupport_c: rosidl_typesupport_fastrtps_c;rosidl_typesupport_introspection_c
[1.190s] -- Found rosidl_adapter: 1.3.0 (/opt/ros/foxy/share/rosidl_adapter/cmake)
[1.721s] -- Using all available rosidl_typesupport_cpp: rosidl_typesupport_fastrtps_cpp;rosidl_typesupport_introspection_cpp
[1.877s] -- Found PythonInterp: /usr/bin/python3 (found version "3.8.10") 
[2.455s] CMake Error at /opt/ros/foxy/share/rosidl_adapter/cmake/rosidl_adapt_interfaces.cmake:60 (message):
[2.456s]   execute_process(/usr/bin/python3 -m rosidl_adapter --package-name
[2.456s]   sabertooth_msg --arguments-file
[2.457s]   /home/nano/miniCart_ros/build/sabertooth_msg/rosidl_adapter__arguments__sabertooth_msg.json
[2.457s]   --output-dir
[2.458s]   /home/nano/miniCart_ros/build/sabertooth_msg/rosidl_adapter/sabertooth_msg
[2.458s]   --output-file
[2.459s]   /home/nano/miniCart_ros/build/sabertooth_msg/rosidl_adapter/sabertooth_msg.idls)
[2.462s]   returned error code 1:
[2.463s] 
[2.463s]   Error processing 'int32 frontLeft_speed' of 'sabertooth_msg/SpeedVals':
[2.464s]   ''frontLeft_speed' is an invalid field name.  It should have the pattern
[2.464s]   '^(?!.*__)(?!.*_$)[a-z][a-z0-9_]*$''
[2.464s] 
[2.465s]   Traceback (most recent call last):
[2.465s] 
[2.465s]     File "/usr/lib/python3.8/runpy.py", line 194, in _run_module_as_main
[2.466s]       return _run_code(code, main_globals, None,
[2.466s]     File "/usr/lib/python3.8/runpy.py", line 87, in _run_code
[2.467s]       exec(code, run_globals)
[2.467s]     File "/opt/ros/foxy/lib/python3.8/site-packages/rosidl_adapter/__main__.py", line 19, in <module>
[2.467s]       sys.exit(main())
[2.468s]     File "/opt/ros/foxy/lib/python3.8/site-packages/rosidl_adapter/main.py", line 53, in main
[2.468s]       abs_idl_file = convert_to_idl(
[2.469s]     File "/opt/ros/foxy/lib/python3.8/site-packages/rosidl_adapter/__init__.py", line 19, in convert_to_idl
[2.469s]       return convert_msg_to_idl(
[2.469s]     File "/opt/ros/foxy/lib/python3.8/site-packages/rosidl_adapter/msg/__init__.py", line 28, in convert_msg_to_idl
[2.470s]       msg = parse_message_string(package_name, input_file.stem, content)
[2.470s]     File "/opt/ros/foxy/lib/python3.8/site-packages/rosidl_adapter/parser.py", line 515, in parse_message_string
[2.470s]       fields.append(Field(
[2.471s]     File "/opt/ros/foxy/lib/python3.8/site-packages/rosidl_adapter/parser.py", line 353, in __init__
[2.471s]       raise NameError(
[2.472s] 
[2.472s]   NameError: 'frontLeft_speed' is an invalid field name.  It should have the
[2.473s]   pattern '^(?!.*__)(?!.*_$)[a-z][a-z0-9_]*$'
[2.473s] 
[2.474s] Call Stack (most recent call first):
[2.474s]   /opt/ros/foxy/share/rosidl_cmake/cmake/rosidl_generate_interfaces.cmake:130 (rosidl_adapt_interfaces)
[2.475s]   CMakeLists.txt:37 (rosidl_generate_interfaces)
[2.475s] 
[2.476s] 
[2.476s] -- Configuring incomplete, errors occurred!
[2.476s] See also "/home/nano/miniCart_ros/build/sabertooth_msg/CMakeFiles/CMakeOutput.log".
[2.479s] Invoked command in '/home/nano/miniCart_ros/build/sabertooth_msg' returned '1': CMAKE_PREFIX_PATH=/opt/ros/foxy /usr/bin/cmake /home/nano/miniCart_ros/src/sabertooth_msg -DAMENT_CMAKE_SYMLINK_INSTALL=1 -DCMAKE_INSTALL_PREFIX=/home/nano/miniCart_ros/install/sabertooth_msg
