[1.195s] DEBUG:colcon:Command line arguments: ['/usr/bin/colcon', 'build', '--symlink-install']
[1.196s] DEBUG:colcon:Parsed command line arguments: Namespace(allow_overriding=[], ament_cmake_args=None, base_paths=['.'], build_base='build', catkin_cmake_args=None, catkin_skip_building_tests=False, cmake_args=None, cmake_clean_cache=False, cmake_clean_first=False, cmake_force_configure=False, cmake_target=None, cmake_target_skip_unavailable=False, continue_on_error=False, event_handlers=None, executor='parallel', ignore_user_meta=False, install_base='install', log_base=None, log_level=None, main=<bound method BuildVerb.main of <colcon_core.verb.build.BuildVerb object at 0x7fa38c8850>>, merge_install=False, metas=['./colcon.meta'], packages_above=None, packages_above_and_dependencies=None, packages_above_depth=None, packages_end=None, packages_ignore=None, packages_ignore_regex=None, packages_select=None, packages_select_build_failed=False, packages_select_by_dep=None, packages_select_regex=None, packages_select_test_failures=False, packages_skip=None, packages_skip_build_finished=False, packages_skip_by_dep=None, packages_skip_regex=None, packages_skip_test_passed=False, packages_skip_up_to=None, packages_start=None, packages_up_to=None, packages_up_to_regex=None, parallel_workers=4, paths=None, symlink_install=True, test_result_base=None, verb_extension=<colcon_core.verb.build.BuildVerb object at 0x7fa38c8850>, verb_name='build', verb_parser=<colcon_defaults.argument_parser.defaults.DefaultArgumentsDecorator object at 0x7fa38c8dc0>)
[1.303s] Level 1:colcon.colcon_core.package_discovery:discover_packages(colcon_meta) check parameters
[1.304s] Level 1:colcon.colcon_core.package_discovery:discover_packages(recursive) check parameters
[1.304s] Level 1:colcon.colcon_core.package_discovery:discover_packages(ignore) check parameters
[1.304s] Level 1:colcon.colcon_core.package_discovery:discover_packages(path) check parameters
[1.304s] Level 1:colcon.colcon_core.package_discovery:discover_packages(colcon_meta) discover
[1.304s] Level 1:colcon.colcon_core.package_discovery:discover_packages(recursive) discover
[1.305s] INFO:colcon.colcon_core.package_discovery:Crawling recursively for packages in '/home/nano/miniCart_ros'
[1.305s] Level 1:colcon.colcon_core.package_identification:_identify(.) by extensions ['ignore', 'ignore_ament_install']
[1.305s] Level 1:colcon.colcon_core.package_identification:_identify(.) by extension 'ignore'
[1.306s] Level 1:colcon.colcon_core.package_identification:_identify(.) by extension 'ignore_ament_install'
[1.306s] Level 1:colcon.colcon_core.package_identification:_identify(.) by extensions ['colcon_pkg']
[1.306s] Level 1:colcon.colcon_core.package_identification:_identify(.) by extension 'colcon_pkg'
[1.306s] Level 1:colcon.colcon_core.package_identification:_identify(.) by extensions ['colcon_meta']
[1.306s] Level 1:colcon.colcon_core.package_identification:_identify(.) by extension 'colcon_meta'
[1.306s] Level 1:colcon.colcon_core.package_identification:_identify(.) by extensions ['ros']
[1.307s] Level 1:colcon.colcon_core.package_identification:_identify(.) by extension 'ros'
[1.390s] Level 1:colcon.colcon_core.package_identification:_identify(.) by extensions ['cmake', 'python']
[1.391s] Level 1:colcon.colcon_core.package_identification:_identify(.) by extension 'cmake'
[1.391s] Level 1:colcon.colcon_core.package_identification:_identify(.) by extension 'python'
[1.391s] Level 1:colcon.colcon_core.package_identification:_identify(.) by extensions ['python_setup_py']
[1.391s] Level 1:colcon.colcon_core.package_identification:_identify(.) by extension 'python_setup_py'
[1.392s] Level 1:colcon.colcon_core.package_identification:_identify(build) by extensions ['ignore', 'ignore_ament_install']
[1.392s] Level 1:colcon.colcon_core.package_identification:_identify(build) by extension 'ignore'
[1.392s] Level 1:colcon.colcon_core.package_identification:_identify(build) ignored
[1.393s] Level 1:colcon.colcon_core.package_identification:_identify(install) by extensions ['ignore', 'ignore_ament_install']
[1.393s] Level 1:colcon.colcon_core.package_identification:_identify(install) by extension 'ignore'
[1.394s] Level 1:colcon.colcon_core.package_identification:_identify(install) ignored
[1.394s] Level 1:colcon.colcon_core.package_identification:_identify(log) by extensions ['ignore', 'ignore_ament_install']
[1.394s] Level 1:colcon.colcon_core.package_identification:_identify(log) by extension 'ignore'
[1.395s] Level 1:colcon.colcon_core.package_identification:_identify(log) ignored
[1.395s] Level 1:colcon.colcon_core.package_identification:_identify(src) by extensions ['ignore', 'ignore_ament_install']
[1.395s] Level 1:colcon.colcon_core.package_identification:_identify(src) by extension 'ignore'
[1.395s] Level 1:colcon.colcon_core.package_identification:_identify(src) by extension 'ignore_ament_install'
[1.396s] Level 1:colcon.colcon_core.package_identification:_identify(src) by extensions ['colcon_pkg']
[1.396s] Level 1:colcon.colcon_core.package_identification:_identify(src) by extension 'colcon_pkg'
[1.396s] Level 1:colcon.colcon_core.package_identification:_identify(src) by extensions ['colcon_meta']
[1.396s] Level 1:colcon.colcon_core.package_identification:_identify(src) by extension 'colcon_meta'
[1.396s] Level 1:colcon.colcon_core.package_identification:_identify(src) by extensions ['ros']
[1.396s] Level 1:colcon.colcon_core.package_identification:_identify(src) by extension 'ros'
[1.397s] Level 1:colcon.colcon_core.package_identification:_identify(src) by extensions ['cmake', 'python']
[1.397s] Level 1:colcon.colcon_core.package_identification:_identify(src) by extension 'cmake'
[1.397s] Level 1:colcon.colcon_core.package_identification:_identify(src) by extension 'python'
[1.397s] Level 1:colcon.colcon_core.package_identification:_identify(src) by extensions ['python_setup_py']
[1.397s] Level 1:colcon.colcon_core.package_identification:_identify(src) by extension 'python_setup_py'
[1.398s] Level 1:colcon.colcon_core.package_identification:_identify(src/miniCart) by extensions ['ignore', 'ignore_ament_install']
[1.398s] Level 1:colcon.colcon_core.package_identification:_identify(src/miniCart) by extension 'ignore'
[1.398s] Level 1:colcon.colcon_core.package_identification:_identify(src/miniCart) by extension 'ignore_ament_install'
[1.399s] Level 1:colcon.colcon_core.package_identification:_identify(src/miniCart) by extensions ['colcon_pkg']
[1.399s] Level 1:colcon.colcon_core.package_identification:_identify(src/miniCart) by extension 'colcon_pkg'
[1.399s] Level 1:colcon.colcon_core.package_identification:_identify(src/miniCart) by extensions ['colcon_meta']
[1.399s] Level 1:colcon.colcon_core.package_identification:_identify(src/miniCart) by extension 'colcon_meta'
[1.399s] Level 1:colcon.colcon_core.package_identification:_identify(src/miniCart) by extensions ['ros']
[1.400s] Level 1:colcon.colcon_core.package_identification:_identify(src/miniCart) by extension 'ros'
[1.409s] DEBUG:colcon.colcon_core.package_identification:Package 'src/miniCart' with type 'ros.ament_cmake' and name 'miniCart'
[1.410s] Level 1:colcon.colcon_core.package_identification:_identify(src/motor_controls) by extensions ['ignore', 'ignore_ament_install']
[1.410s] Level 1:colcon.colcon_core.package_identification:_identify(src/motor_controls) by extension 'ignore'
[1.410s] Level 1:colcon.colcon_core.package_identification:_identify(src/motor_controls) by extension 'ignore_ament_install'
[1.411s] Level 1:colcon.colcon_core.package_identification:_identify(src/motor_controls) by extensions ['colcon_pkg']
[1.411s] Level 1:colcon.colcon_core.package_identification:_identify(src/motor_controls) by extension 'colcon_pkg'
[1.411s] Level 1:colcon.colcon_core.package_identification:_identify(src/motor_controls) by extensions ['colcon_meta']
[1.411s] Level 1:colcon.colcon_core.package_identification:_identify(src/motor_controls) by extension 'colcon_meta'
[1.411s] Level 1:colcon.colcon_core.package_identification:_identify(src/motor_controls) by extensions ['ros']
[1.412s] Level 1:colcon.colcon_core.package_identification:_identify(src/motor_controls) by extension 'ros'
[1.415s] DEBUG:colcon.colcon_core.package_identification:Package 'src/motor_controls' with type 'ros.ament_python' and name 'motor_controls'
[1.415s] Level 1:colcon.colcon_core.package_identification:_identify(src/sabertooth_msg) by extensions ['ignore', 'ignore_ament_install']
[1.416s] Level 1:colcon.colcon_core.package_identification:_identify(src/sabertooth_msg) by extension 'ignore'
[1.416s] Level 1:colcon.colcon_core.package_identification:_identify(src/sabertooth_msg) by extension 'ignore_ament_install'
[1.416s] Level 1:colcon.colcon_core.package_identification:_identify(src/sabertooth_msg) by extensions ['colcon_pkg']
[1.416s] Level 1:colcon.colcon_core.package_identification:_identify(src/sabertooth_msg) by extension 'colcon_pkg'
[1.416s] Level 1:colcon.colcon_core.package_identification:_identify(src/sabertooth_msg) by extensions ['colcon_meta']
[1.417s] Level 1:colcon.colcon_core.package_identification:_identify(src/sabertooth_msg) by extension 'colcon_meta'
[1.417s] Level 1:colcon.colcon_core.package_identification:_identify(src/sabertooth_msg) by extensions ['ros']
[1.417s] Level 1:colcon.colcon_core.package_identification:_identify(src/sabertooth_msg) by extension 'ros'
[1.419s] DEBUG:colcon.colcon_core.package_identification:Package 'src/sabertooth_msg' with type 'ros.ament_cmake' and name 'sabertooth_msg'
[1.420s] Level 1:colcon.colcon_core.package_discovery:discover_packages(recursive) using defaults
[1.420s] Level 1:colcon.colcon_core.package_discovery:discover_packages(ignore) discover
[1.420s] Level 1:colcon.colcon_core.package_discovery:discover_packages(ignore) using defaults
[1.420s] Level 1:colcon.colcon_core.package_discovery:discover_packages(path) discover
[1.420s] Level 1:colcon.colcon_core.package_discovery:discover_packages(path) using defaults
[1.502s] Level 1:colcon.colcon_core.package_discovery:discover_packages(prefix_path) check parameters
[1.502s] Level 1:colcon.colcon_core.package_discovery:discover_packages(prefix_path) discover
[1.513s] DEBUG:colcon.colcon_installed_package_information.package_discovery:Found 3 installed packages in /home/nano/miniCart_ros/install
[1.521s] DEBUG:colcon.colcon_installed_package_information.package_discovery:Found 168 installed packages in /opt/ros/foxy
[1.526s] Level 1:colcon.colcon_core.package_discovery:discover_packages(prefix_path) using defaults
[1.711s] Level 5:colcon.colcon_core.verb:set package 'miniCart' build argument 'cmake_args' from command line to 'None'
[1.711s] Level 5:colcon.colcon_core.verb:set package 'miniCart' build argument 'cmake_target' from command line to 'None'
[1.711s] Level 5:colcon.colcon_core.verb:set package 'miniCart' build argument 'cmake_target_skip_unavailable' from command line to 'False'
[1.711s] Level 5:colcon.colcon_core.verb:set package 'miniCart' build argument 'cmake_clean_cache' from command line to 'False'
[1.712s] Level 5:colcon.colcon_core.verb:set package 'miniCart' build argument 'cmake_clean_first' from command line to 'False'
[1.712s] Level 5:colcon.colcon_core.verb:set package 'miniCart' build argument 'cmake_force_configure' from command line to 'False'
[1.712s] Level 5:colcon.colcon_core.verb:set package 'miniCart' build argument 'ament_cmake_args' from command line to 'None'
[1.712s] Level 5:colcon.colcon_core.verb:set package 'miniCart' build argument 'catkin_cmake_args' from command line to 'None'
[1.712s] Level 5:colcon.colcon_core.verb:set package 'miniCart' build argument 'catkin_skip_building_tests' from command line to 'False'
[1.712s] DEBUG:colcon.colcon_core.verb:Building package 'miniCart' with the following arguments: {'ament_cmake_args': None, 'build_base': '/home/nano/miniCart_ros/build/miniCart', 'catkin_cmake_args': None, 'catkin_skip_building_tests': False, 'cmake_args': None, 'cmake_clean_cache': False, 'cmake_clean_first': False, 'cmake_force_configure': False, 'cmake_target': None, 'cmake_target_skip_unavailable': False, 'install_base': '/home/nano/miniCart_ros/install/miniCart', 'merge_install': False, 'path': '/home/nano/miniCart_ros/src/miniCart', 'symlink_install': True, 'test_result_base': None}
[1.717s] Level 5:colcon.colcon_core.verb:set package 'sabertooth_msg' build argument 'cmake_args' from command line to 'None'
[1.717s] Level 5:colcon.colcon_core.verb:set package 'sabertooth_msg' build argument 'cmake_target' from command line to 'None'
[1.717s] Level 5:colcon.colcon_core.verb:set package 'sabertooth_msg' build argument 'cmake_target_skip_unavailable' from command line to 'False'
[1.718s] Level 5:colcon.colcon_core.verb:set package 'sabertooth_msg' build argument 'cmake_clean_cache' from command line to 'False'
[1.718s] Level 5:colcon.colcon_core.verb:set package 'sabertooth_msg' build argument 'cmake_clean_first' from command line to 'False'
[1.718s] Level 5:colcon.colcon_core.verb:set package 'sabertooth_msg' build argument 'cmake_force_configure' from command line to 'False'
[1.718s] Level 5:colcon.colcon_core.verb:set package 'sabertooth_msg' build argument 'ament_cmake_args' from command line to 'None'
[1.718s] Level 5:colcon.colcon_core.verb:set package 'sabertooth_msg' build argument 'catkin_cmake_args' from command line to 'None'
[1.718s] Level 5:colcon.colcon_core.verb:set package 'sabertooth_msg' build argument 'catkin_skip_building_tests' from command line to 'False'
[1.718s] DEBUG:colcon.colcon_core.verb:Building package 'sabertooth_msg' with the following arguments: {'ament_cmake_args': None, 'build_base': '/home/nano/miniCart_ros/build/sabertooth_msg', 'catkin_cmake_args': None, 'catkin_skip_building_tests': False, 'cmake_args': None, 'cmake_clean_cache': False, 'cmake_clean_first': False, 'cmake_force_configure': False, 'cmake_target': None, 'cmake_target_skip_unavailable': False, 'install_base': '/home/nano/miniCart_ros/install/sabertooth_msg', 'merge_install': False, 'path': '/home/nano/miniCart_ros/src/sabertooth_msg', 'symlink_install': True, 'test_result_base': None}
[1.723s] Level 5:colcon.colcon_core.verb:set package 'motor_controls' build argument 'cmake_args' from command line to 'None'
[1.723s] Level 5:colcon.colcon_core.verb:set package 'motor_controls' build argument 'cmake_target' from command line to 'None'
[1.723s] Level 5:colcon.colcon_core.verb:set package 'motor_controls' build argument 'cmake_target_skip_unavailable' from command line to 'False'
[1.723s] Level 5:colcon.colcon_core.verb:set package 'motor_controls' build argument 'cmake_clean_cache' from command line to 'False'
[1.723s] Level 5:colcon.colcon_core.verb:set package 'motor_controls' build argument 'cmake_clean_first' from command line to 'False'
[1.724s] Level 5:colcon.colcon_core.verb:set package 'motor_controls' build argument 'cmake_force_configure' from command line to 'False'
[1.724s] Level 5:colcon.colcon_core.verb:set package 'motor_controls' build argument 'ament_cmake_args' from command line to 'None'
[1.724s] Level 5:colcon.colcon_core.verb:set package 'motor_controls' build argument 'catkin_cmake_args' from command line to 'None'
[1.724s] Level 5:colcon.colcon_core.verb:set package 'motor_controls' build argument 'catkin_skip_building_tests' from command line to 'False'
[1.724s] DEBUG:colcon.colcon_core.verb:Building package 'motor_controls' with the following arguments: {'ament_cmake_args': None, 'build_base': '/home/nano/miniCart_ros/build/motor_controls', 'catkin_cmake_args': None, 'catkin_skip_building_tests': False, 'cmake_args': None, 'cmake_clean_cache': False, 'cmake_clean_first': False, 'cmake_force_configure': False, 'cmake_target': None, 'cmake_target_skip_unavailable': False, 'install_base': '/home/nano/miniCart_ros/install/motor_controls', 'merge_install': False, 'path': '/home/nano/miniCart_ros/src/motor_controls', 'symlink_install': True, 'test_result_base': None}
[1.727s] INFO:colcon.colcon_core.executor:Executing jobs using 'parallel' executor
[1.743s] DEBUG:colcon.colcon_parallel_executor.executor.parallel:run_until_complete
[1.744s] INFO:colcon.colcon_ros.task.ament_cmake.build:Building ROS package in '/home/nano/miniCart_ros/src/sabertooth_msg' with build type 'ament_cmake'
[1.745s] INFO:colcon.colcon_cmake.task.cmake.build:Building CMake package in '/home/nano/miniCart_ros/src/sabertooth_msg'
[1.763s] INFO:colcon.colcon_core.plugin_system:Skipping extension 'colcon_core.shell.bat': Not used on non-Windows systems
[1.764s] INFO:colcon.colcon_core.shell:Skip shell extension 'powershell' for command environment: Not usable outside of PowerShell
[1.764s] DEBUG:colcon.colcon_core.shell:Skip shell extension 'dsv' for command environment
[1.787s] INFO:colcon.colcon_ros.task.ament_cmake.build:Building ROS package in '/home/nano/miniCart_ros/src/miniCart' with build type 'ament_cmake'
[1.788s] INFO:colcon.colcon_cmake.task.cmake.build:Building CMake package in '/home/nano/miniCart_ros/src/miniCart'
[1.797s] INFO:colcon.colcon_core.shell:Skip shell extension 'powershell' for command environment: Not usable outside of PowerShell
[1.797s] DEBUG:colcon.colcon_core.shell:Skip shell extension 'dsv' for command environment
[1.835s] DEBUG:colcon.colcon_core.event_handler.log_command:Invoking command in '/home/nano/miniCart_ros/build/sabertooth_msg': CMAKE_PREFIX_PATH=${CMAKE_PREFIX_PATH}:/home/nano/miniCart_ros/install/motor_controls:/opt/ros/foxy /usr/bin/cmake --build /home/nano/miniCart_ros/build/sabertooth_msg -- -j4 -l4
[1.862s] DEBUG:colcon.colcon_core.event_handler.log_command:Invoking command in '/home/nano/miniCart_ros/build/miniCart': CMAKE_PREFIX_PATH=${CMAKE_PREFIX_PATH}:/home/nano/miniCart_ros/install/motor_controls:/opt/ros/foxy /usr/bin/cmake --build /home/nano/miniCart_ros/build/miniCart -- -j4 -l4
[1.999s] DEBUG:colcon.colcon_core.event_handler.log_command:Invoked command in '/home/nano/miniCart_ros/build/miniCart' returned '0': CMAKE_PREFIX_PATH=${CMAKE_PREFIX_PATH}:/home/nano/miniCart_ros/install/motor_controls:/opt/ros/foxy /usr/bin/cmake --build /home/nano/miniCart_ros/build/miniCart -- -j4 -l4
[2.173s] DEBUG:colcon.colcon_core.event_handler.log_command:Invoking command in '/home/nano/miniCart_ros/build/miniCart': CMAKE_PREFIX_PATH=${CMAKE_PREFIX_PATH}:/home/nano/miniCart_ros/install/motor_controls:/opt/ros/foxy /usr/bin/cmake --install /home/nano/miniCart_ros/build/miniCart
[2.268s] Level 1:colcon.colcon_core.environment:create_environment_scripts_only(miniCart)
[2.271s] DEBUG:colcon.colcon_core.event_handler.log_command:Invoked command in '/home/nano/miniCart_ros/build/miniCart' returned '0': CMAKE_PREFIX_PATH=${CMAKE_PREFIX_PATH}:/home/nano/miniCart_ros/install/motor_controls:/opt/ros/foxy /usr/bin/cmake --install /home/nano/miniCart_ros/build/miniCart
[2.295s] Level 1:colcon.colcon_core.environment:checking '/home/nano/miniCart_ros/install/miniCart' for CMake module files
[2.298s] Level 1:colcon.colcon_core.environment:checking '/home/nano/miniCart_ros/install/miniCart' for CMake config files
[2.299s] Level 1:colcon.colcon_core.shell:create_environment_hook('miniCart', 'cmake_prefix_path')
[2.307s] INFO:colcon.colcon_core.shell:Creating environment hook '/home/nano/miniCart_ros/install/miniCart/share/miniCart/hook/cmake_prefix_path.ps1'
[2.311s] INFO:colcon.colcon_core.shell:Creating environment descriptor '/home/nano/miniCart_ros/install/miniCart/share/miniCart/hook/cmake_prefix_path.dsv'
[2.313s] INFO:colcon.colcon_core.shell:Creating environment hook '/home/nano/miniCart_ros/install/miniCart/share/miniCart/hook/cmake_prefix_path.sh'
[2.317s] Level 1:colcon.colcon_core.environment:checking '/home/nano/miniCart_ros/install/miniCart/bin'
[2.317s] Level 1:colcon.colcon_core.environment:checking '/home/nano/miniCart_ros/install/miniCart/lib/pkgconfig/miniCart.pc'
[2.318s] Level 1:colcon.colcon_core.environment:checking '/home/nano/miniCart_ros/install/miniCart/lib/python3.8/site-packages'
[2.319s] Level 1:colcon.colcon_core.environment:checking '/home/nano/miniCart_ros/install/miniCart/bin'
[2.327s] INFO:colcon.colcon_core.shell:Creating package script '/home/nano/miniCart_ros/install/miniCart/share/miniCart/package.ps1'
[2.331s] INFO:colcon.colcon_core.shell:Creating package descriptor '/home/nano/miniCart_ros/install/miniCart/share/miniCart/package.dsv'
[2.333s] INFO:colcon.colcon_core.shell:Creating package script '/home/nano/miniCart_ros/install/miniCart/share/miniCart/package.sh'
[2.336s] INFO:colcon.colcon_core.shell:Creating package script '/home/nano/miniCart_ros/install/miniCart/share/miniCart/package.bash'
[2.340s] INFO:colcon.colcon_core.shell:Creating package script '/home/nano/miniCart_ros/install/miniCart/share/miniCart/package.zsh'
[2.344s] Level 1:colcon.colcon_core.environment:create_file_with_runtime_dependencies(/home/nano/miniCart_ros/install/miniCart/share/colcon-core/packages/miniCart)
[2.419s] Level 1:colcon.colcon_core.environment:create_environment_scripts_only(miniCart)
[2.431s] Level 1:colcon.colcon_core.environment:checking '/home/nano/miniCart_ros/install/miniCart' for CMake module files
[2.435s] Level 1:colcon.colcon_core.environment:checking '/home/nano/miniCart_ros/install/miniCart' for CMake config files
[2.436s] Level 1:colcon.colcon_core.shell:create_environment_hook('miniCart', 'cmake_prefix_path')
[2.443s] INFO:colcon.colcon_core.shell:Creating environment hook '/home/nano/miniCart_ros/install/miniCart/share/miniCart/hook/cmake_prefix_path.ps1'
[2.446s] INFO:colcon.colcon_core.shell:Creating environment descriptor '/home/nano/miniCart_ros/install/miniCart/share/miniCart/hook/cmake_prefix_path.dsv'
[2.448s] INFO:colcon.colcon_core.shell:Creating environment hook '/home/nano/miniCart_ros/install/miniCart/share/miniCart/hook/cmake_prefix_path.sh'
[2.450s] Level 1:colcon.colcon_core.environment:checking '/home/nano/miniCart_ros/install/miniCart/bin'
[2.450s] Level 1:colcon.colcon_core.environment:checking '/home/nano/miniCart_ros/install/miniCart/lib/pkgconfig/miniCart.pc'
[2.451s] Level 1:colcon.colcon_core.environment:checking '/home/nano/miniCart_ros/install/miniCart/lib/python3.8/site-packages'
[2.452s] Level 1:colcon.colcon_core.environment:checking '/home/nano/miniCart_ros/install/miniCart/bin'
[2.460s] INFO:colcon.colcon_core.shell:Creating package script '/home/nano/miniCart_ros/install/miniCart/share/miniCart/package.ps1'
[2.462s] INFO:colcon.colcon_core.shell:Creating package descriptor '/home/nano/miniCart_ros/install/miniCart/share/miniCart/package.dsv'
[2.464s] INFO:colcon.colcon_core.shell:Creating package script '/home/nano/miniCart_ros/install/miniCart/share/miniCart/package.sh'
[2.466s] INFO:colcon.colcon_core.shell:Creating package script '/home/nano/miniCart_ros/install/miniCart/share/miniCart/package.bash'
[2.468s] INFO:colcon.colcon_core.shell:Creating package script '/home/nano/miniCart_ros/install/miniCart/share/miniCart/package.zsh'
[2.470s] Level 1:colcon.colcon_core.environment:create_file_with_runtime_dependencies(/home/nano/miniCart_ros/install/miniCart/share/colcon-core/packages/miniCart)
[2.649s] DEBUG:colcon.colcon_core.event_handler.log_command:Invoked command in '/home/nano/miniCart_ros/build/sabertooth_msg' returned '0': CMAKE_PREFIX_PATH=${CMAKE_PREFIX_PATH}:/home/nano/miniCart_ros/install/motor_controls:/opt/ros/foxy /usr/bin/cmake --build /home/nano/miniCart_ros/build/sabertooth_msg -- -j4 -l4
[2.834s] DEBUG:colcon.colcon_core.event_handler.log_command:Invoking command in '/home/nano/miniCart_ros/build/sabertooth_msg': CMAKE_PREFIX_PATH=${CMAKE_PREFIX_PATH}:/home/nano/miniCart_ros/install/motor_controls:/opt/ros/foxy /usr/bin/cmake --install /home/nano/miniCart_ros/build/sabertooth_msg
[3.120s] Level 1:colcon.colcon_core.environment:create_environment_scripts_only(sabertooth_msg)
[3.131s] Level 1:colcon.colcon_core.environment:checking '/home/nano/miniCart_ros/install/sabertooth_msg' for CMake module files
[3.131s] DEBUG:colcon.colcon_core.event_handler.log_command:Invoked command in '/home/nano/miniCart_ros/build/sabertooth_msg' returned '0': CMAKE_PREFIX_PATH=${CMAKE_PREFIX_PATH}:/home/nano/miniCart_ros/install/motor_controls:/opt/ros/foxy /usr/bin/cmake --install /home/nano/miniCart_ros/build/sabertooth_msg
[3.135s] Level 1:colcon.colcon_core.environment:checking '/home/nano/miniCart_ros/install/sabertooth_msg' for CMake config files
[3.139s] Level 1:colcon.colcon_core.shell:create_environment_hook('sabertooth_msg', 'cmake_prefix_path')
[3.145s] INFO:colcon.colcon_core.shell:Creating environment hook '/home/nano/miniCart_ros/install/sabertooth_msg/share/sabertooth_msg/hook/cmake_prefix_path.ps1'
[3.147s] INFO:colcon.colcon_core.shell:Creating environment descriptor '/home/nano/miniCart_ros/install/sabertooth_msg/share/sabertooth_msg/hook/cmake_prefix_path.dsv'
[3.149s] INFO:colcon.colcon_core.shell:Creating environment hook '/home/nano/miniCart_ros/install/sabertooth_msg/share/sabertooth_msg/hook/cmake_prefix_path.sh'
[3.151s] Level 1:colcon.colcon_core.environment:checking '/home/nano/miniCart_ros/install/sabertooth_msg/lib'
[3.152s] Level 1:colcon.colcon_core.shell:create_environment_hook('sabertooth_msg', 'ld_library_path_lib')
[3.159s] INFO:colcon.colcon_core.shell:Creating environment hook '/home/nano/miniCart_ros/install/sabertooth_msg/share/sabertooth_msg/hook/ld_library_path_lib.ps1'
[3.161s] INFO:colcon.colcon_core.shell:Creating environment descriptor '/home/nano/miniCart_ros/install/sabertooth_msg/share/sabertooth_msg/hook/ld_library_path_lib.dsv'
[3.162s] INFO:colcon.colcon_core.shell:Creating environment hook '/home/nano/miniCart_ros/install/sabertooth_msg/share/sabertooth_msg/hook/ld_library_path_lib.sh'
[3.163s] Level 1:colcon.colcon_core.environment:checking '/home/nano/miniCart_ros/install/sabertooth_msg/bin'
[3.164s] Level 1:colcon.colcon_core.environment:checking '/home/nano/miniCart_ros/install/sabertooth_msg/lib/pkgconfig/sabertooth_msg.pc'
[3.165s] Level 1:colcon.colcon_core.environment:checking '/home/nano/miniCart_ros/install/sabertooth_msg/lib/python3.8/site-packages'
[3.165s] Level 1:colcon.colcon_core.shell:create_environment_hook('sabertooth_msg', 'pythonpath')
[3.171s] INFO:colcon.colcon_core.shell:Creating environment hook '/home/nano/miniCart_ros/install/sabertooth_msg/share/sabertooth_msg/hook/pythonpath.ps1'
[3.173s] INFO:colcon.colcon_core.shell:Creating environment descriptor '/home/nano/miniCart_ros/install/sabertooth_msg/share/sabertooth_msg/hook/pythonpath.dsv'
[3.174s] INFO:colcon.colcon_core.shell:Creating environment hook '/home/nano/miniCart_ros/install/sabertooth_msg/share/sabertooth_msg/hook/pythonpath.sh'
[3.176s] Level 1:colcon.colcon_core.environment:checking '/home/nano/miniCart_ros/install/sabertooth_msg/bin'
[3.186s] INFO:colcon.colcon_core.shell:Creating package script '/home/nano/miniCart_ros/install/sabertooth_msg/share/sabertooth_msg/package.ps1'
[3.189s] INFO:colcon.colcon_core.shell:Creating package descriptor '/home/nano/miniCart_ros/install/sabertooth_msg/share/sabertooth_msg/package.dsv'
[3.190s] INFO:colcon.colcon_core.shell:Creating package script '/home/nano/miniCart_ros/install/sabertooth_msg/share/sabertooth_msg/package.sh'
[3.192s] INFO:colcon.colcon_core.shell:Creating package script '/home/nano/miniCart_ros/install/sabertooth_msg/share/sabertooth_msg/package.bash'
[3.193s] INFO:colcon.colcon_core.shell:Creating package script '/home/nano/miniCart_ros/install/sabertooth_msg/share/sabertooth_msg/package.zsh'
[3.195s] Level 1:colcon.colcon_core.environment:create_file_with_runtime_dependencies(/home/nano/miniCart_ros/install/sabertooth_msg/share/colcon-core/packages/sabertooth_msg)
[3.377s] Level 1:colcon.colcon_core.environment:create_environment_scripts_only(sabertooth_msg)
[3.387s] Level 1:colcon.colcon_core.environment:checking '/home/nano/miniCart_ros/install/sabertooth_msg' for CMake module files
[3.390s] Level 1:colcon.colcon_core.environment:checking '/home/nano/miniCart_ros/install/sabertooth_msg' for CMake config files
[3.393s] Level 1:colcon.colcon_core.shell:create_environment_hook('sabertooth_msg', 'cmake_prefix_path')
[3.400s] INFO:colcon.colcon_core.shell:Creating environment hook '/home/nano/miniCart_ros/install/sabertooth_msg/share/sabertooth_msg/hook/cmake_prefix_path.ps1'
[3.402s] INFO:colcon.colcon_core.shell:Creating environment descriptor '/home/nano/miniCart_ros/install/sabertooth_msg/share/sabertooth_msg/hook/cmake_prefix_path.dsv'
[3.403s] INFO:colcon.colcon_core.shell:Creating environment hook '/home/nano/miniCart_ros/install/sabertooth_msg/share/sabertooth_msg/hook/cmake_prefix_path.sh'
[3.405s] Level 1:colcon.colcon_core.environment:checking '/home/nano/miniCart_ros/install/sabertooth_msg/lib'
[3.405s] Level 1:colcon.colcon_core.shell:create_environment_hook('sabertooth_msg', 'ld_library_path_lib')
[3.412s] INFO:colcon.colcon_core.shell:Creating environment hook '/home/nano/miniCart_ros/install/sabertooth_msg/share/sabertooth_msg/hook/ld_library_path_lib.ps1'
[3.413s] INFO:colcon.colcon_core.shell:Creating environment descriptor '/home/nano/miniCart_ros/install/sabertooth_msg/share/sabertooth_msg/hook/ld_library_path_lib.dsv'
[3.414s] INFO:colcon.colcon_core.shell:Creating environment hook '/home/nano/miniCart_ros/install/sabertooth_msg/share/sabertooth_msg/hook/ld_library_path_lib.sh'
[3.416s] Level 1:colcon.colcon_core.environment:checking '/home/nano/miniCart_ros/install/sabertooth_msg/bin'
[3.416s] Level 1:colcon.colcon_core.environment:checking '/home/nano/miniCart_ros/install/sabertooth_msg/lib/pkgconfig/sabertooth_msg.pc'
[3.417s] Level 1:colcon.colcon_core.environment:checking '/home/nano/miniCart_ros/install/sabertooth_msg/lib/python3.8/site-packages'
[3.418s] Level 1:colcon.colcon_core.shell:create_environment_hook('sabertooth_msg', 'pythonpath')
[3.424s] INFO:colcon.colcon_core.shell:Creating environment hook '/home/nano/miniCart_ros/install/sabertooth_msg/share/sabertooth_msg/hook/pythonpath.ps1'
[3.426s] INFO:colcon.colcon_core.shell:Creating environment descriptor '/home/nano/miniCart_ros/install/sabertooth_msg/share/sabertooth_msg/hook/pythonpath.dsv'
[3.427s] INFO:colcon.colcon_core.shell:Creating environment hook '/home/nano/miniCart_ros/install/sabertooth_msg/share/sabertooth_msg/hook/pythonpath.sh'
[3.429s] Level 1:colcon.colcon_core.environment:checking '/home/nano/miniCart_ros/install/sabertooth_msg/bin'
[3.436s] INFO:colcon.colcon_core.shell:Creating package script '/home/nano/miniCart_ros/install/sabertooth_msg/share/sabertooth_msg/package.ps1'
[3.438s] INFO:colcon.colcon_core.shell:Creating package descriptor '/home/nano/miniCart_ros/install/sabertooth_msg/share/sabertooth_msg/package.dsv'
[3.441s] INFO:colcon.colcon_core.shell:Creating package script '/home/nano/miniCart_ros/install/sabertooth_msg/share/sabertooth_msg/package.sh'
[3.443s] INFO:colcon.colcon_core.shell:Creating package script '/home/nano/miniCart_ros/install/sabertooth_msg/share/sabertooth_msg/package.bash'
[3.444s] INFO:colcon.colcon_core.shell:Creating package script '/home/nano/miniCart_ros/install/sabertooth_msg/share/sabertooth_msg/package.zsh'
[3.445s] Level 1:colcon.colcon_core.environment:create_file_with_runtime_dependencies(/home/nano/miniCart_ros/install/sabertooth_msg/share/colcon-core/packages/sabertooth_msg)
[3.447s] INFO:colcon.colcon_ros.task.ament_python.build:Building ROS package in '/home/nano/miniCart_ros/src/motor_controls' with build type 'ament_python'
[3.447s] Level 1:colcon.colcon_core.shell:create_environment_hook('motor_controls', 'ament_prefix_path')
[3.456s] INFO:colcon.colcon_core.shell:Creating environment hook '/home/nano/miniCart_ros/install/motor_controls/share/motor_controls/hook/ament_prefix_path.ps1'
[3.458s] INFO:colcon.colcon_core.shell:Creating environment descriptor '/home/nano/miniCart_ros/install/motor_controls/share/motor_controls/hook/ament_prefix_path.dsv'
[3.461s] INFO:colcon.colcon_core.shell:Creating environment hook '/home/nano/miniCart_ros/install/motor_controls/share/motor_controls/hook/ament_prefix_path.sh'
[3.469s] INFO:colcon.colcon_core.shell:Skip shell extension 'powershell' for command environment: Not usable outside of PowerShell
[3.470s] DEBUG:colcon.colcon_core.shell:Skip shell extension 'dsv' for command environment
[4.318s] INFO:colcon.colcon_core.task.python.build:Building Python package in '/home/nano/miniCart_ros/src/motor_controls'
[4.326s] INFO:colcon.colcon_core.shell:Skip shell extension 'powershell' for command environment: Not usable outside of PowerShell
[4.326s] DEBUG:colcon.colcon_core.shell:Skip shell extension 'dsv' for command environment
[5.688s] DEBUG:colcon.colcon_core.event_handler.log_command:Invoking command in '/home/nano/miniCart_ros/build/motor_controls': PYTHONPATH=/home/nano/miniCart_ros/build/motor_controls/prefix_override:/home/nano/miniCart_ros/install/motor_controls/lib/python3.8/site-packages:/home/nano/miniCart_ros/install/sabertooth_msg/lib/python3.8/site-packages:/home/nano/miniCart_ros/build/motor_controls:/home/nano/miniCart_ros/install/motor_controls/lib/python3.8/site-packages:/opt/ros/foxy/lib/python3.8/site-packages /usr/bin/python3 setup.py develop --editable --build-directory /home/nano/miniCart_ros/build/motor_controls/build --no-deps install_data
[7.234s] Level 1:colcon.colcon_core.shell:create_environment_hook('motor_controls', 'pythonpath_develop')
[7.246s] INFO:colcon.colcon_core.shell:Creating environment hook '/home/nano/miniCart_ros/build/motor_controls/share/motor_controls/hook/pythonpath_develop.ps1'
[7.247s] DEBUG:colcon.colcon_core.event_handler.log_command:Invoked command in '/home/nano/miniCart_ros/build/motor_controls' returned '0': PYTHONPATH=/home/nano/miniCart_ros/build/motor_controls/prefix_override:/home/nano/miniCart_ros/install/motor_controls/lib/python3.8/site-packages:/home/nano/miniCart_ros/install/sabertooth_msg/lib/python3.8/site-packages:/home/nano/miniCart_ros/build/motor_controls:/home/nano/miniCart_ros/install/motor_controls/lib/python3.8/site-packages:/opt/ros/foxy/lib/python3.8/site-packages /usr/bin/python3 setup.py develop --editable --build-directory /home/nano/miniCart_ros/build/motor_controls/build --no-deps install_data
[7.250s] INFO:colcon.colcon_core.shell:Creating environment descriptor '/home/nano/miniCart_ros/build/motor_controls/share/motor_controls/hook/pythonpath_develop.dsv'
[7.251s] INFO:colcon.colcon_core.shell:Creating environment hook '/home/nano/miniCart_ros/build/motor_controls/share/motor_controls/hook/pythonpath_develop.sh'
[7.263s] Level 1:colcon.colcon_core.environment:checking '/home/nano/miniCart_ros/install/motor_controls' for CMake module files
[7.265s] Level 1:colcon.colcon_core.environment:checking '/home/nano/miniCart_ros/install/motor_controls' for CMake config files
[7.267s] Level 1:colcon.colcon_core.environment:checking '/home/nano/miniCart_ros/install/motor_controls/lib'
[7.268s] Level 1:colcon.colcon_core.environment:checking '/home/nano/miniCart_ros/install/motor_controls/bin'
[7.268s] Level 1:colcon.colcon_core.environment:checking '/home/nano/miniCart_ros/install/motor_controls/lib/pkgconfig/motor_controls.pc'
[7.269s] Level 1:colcon.colcon_core.environment:checking '/home/nano/miniCart_ros/install/motor_controls/lib/python3.8/site-packages'
[7.269s] Level 1:colcon.colcon_core.shell:create_environment_hook('motor_controls', 'pythonpath')
[7.276s] INFO:colcon.colcon_core.shell:Creating environment hook '/home/nano/miniCart_ros/install/motor_controls/share/motor_controls/hook/pythonpath.ps1'
[7.278s] INFO:colcon.colcon_core.shell:Creating environment descriptor '/home/nano/miniCart_ros/install/motor_controls/share/motor_controls/hook/pythonpath.dsv'
[7.279s] INFO:colcon.colcon_core.shell:Creating environment hook '/home/nano/miniCart_ros/install/motor_controls/share/motor_controls/hook/pythonpath.sh'
[7.281s] Level 1:colcon.colcon_core.environment:checking '/home/nano/miniCart_ros/install/motor_controls/bin'
[7.281s] Level 1:colcon.colcon_core.environment:create_environment_scripts_only(motor_controls)
[7.288s] INFO:colcon.colcon_core.shell:Creating package script '/home/nano/miniCart_ros/install/motor_controls/share/motor_controls/package.ps1'
[7.291s] INFO:colcon.colcon_core.shell:Creating package descriptor '/home/nano/miniCart_ros/install/motor_controls/share/motor_controls/package.dsv'
[7.293s] INFO:colcon.colcon_core.shell:Creating package script '/home/nano/miniCart_ros/install/motor_controls/share/motor_controls/package.sh'
[7.294s] INFO:colcon.colcon_core.shell:Creating package script '/home/nano/miniCart_ros/install/motor_controls/share/motor_controls/package.bash'
[7.296s] INFO:colcon.colcon_core.shell:Creating package script '/home/nano/miniCart_ros/install/motor_controls/share/motor_controls/package.zsh'
[7.297s] Level 1:colcon.colcon_core.environment:create_file_with_runtime_dependencies(/home/nano/miniCart_ros/install/motor_controls/share/colcon-core/packages/motor_controls)
[7.298s] DEBUG:colcon.colcon_parallel_executor.executor.parallel:closing loop
[7.299s] DEBUG:colcon.colcon_parallel_executor.executor.parallel:loop closed
[7.299s] DEBUG:colcon.colcon_parallel_executor.executor.parallel:run_until_complete finished with '0'
[7.300s] DEBUG:colcon.colcon_core.event_reactor:joining thread
[7.323s] INFO:colcon.colcon_core.plugin_system:Skipping extension 'colcon_notification.desktop_notification.terminal_notifier': Not used on non-Darwin systems
[7.323s] INFO:colcon.colcon_core.plugin_system:Skipping extension 'colcon_notification.desktop_notification.win32': Not used on non-Windows systems
[7.323s] INFO:colcon.colcon_notification.desktop_notification:Sending desktop notification using 'notify2'
[7.337s] DEBUG:colcon.colcon_core.event_reactor:joined thread
[7.345s] INFO:colcon.colcon_core.shell:Creating prefix script '/home/nano/miniCart_ros/install/local_setup.ps1'
[7.349s] INFO:colcon.colcon_core.shell:Creating prefix util module '/home/nano/miniCart_ros/install/_local_setup_util_ps1.py'
[7.356s] INFO:colcon.colcon_core.shell:Creating prefix chain script '/home/nano/miniCart_ros/install/setup.ps1'
[7.362s] INFO:colcon.colcon_core.shell:Creating prefix script '/home/nano/miniCart_ros/install/local_setup.sh'
[7.365s] INFO:colcon.colcon_core.shell:Creating prefix util module '/home/nano/miniCart_ros/install/_local_setup_util_sh.py'
[7.367s] INFO:colcon.colcon_core.shell:Creating prefix chain script '/home/nano/miniCart_ros/install/setup.sh'
[7.373s] INFO:colcon.colcon_core.shell:Creating prefix script '/home/nano/miniCart_ros/install/local_setup.bash'
[7.375s] INFO:colcon.colcon_core.shell:Creating prefix chain script '/home/nano/miniCart_ros/install/setup.bash'
[7.380s] INFO:colcon.colcon_core.shell:Creating prefix script '/home/nano/miniCart_ros/install/local_setup.zsh'
[7.382s] INFO:colcon.colcon_core.shell:Creating prefix chain script '/home/nano/miniCart_ros/install/setup.zsh'
